2024-06-08 20:52:05,175 : INFO : Start of Prediction
2024-06-08 20:52:05,176 : INFO : run_id:2024-06-08_205205_366177643
2024-06-08 20:52:05,176 : INFO : Start of Data Load, validation and transformation
2024-06-08 20:52:05,176 : INFO : Start of Archiving Old Rejected Files...
2024-06-08 20:52:05,177 : INFO : End of Archiving Old Rejected Files...
2024-06-08 20:52:05,178 : INFO : Start of Archiving Old Validated Files...
2024-06-08 20:52:05,181 : INFO : End of Archiving Old Validated Files...
2024-06-08 20:52:05,181 : INFO : Start of Archiving Old Processed Files...
2024-06-08 20:52:05,185 : INFO : End of Archiving Old Processed Files...
2024-06-08 20:52:05,186 : INFO : Start of Archiving Old Result Files...
2024-06-08 20:52:05,189 : INFO : End of Archiving Old Result Files...
2024-06-08 20:52:05,189 : INFO : Start of Reading values From Schema...
2024-06-08 20:52:05,224 : INFO : End of Reading values From Schema...
2024-06-08 20:52:05,224 : INFO : Start of Validating Column Length...
2024-06-08 20:52:05,228 : INFO : End of Validating Column Length...
2024-06-08 20:52:05,228 : INFO : Start of Validating Missing Values...
2024-06-08 20:52:05,232 : INFO : End of Validating Missing Values...
2024-06-08 20:52:05,232 : INFO : Start of Replacing Missing Values with NULL...
2024-06-08 20:52:05,239 : INFO : hr_employee_churn_data_predict3.csv: File Transformed successfully!!
2024-06-08 20:52:05,239 : INFO : End of Replacing Missing Values with NULL...
2024-06-08 20:52:05,239 : INFO : Start of Creating Table...
2024-06-08 20:52:05,243 : INFO : Opened prediction database successfully
2024-06-08 20:52:05,258 : INFO : CREATE TABLE prediction_raw_data_t column_name
2024-06-08 20:52:05,262 : INFO : ALTER TABLE prediction_raw_data_t ADD COLUMN
2024-06-08 20:52:05,264 : INFO : ALTER TABLE prediction_raw_data_t ADD COLUMN
2024-06-08 20:52:05,267 : INFO : ALTER TABLE prediction_raw_data_t ADD COLUMN
2024-06-08 20:52:05,270 : INFO : ALTER TABLE prediction_raw_data_t ADD COLUMN
2024-06-08 20:52:05,273 : INFO : ALTER TABLE prediction_raw_data_t ADD COLUMN
2024-06-08 20:52:05,275 : INFO : ALTER TABLE prediction_raw_data_t ADD COLUMN
2024-06-08 20:52:05,278 : INFO : ALTER TABLE prediction_raw_data_t ADD COLUMN
2024-06-08 20:52:05,280 : INFO : ALTER TABLE prediction_raw_data_t ADD COLUMN
2024-06-08 20:52:05,281 : INFO : End of Creating Table...
2024-06-08 20:52:05,282 : INFO : Opened prediction database successfully
2024-06-08 20:52:05,282 : INFO : Start of Inserting Data into Table...
2024-06-08 20:52:05,302 : INFO : End of Inserting Data into Table...
2024-06-08 20:52:05,302 : INFO : Start of Exporting Data into CSV...
2024-06-08 20:52:05,332 : INFO : Opened prediction database successfully
2024-06-08 20:52:05,335 : INFO : End of Exporting Data into CSV...
2024-06-08 20:52:05,336 : INFO : Start of Moving Processed Files...
2024-06-08 20:52:05,337 : INFO : Moved the already processed file hr_employee_churn_data_predict3.csv
2024-06-08 20:52:05,337 : INFO : End of Moving Processed Files...
2024-06-08 20:52:05,337 : INFO : End of Data Load, validation and transformation
2024-06-08 20:52:05,337 : INFO : Start of Preprocessing...
2024-06-08 20:52:05,337 : INFO : Start of reading dataset...
2024-06-08 20:52:05,370 : INFO : End of reading dataset...
2024-06-08 20:52:05,370 : INFO : Start of feature encoding...
2024-06-08 20:52:05,373 : INFO : End of feature encoding...
2024-06-08 20:52:05,373 : INFO : Start of Droping Columns...
2024-06-08 20:52:05,376 : INFO : End of Droping Columns...
2024-06-08 20:52:05,376 : INFO : Start of finding missing values...
2024-06-08 20:52:05,376 : INFO : End of finding missing values...
2024-06-08 20:52:05,376 : INFO : Start of building final predictset...
2024-06-08 20:52:05,829 : INFO : End of building final predictset...
2024-06-08 20:52:05,830 : INFO : End of Preprocessing...
2024-06-08 20:52:05,830 : INFO : Start of Load Model
2024-06-08 20:52:05,830 : INFO : Model File KMeans loaded
2024-06-08 20:52:05,830 : INFO : End of Load Model
2024-06-08 20:52:05,838 : INFO : clusters loop started
2024-06-08 20:52:05,840 : INFO : Start of finding correct model
2024-06-08 20:52:05,840 : INFO : End of finding correct model
2024-06-08 20:52:05,840 : INFO : Start of Load Model
2024-06-08 20:52:05,840 : INFO : Model File XGBoost1 loaded
2024-06-08 20:52:05,840 : INFO : End of Load Model
2024-06-08 20:52:05,855 : INFO : clusters loop started
2024-06-08 20:52:05,856 : INFO : Start of finding correct model
2024-06-08 20:52:05,857 : INFO : End of finding correct model
2024-06-08 20:52:05,857 : INFO : Start of Load Model
2024-06-08 20:52:05,857 : INFO : Model File XGBoost0 loaded
2024-06-08 20:52:05,857 : INFO : End of Load Model
2024-06-08 20:52:05,876 : INFO : End of Prediction
