2024-05-25 11:37:37,857 : INFO : Start of Prediction
2024-05-25 11:37:37,857 : INFO : run_id:2024-05-25_113737_532729961
2024-05-25 11:37:37,857 : INFO : Start of Preprocessing...
2024-05-25 11:37:37,857 : INFO : Start of feature encoding...
2024-05-25 11:37:37,857 : INFO : End of feature encoding...
2024-05-25 11:37:37,857 : INFO : Start of Droping Columns...
2024-05-25 11:37:37,857 : INFO : End of Droping Columns...
2024-05-25 11:37:37,857 : INFO : Start of finding missing values...
2024-05-25 11:37:37,857 : INFO : End of finding missing values...
2024-05-25 11:37:37,867 : INFO : Start of building final predictset...
2024-05-25 11:37:37,877 : INFO : End of building final predictset...
2024-05-25 11:37:37,877 : INFO : End of Preprocessing...
2024-05-25 11:37:37,877 : INFO : Start of Load Model
2024-05-25 11:37:37,877 : INFO : Model File KMeans loaded
2024-05-25 11:37:37,877 : INFO : End of Load Model
2024-05-25 11:37:37,887 : INFO : clusters loop started
2024-05-25 11:37:37,887 : INFO : Start of finding correct model
2024-05-25 11:37:37,887 : INFO : End of finding correct model
2024-05-25 11:37:37,887 : INFO : Start of Load Model
2024-05-25 11:37:37,897 : INFO : Model File XGBoost1 loaded
2024-05-25 11:37:37,897 : INFO : End of Load Model
2024-05-25 11:37:37,907 : INFO : Shape of Data (1, 9)
2024-05-25 11:37:37,927 : INFO : Shape of Data None
2024-05-25 11:37:37,927 : INFO : Output : [0]
2024-05-25 11:37:37,937 : INFO : End of Prediction
