2024-06-08 21:55:28,664 : INFO : Start of Prediction
2024-06-08 21:55:28,664 : INFO : run_id:2024-06-08_215528_791638788
2024-06-08 21:55:28,664 : INFO : Start of Data Load, validation and transformation
2024-06-08 21:55:28,664 : INFO : Start of Archiving Old Rejected Files...
2024-06-08 21:55:28,665 : INFO : End of Archiving Old Rejected Files...
2024-06-08 21:55:28,665 : INFO : Start of Archiving Old Validated Files...
2024-06-08 21:55:28,667 : INFO : End of Archiving Old Validated Files...
2024-06-08 21:55:28,667 : INFO : Start of Archiving Old Processed Files...
2024-06-08 21:55:28,667 : INFO : End of Archiving Old Processed Files...
2024-06-08 21:55:28,667 : INFO : Start of Archiving Old Result Files...
2024-06-08 21:55:28,669 : INFO : End of Archiving Old Result Files...
2024-06-08 21:55:28,670 : INFO : Start of Reading values From Schema...
2024-06-08 21:55:28,671 : INFO : End of Reading values From Schema...
2024-06-08 21:55:28,671 : INFO : Start of Validating Column Length...
2024-06-08 21:55:28,673 : INFO : End of Validating Column Length...
2024-06-08 21:55:28,673 : INFO : Start of Validating Missing Values...
2024-06-08 21:55:28,674 : INFO : End of Validating Missing Values...
2024-06-08 21:55:28,675 : INFO : Start of Replacing Missing Values with NULL...
2024-06-08 21:55:28,677 : INFO : hr_employee_churn_data_predict3.csv: File Transformed successfully!!
2024-06-08 21:55:28,677 : INFO : End of Replacing Missing Values with NULL...
2024-06-08 21:55:28,677 : INFO : Start of Creating Table...
2024-06-08 21:55:28,679 : INFO : Opened prediction database successfully
2024-06-08 21:55:28,691 : INFO : CREATE TABLE prediction_raw_data_t column_name
2024-06-08 21:55:28,695 : INFO : ALTER TABLE prediction_raw_data_t ADD COLUMN
2024-06-08 21:55:28,698 : INFO : ALTER TABLE prediction_raw_data_t ADD COLUMN
2024-06-08 21:55:28,701 : INFO : ALTER TABLE prediction_raw_data_t ADD COLUMN
2024-06-08 21:55:28,705 : INFO : ALTER TABLE prediction_raw_data_t ADD COLUMN
2024-06-08 21:55:28,709 : INFO : ALTER TABLE prediction_raw_data_t ADD COLUMN
2024-06-08 21:55:28,714 : INFO : ALTER TABLE prediction_raw_data_t ADD COLUMN
2024-06-08 21:55:28,718 : INFO : ALTER TABLE prediction_raw_data_t ADD COLUMN
2024-06-08 21:55:28,722 : INFO : ALTER TABLE prediction_raw_data_t ADD COLUMN
2024-06-08 21:55:28,722 : INFO : End of Creating Table...
2024-06-08 21:55:28,724 : INFO : Opened prediction database successfully
2024-06-08 21:55:28,724 : INFO : Start of Inserting Data into Table...
2024-06-08 21:55:28,736 : INFO : End of Inserting Data into Table...
2024-06-08 21:55:28,736 : INFO : Start of Exporting Data into CSV...
2024-06-08 21:55:28,738 : INFO : Opened prediction database successfully
2024-06-08 21:55:28,739 : INFO : End of Exporting Data into CSV...
2024-06-08 21:55:28,739 : INFO : Start of Moving Processed Files...
2024-06-08 21:55:28,740 : INFO : Moved the already processed file hr_employee_churn_data_predict3.csv
2024-06-08 21:55:28,741 : INFO : End of Moving Processed Files...
2024-06-08 21:55:28,741 : INFO : End of Data Load, validation and transformation
2024-06-08 21:55:28,741 : INFO : Start of Preprocessing...
2024-06-08 21:55:28,741 : INFO : Start of reading dataset...
2024-06-08 21:55:28,747 : INFO : End of reading dataset...
2024-06-08 21:55:28,747 : INFO : Start of feature encoding...
2024-06-08 21:55:28,748 : INFO : End of feature encoding...
2024-06-08 21:55:28,748 : INFO : Start of Droping Columns...
2024-06-08 21:55:28,750 : INFO : End of Droping Columns...
2024-06-08 21:55:28,750 : INFO : Start of finding missing values...
2024-06-08 21:55:28,750 : INFO : End of finding missing values...
2024-06-08 21:55:28,750 : INFO : Start of building final predictset...
2024-06-08 21:55:28,755 : INFO : End of building final predictset...
2024-06-08 21:55:28,756 : INFO : End of Preprocessing...
2024-06-08 21:55:28,756 : INFO : Start of Load Model
2024-06-08 21:55:28,756 : INFO : Model File KMeans loaded
2024-06-08 21:55:28,756 : INFO : End of Load Model
2024-06-08 21:55:28,761 : INFO : clusters loop started
2024-06-08 21:55:28,762 : INFO : Start of finding correct model
2024-06-08 21:55:28,762 : INFO : End of finding correct model
2024-06-08 21:55:28,762 : INFO : Start of Load Model
2024-06-08 21:55:28,762 : INFO : Model File XGBoost0 loaded
2024-06-08 21:55:28,762 : INFO : End of Load Model
2024-06-08 21:55:28,772 : INFO : clusters loop started
2024-06-08 21:55:28,773 : INFO : Start of finding correct model
2024-06-08 21:55:28,774 : INFO : End of finding correct model
2024-06-08 21:55:28,774 : INFO : Start of Load Model
2024-06-08 21:55:28,774 : INFO : Model File XGBoost1 loaded
2024-06-08 21:55:28,774 : INFO : End of Load Model
2024-06-08 21:55:28,783 : INFO : End of Prediction
