2024-06-09 01:01:58,381 : INFO : Start of Prediction
2024-06-09 01:01:58,381 : INFO : run_id:2024-06-09_010158_218736109
2024-06-09 01:01:58,382 : INFO : Start of Preprocessing...
2024-06-09 01:01:58,382 : INFO : Start of feature encoding...
2024-06-09 01:01:58,385 : INFO : End of feature encoding...
2024-06-09 01:01:58,387 : INFO : Start of Droping Columns...
2024-06-09 01:01:58,388 : INFO : End of Droping Columns...
2024-06-09 01:01:58,388 : INFO : Start of finding missing values...
2024-06-09 01:01:58,389 : INFO : End of finding missing values...
2024-06-09 01:01:58,400 : INFO : Start of building final predictset...
2024-06-09 01:01:58,405 : INFO : End of building final predictset...
2024-06-09 01:01:58,405 : INFO : End of Preprocessing...
2024-06-09 01:01:58,405 : INFO : Start of Load Model
2024-06-09 01:01:58,406 : INFO : Model File KMeans loaded
2024-06-09 01:01:58,406 : INFO : End of Load Model
2024-06-09 01:01:58,417 : INFO : clusters loop started
2024-06-09 01:01:58,419 : INFO : Start of finding correct model
2024-06-09 01:01:58,419 : INFO : End of finding correct model
2024-06-09 01:01:58,419 : INFO : Start of Load Model
2024-06-09 01:01:58,420 : INFO : Model File XGBoost0 loaded
2024-06-09 01:01:58,420 : INFO : End of Load Model
2024-06-09 01:01:58,428 : INFO : Shape of Data (1, 9)
2024-06-09 01:01:58,437 : INFO : Shape of Data None
2024-06-09 01:01:58,444 : INFO : Output : [1]
2024-06-09 01:01:58,444 : INFO : End of Prediction
