2024-06-10 15:39:18,327 : INFO : Start of Prediction
2024-06-10 15:39:18,327 : INFO : run_id:2024-06-10_153918_422229300
2024-06-10 15:39:18,327 : INFO : Start of Preprocessing...
2024-06-10 15:39:18,327 : INFO : Start of feature encoding...
2024-06-10 15:39:18,348 : INFO : End of feature encoding...
2024-06-10 15:39:18,349 : INFO : Start of Droping Columns...
2024-06-10 15:39:18,349 : INFO : End of Droping Columns...
2024-06-10 15:39:18,349 : INFO : Start of finding missing values...
2024-06-10 15:39:18,349 : INFO : End of finding missing values...
2024-06-10 15:39:18,349 : INFO : Start of building final predictset...
2024-06-10 15:39:18,369 : INFO : End of building final predictset...
2024-06-10 15:39:18,369 : INFO : End of Preprocessing...
2024-06-10 15:39:18,369 : INFO : Start of Load Model
2024-06-10 15:39:18,369 : INFO : Model File KMeans loaded
2024-06-10 15:39:18,369 : INFO : End of Load Model
2024-06-10 15:39:18,445 : INFO : clusters loop started
2024-06-10 15:39:18,449 : INFO : Start of finding correct model
2024-06-10 15:39:18,449 : INFO : End of finding correct model
2024-06-10 15:39:18,449 : INFO : Start of Load Model
2024-06-10 15:39:18,449 : INFO : Model File XGBoost1 loaded
2024-06-10 15:39:18,449 : INFO : End of Load Model
2024-06-10 15:39:18,499 : INFO : Shape of Data (1, 9)
2024-06-10 15:39:18,530 : INFO : Shape of Data None
2024-06-10 15:39:18,540 : INFO : Output : [0]
2024-06-10 15:39:18,540 : INFO : End of Prediction
