2024-06-10 13:27:06,751 : INFO : Start of Prediction
2024-06-10 13:27:06,751 : INFO : run_id:2024-06-10_132706_570057733
2024-06-10 13:27:06,751 : INFO : Start of Preprocessing...
2024-06-10 13:27:06,751 : INFO : Start of feature encoding...
2024-06-10 13:27:06,772 : INFO : End of feature encoding...
2024-06-10 13:27:06,781 : INFO : Start of Droping Columns...
2024-06-10 13:27:06,781 : INFO : End of Droping Columns...
2024-06-10 13:27:06,781 : INFO : Start of finding missing values...
2024-06-10 13:27:06,781 : INFO : End of finding missing values...
2024-06-10 13:27:06,781 : INFO : Start of building final predictset...
2024-06-10 13:27:06,791 : INFO : End of building final predictset...
2024-06-10 13:27:06,791 : INFO : End of Preprocessing...
2024-06-10 13:27:06,791 : INFO : Start of Load Model
2024-06-10 13:27:06,791 : INFO : Model File KMeans loaded
2024-06-10 13:27:06,791 : INFO : End of Load Model
2024-06-10 13:27:07,035 : INFO : clusters loop started
2024-06-10 13:27:07,046 : INFO : Start of finding correct model
2024-06-10 13:27:07,046 : INFO : End of finding correct model
2024-06-10 13:27:07,046 : INFO : Start of Load Model
2024-06-10 13:27:07,216 : INFO : Model File XGBoost1 loaded
2024-06-10 13:27:07,226 : INFO : End of Load Model
2024-06-10 13:27:07,273 : INFO : Shape of Data (1, 9)
2024-06-10 13:27:07,287 : INFO : Shape of Data None
2024-06-10 13:27:07,301 : INFO : Output : [0]
2024-06-10 13:27:07,301 : INFO : End of Prediction
