2024-06-10 13:30:49,087 : INFO : Start of Prediction
2024-06-10 13:30:49,087 : INFO : run_id:2024-06-10_133049_415454113
2024-06-10 13:30:49,087 : INFO : Start of Preprocessing...
2024-06-10 13:30:49,087 : INFO : Start of feature encoding...
2024-06-10 13:30:49,087 : INFO : End of feature encoding...
2024-06-10 13:30:49,087 : INFO : Start of Droping Columns...
2024-06-10 13:30:49,087 : INFO : End of Droping Columns...
2024-06-10 13:30:49,096 : INFO : Start of finding missing values...
2024-06-10 13:30:49,096 : INFO : End of finding missing values...
2024-06-10 13:30:49,106 : INFO : Start of building final predictset...
2024-06-10 13:30:49,106 : INFO : End of building final predictset...
2024-06-10 13:30:49,106 : INFO : End of Preprocessing...
2024-06-10 13:30:49,106 : INFO : Start of Load Model
2024-06-10 13:30:49,106 : INFO : Model File KMeans loaded
2024-06-10 13:30:49,106 : INFO : End of Load Model
2024-06-10 13:30:49,126 : INFO : clusters loop started
2024-06-10 13:30:49,126 : INFO : Start of finding correct model
2024-06-10 13:30:49,126 : INFO : End of finding correct model
2024-06-10 13:30:49,126 : INFO : Start of Load Model
2024-06-10 13:30:49,126 : INFO : Model File XGBoost1 loaded
2024-06-10 13:30:49,126 : INFO : End of Load Model
2024-06-10 13:30:49,146 : INFO : Shape of Data (1, 9)
2024-06-10 13:30:49,156 : INFO : Shape of Data None
2024-06-10 13:30:49,156 : INFO : Output : [0]
2024-06-10 13:30:49,156 : INFO : End of Prediction
