2024-05-25 11:37:41,181 : INFO : Start of Prediction
2024-05-25 11:37:41,181 : INFO : run_id:2024-05-25_113741_883316978
2024-05-25 11:37:41,181 : INFO : Start of Preprocessing...
2024-05-25 11:37:41,181 : INFO : Start of feature encoding...
2024-05-25 11:37:41,189 : INFO : End of feature encoding...
2024-05-25 11:37:41,189 : INFO : Start of Droping Columns...
2024-05-25 11:37:41,189 : INFO : End of Droping Columns...
2024-05-25 11:37:41,189 : INFO : Start of finding missing values...
2024-05-25 11:37:41,197 : INFO : End of finding missing values...
2024-05-25 11:37:41,207 : INFO : Start of building final predictset...
2024-05-25 11:37:41,207 : INFO : End of building final predictset...
2024-05-25 11:37:41,207 : INFO : End of Preprocessing...
2024-05-25 11:37:41,207 : INFO : Start of Load Model
2024-05-25 11:37:41,207 : INFO : Model File KMeans loaded
2024-05-25 11:37:41,207 : INFO : End of Load Model
2024-05-25 11:37:41,225 : INFO : clusters loop started
2024-05-25 11:37:41,225 : INFO : Start of finding correct model
2024-05-25 11:37:41,225 : INFO : End of finding correct model
2024-05-25 11:37:41,225 : INFO : Start of Load Model
2024-05-25 11:37:41,225 : INFO : Model File XGBoost1 loaded
2024-05-25 11:37:41,225 : INFO : End of Load Model
2024-05-25 11:37:41,253 : INFO : Shape of Data (1, 9)
2024-05-25 11:37:41,261 : INFO : Shape of Data None
2024-05-25 11:37:41,273 : INFO : Output : [0]
2024-05-25 11:37:41,273 : INFO : End of Prediction
