2024-06-10 09:24:49,714 : INFO : Start of Prediction
2024-06-10 09:24:49,714 : INFO : run_id:2024-06-10_092449_657801791
2024-06-10 09:24:49,714 : INFO : Start of Preprocessing...
2024-06-10 09:24:49,714 : INFO : Start of feature encoding...
2024-06-10 09:24:49,730 : INFO : End of feature encoding...
2024-06-10 09:24:49,730 : INFO : Start of Droping Columns...
2024-06-10 09:24:49,730 : INFO : End of Droping Columns...
2024-06-10 09:24:49,730 : INFO : Start of finding missing values...
2024-06-10 09:24:49,730 : INFO : End of finding missing values...
2024-06-10 09:24:49,730 : INFO : Start of building final predictset...
2024-06-10 09:24:49,747 : INFO : End of building final predictset...
2024-06-10 09:24:49,747 : INFO : End of Preprocessing...
2024-06-10 09:24:49,747 : INFO : Start of Load Model
2024-06-10 09:24:49,764 : INFO : Model File KMeans loaded
2024-06-10 09:24:49,764 : INFO : End of Load Model
2024-06-10 09:24:49,847 : INFO : clusters loop started
2024-06-10 09:24:49,847 : INFO : Start of finding correct model
2024-06-10 09:24:49,847 : INFO : End of finding correct model
2024-06-10 09:24:49,847 : INFO : Start of Load Model
2024-06-10 09:24:49,857 : INFO : Model File XGBoost0 loaded
2024-06-10 09:24:49,857 : INFO : End of Load Model
2024-06-10 09:24:49,882 : INFO : Shape of Data (1, 9)
2024-06-10 09:24:49,891 : INFO : Shape of Data None
2024-06-10 09:24:49,896 : INFO : Output : [0]
2024-06-10 09:24:49,896 : INFO : End of Prediction
