2024-06-09 00:32:41,807 : INFO : Start of Prediction
2024-06-09 00:32:41,807 : INFO : run_id:2024-06-09_003241_405615559
2024-06-09 00:32:41,807 : INFO : Start of Data Load, validation and transformation
2024-06-09 00:32:41,807 : INFO : Start of Archiving Old Rejected Files...
2024-06-09 00:32:41,807 : INFO : End of Archiving Old Rejected Files...
2024-06-09 00:32:41,807 : INFO : Start of Archiving Old Validated Files...
2024-06-09 00:32:41,807 : INFO : End of Archiving Old Validated Files...
2024-06-09 00:32:41,807 : INFO : Start of Archiving Old Processed Files...
2024-06-09 00:32:41,820 : INFO : End of Archiving Old Processed Files...
2024-06-09 00:32:41,820 : INFO : Start of Archiving Old Result Files...
2024-06-09 00:32:41,820 : INFO : End of Archiving Old Result Files...
2024-06-09 00:32:41,820 : INFO : Start of Reading values From Schema...
2024-06-09 00:32:41,820 : INFO : End of Reading values From Schema...
2024-06-09 00:32:41,820 : INFO : Start of Validating Column Length...
2024-06-09 00:32:41,848 : INFO : End of Validating Column Length...
2024-06-09 00:32:41,848 : INFO : Start of Validating Missing Values...
2024-06-09 00:32:41,867 : INFO : End of Validating Missing Values...
2024-06-09 00:32:41,867 : INFO : Start of Replacing Missing Values with NULL...
2024-06-09 00:32:41,878 : INFO : hr_employee_churn_data_predict3.csv: File Transformed successfully!!
2024-06-09 00:32:41,888 : INFO : hr_employee_churn_data_predict3.csv~: File Transformed successfully!!
2024-06-09 00:32:41,888 : INFO : End of Replacing Missing Values with NULL...
2024-06-09 00:32:41,888 : INFO : Start of Creating Table...
2024-06-09 00:32:41,888 : INFO : Opened prediction database successfully
2024-06-09 00:32:41,909 : INFO : CREATE TABLE prediction_raw_data_t column_name
2024-06-09 00:32:41,909 : INFO : ALTER TABLE prediction_raw_data_t ADD COLUMN
2024-06-09 00:32:41,919 : INFO : ALTER TABLE prediction_raw_data_t ADD COLUMN
2024-06-09 00:32:41,919 : INFO : ALTER TABLE prediction_raw_data_t ADD COLUMN
2024-06-09 00:32:41,929 : INFO : ALTER TABLE prediction_raw_data_t ADD COLUMN
2024-06-09 00:32:41,935 : INFO : ALTER TABLE prediction_raw_data_t ADD COLUMN
2024-06-09 00:32:41,940 : INFO : ALTER TABLE prediction_raw_data_t ADD COLUMN
2024-06-09 00:32:41,940 : INFO : ALTER TABLE prediction_raw_data_t ADD COLUMN
2024-06-09 00:32:41,950 : INFO : ALTER TABLE prediction_raw_data_t ADD COLUMN
2024-06-09 00:32:41,950 : INFO : End of Creating Table...
2024-06-09 00:32:41,950 : INFO : Opened prediction database successfully
2024-06-09 00:32:41,950 : INFO : Start of Inserting Data into Table...
2024-06-09 00:32:42,051 : INFO : End of Inserting Data into Table...
2024-06-09 00:32:42,051 : INFO : Start of Exporting Data into CSV...
2024-06-09 00:32:42,051 : INFO : Opened prediction database successfully
2024-06-09 00:32:42,061 : INFO : End of Exporting Data into CSV...
2024-06-09 00:32:42,061 : INFO : Start of Moving Processed Files...
2024-06-09 00:32:42,061 : INFO : Moved the already processed file hr_employee_churn_data_predict3.csv
2024-06-09 00:32:42,061 : INFO : Moved the already processed file hr_employee_churn_data_predict3.csv~
2024-06-09 00:32:42,061 : INFO : End of Moving Processed Files...
2024-06-09 00:32:42,061 : INFO : End of Data Load, validation and transformation
2024-06-09 00:32:42,071 : INFO : Start of Preprocessing...
2024-06-09 00:32:42,071 : INFO : Start of reading dataset...
2024-06-09 00:32:42,082 : INFO : End of reading dataset...
2024-06-09 00:32:42,082 : INFO : Start of feature encoding...
2024-06-09 00:32:42,097 : INFO : End of feature encoding...
2024-06-09 00:32:42,097 : INFO : Start of Droping Columns...
2024-06-09 00:32:42,103 : INFO : End of Droping Columns...
2024-06-09 00:32:42,103 : INFO : Start of finding missing values...
2024-06-09 00:32:42,103 : INFO : End of finding missing values...
2024-06-09 00:32:42,103 : INFO : Start of building final predictset...
2024-06-09 00:32:42,112 : INFO : End of building final predictset...
2024-06-09 00:32:42,112 : INFO : End of Preprocessing...
2024-06-09 00:32:42,112 : INFO : Start of Load Model
2024-06-09 00:32:42,112 : INFO : Model File KMeans loaded
2024-06-09 00:32:42,112 : INFO : End of Load Model
2024-06-09 00:32:42,378 : INFO : clusters loop started
2024-06-09 00:32:42,388 : INFO : Start of finding correct model
2024-06-09 00:32:42,388 : INFO : End of finding correct model
2024-06-09 00:32:42,388 : INFO : Start of Load Model
2024-06-09 00:32:42,388 : INFO : Model File XGBoost0 loaded
2024-06-09 00:32:42,388 : INFO : End of Load Model
2024-06-09 00:32:42,439 : INFO : clusters loop started
2024-06-09 00:32:42,449 : INFO : Start of finding correct model
2024-06-09 00:32:42,449 : INFO : End of finding correct model
2024-06-09 00:32:42,449 : INFO : Start of Load Model
2024-06-09 00:32:42,449 : INFO : Model File XGBoost1 loaded
2024-06-09 00:32:42,449 : INFO : End of Load Model
2024-06-09 00:32:42,492 : INFO : clusters loop started
2024-06-09 00:32:42,496 : INFO : Start of finding correct model
2024-06-09 00:32:42,496 : INFO : End of finding correct model
2024-06-09 00:32:42,496 : INFO : Start of Load Model
2024-06-09 00:32:42,496 : INFO : Model File XGBoost2 loaded
2024-06-09 00:32:42,496 : INFO : End of Load Model
2024-06-09 00:32:42,537 : INFO : End of Prediction
