2024-06-09 16:41:09,085 : INFO : Start of Prediction
2024-06-09 16:41:09,134 : INFO : run_id:2024-06-09_164107_968381386
2024-06-09 16:41:09,139 : INFO : Start of Preprocessing...
2024-06-09 16:41:09,159 : INFO : Start of feature encoding...
2024-06-09 16:41:09,350 : INFO : End of feature encoding...
2024-06-09 16:41:09,379 : INFO : Start of Droping Columns...
2024-06-09 16:41:09,385 : INFO : End of Droping Columns...
2024-06-09 16:41:09,385 : INFO : Start of finding missing values...
2024-06-09 16:41:09,395 : INFO : End of finding missing values...
2024-06-09 16:41:09,412 : INFO : Start of building final predictset...
2024-06-09 16:41:09,531 : INFO : End of building final predictset...
2024-06-09 16:41:09,531 : INFO : End of Preprocessing...
2024-06-09 16:41:09,531 : INFO : Start of Load Model
2024-06-09 16:41:09,630 : INFO : Model File KMeans loaded
2024-06-09 16:41:09,632 : INFO : End of Load Model
2024-06-09 16:41:10,369 : INFO : clusters loop started
2024-06-09 16:41:10,423 : INFO : Start of finding correct model
2024-06-09 16:41:10,423 : INFO : End of finding correct model
2024-06-09 16:41:10,423 : INFO : Start of Load Model
2024-06-09 16:41:10,547 : INFO : Model File XGBoost0 loaded
2024-06-09 16:41:10,547 : INFO : End of Load Model
2024-06-09 16:41:11,022 : INFO : Shape of Data (1, 9)
2024-06-09 16:41:11,718 : INFO : Shape of Data None
2024-06-09 16:41:11,766 : INFO : Output : [1]
2024-06-09 16:41:11,766 : INFO : End of Prediction
