2024-06-09 00:45:16,425 : INFO : Start of Prediction
2024-06-09 00:45:16,425 : INFO : run_id:2024-06-09_004516_589462351
2024-06-09 00:45:16,425 : INFO : Start of Data Load, validation and transformation
2024-06-09 00:45:16,425 : INFO : Start of Archiving Old Rejected Files...
2024-06-09 00:45:16,425 : INFO : End of Archiving Old Rejected Files...
2024-06-09 00:45:16,425 : INFO : Start of Archiving Old Validated Files...
2024-06-09 00:45:16,436 : INFO : End of Archiving Old Validated Files...
2024-06-09 00:45:16,436 : INFO : Start of Archiving Old Processed Files...
2024-06-09 00:45:16,456 : INFO : End of Archiving Old Processed Files...
2024-06-09 00:45:16,457 : INFO : Start of Archiving Old Result Files...
2024-06-09 00:45:16,457 : INFO : End of Archiving Old Result Files...
2024-06-09 00:45:16,457 : INFO : Start of Reading values From Schema...
2024-06-09 00:45:16,457 : INFO : End of Reading values From Schema...
2024-06-09 00:45:16,457 : INFO : Start of Validating Column Length...
2024-06-09 00:45:16,466 : INFO : End of Validating Column Length...
2024-06-09 00:45:16,466 : INFO : Start of Validating Missing Values...
2024-06-09 00:45:16,476 : INFO : End of Validating Missing Values...
2024-06-09 00:45:16,476 : INFO : Start of Replacing Missing Values with NULL...
2024-06-09 00:45:16,486 : INFO : predict_data.csv: File Transformed successfully!!
2024-06-09 00:45:16,486 : INFO : End of Replacing Missing Values with NULL...
2024-06-09 00:45:16,496 : INFO : Start of Creating Table...
2024-06-09 00:45:16,496 : INFO : Opened prediction database successfully
2024-06-09 00:45:16,509 : INFO : CREATE TABLE prediction_raw_data_t column_name
2024-06-09 00:45:16,517 : INFO : ALTER TABLE prediction_raw_data_t ADD COLUMN
2024-06-09 00:45:16,540 : INFO : ALTER TABLE prediction_raw_data_t ADD COLUMN
2024-06-09 00:45:16,545 : INFO : ALTER TABLE prediction_raw_data_t ADD COLUMN
2024-06-09 00:45:16,545 : INFO : ALTER TABLE prediction_raw_data_t ADD COLUMN
2024-06-09 00:45:16,557 : INFO : ALTER TABLE prediction_raw_data_t ADD COLUMN
2024-06-09 00:45:16,559 : INFO : ALTER TABLE prediction_raw_data_t ADD COLUMN
2024-06-09 00:45:16,566 : INFO : ALTER TABLE prediction_raw_data_t ADD COLUMN
2024-06-09 00:45:16,574 : INFO : ALTER TABLE prediction_raw_data_t ADD COLUMN
2024-06-09 00:45:16,574 : INFO : End of Creating Table...
2024-06-09 00:45:16,574 : INFO : Opened prediction database successfully
2024-06-09 00:45:16,600 : INFO : Start of Inserting Data into Table...
2024-06-09 00:45:16,692 : INFO : End of Inserting Data into Table...
2024-06-09 00:45:16,692 : INFO : Start of Exporting Data into CSV...
2024-06-09 00:45:16,698 : INFO : Opened prediction database successfully
2024-06-09 00:45:16,701 : INFO : End of Exporting Data into CSV...
2024-06-09 00:45:16,701 : INFO : Start of Moving Processed Files...
2024-06-09 00:45:16,701 : INFO : Moved the already processed file predict_data.csv
2024-06-09 00:45:16,707 : INFO : End of Moving Processed Files...
2024-06-09 00:45:16,708 : INFO : End of Data Load, validation and transformation
2024-06-09 00:45:16,708 : INFO : Start of Preprocessing...
2024-06-09 00:45:16,708 : INFO : Start of reading dataset...
2024-06-09 00:45:16,724 : INFO : End of reading dataset...
2024-06-09 00:45:16,724 : INFO : Start of feature encoding...
2024-06-09 00:45:16,731 : INFO : End of feature encoding...
2024-06-09 00:45:16,731 : INFO : Start of Droping Columns...
2024-06-09 00:45:16,731 : INFO : End of Droping Columns...
2024-06-09 00:45:16,731 : INFO : Start of finding missing values...
2024-06-09 00:45:16,741 : INFO : End of finding missing values...
2024-06-09 00:45:16,741 : INFO : Start of imputing missing values...
2024-06-09 00:45:16,762 : INFO : End of imputing missing values...
2024-06-09 00:45:16,762 : INFO : Start of building final predictset...
2024-06-09 00:45:16,775 : INFO : End of building final predictset...
2024-06-09 00:45:16,775 : INFO : End of Preprocessing...
2024-06-09 00:45:16,775 : INFO : Start of Load Model
2024-06-09 00:45:16,775 : INFO : Model File KMeans loaded
2024-06-09 00:45:16,775 : INFO : End of Load Model
2024-06-09 00:45:16,971 : INFO : clusters loop started
2024-06-09 00:45:16,975 : INFO : Start of finding correct model
2024-06-09 00:45:16,975 : INFO : End of finding correct model
2024-06-09 00:45:16,975 : INFO : Start of Load Model
2024-06-09 00:45:16,975 : INFO : Model File XGBoost0 loaded
2024-06-09 00:45:16,975 : INFO : End of Load Model
2024-06-09 00:45:17,011 : INFO : clusters loop started
2024-06-09 00:45:17,011 : INFO : Start of finding correct model
2024-06-09 00:45:17,011 : INFO : End of finding correct model
2024-06-09 00:45:17,011 : INFO : Start of Load Model
2024-06-09 00:45:17,011 : INFO : Model File XGBoost1 loaded
2024-06-09 00:45:17,011 : INFO : End of Load Model
2024-06-09 00:45:17,050 : INFO : clusters loop started
2024-06-09 00:45:17,050 : INFO : Start of finding correct model
2024-06-09 00:45:17,050 : INFO : End of finding correct model
2024-06-09 00:45:17,050 : INFO : Start of Load Model
2024-06-09 00:45:17,050 : INFO : Model File XGBoost2 loaded
2024-06-09 00:45:17,050 : INFO : End of Load Model
2024-06-09 00:45:17,082 : INFO : End of Prediction
