2024-05-25 11:37:11,112 : INFO : Start of Prediction
2024-05-25 11:37:11,112 : INFO : run_id:2024-05-25_113711_892315135
2024-05-25 11:37:11,112 : INFO : Start of Preprocessing...
2024-05-25 11:37:11,112 : INFO : Start of feature encoding...
2024-05-25 11:37:11,112 : INFO : End of feature encoding...
2024-05-25 11:37:11,112 : INFO : Start of Droping Columns...
2024-05-25 11:37:11,112 : INFO : End of Droping Columns...
2024-05-25 11:37:11,112 : INFO : Start of finding missing values...
2024-05-25 11:37:11,122 : INFO : End of finding missing values...
2024-05-25 11:37:11,122 : INFO : Start of building final predictset...
2024-05-25 11:37:11,122 : INFO : End of building final predictset...
2024-05-25 11:37:11,122 : INFO : End of Preprocessing...
2024-05-25 11:37:11,122 : INFO : Start of Load Model
2024-05-25 11:37:11,122 : INFO : Model File KMeans loaded
2024-05-25 11:37:11,122 : INFO : End of Load Model
2024-05-25 11:37:11,133 : INFO : clusters loop started
2024-05-25 11:37:11,133 : INFO : Start of finding correct model
2024-05-25 11:37:11,143 : INFO : End of finding correct model
2024-05-25 11:37:11,143 : INFO : Start of Load Model
2024-05-25 11:37:11,143 : INFO : Model File XGBoost1 loaded
2024-05-25 11:37:11,143 : INFO : End of Load Model
2024-05-25 11:37:11,193 : INFO : Shape of Data (1, 9)
2024-05-25 11:37:11,204 : INFO : Shape of Data None
2024-05-25 11:37:11,214 : INFO : Output : [0]
2024-05-25 11:37:11,214 : INFO : End of Prediction
