2024-05-07 19:10:03,572 : INFO : Start of Prediction
2024-05-07 19:10:03,573 : INFO : run_id:2024-05-07_191003_511379116
2024-05-07 19:10:03,574 : INFO : Start of Data Load, validation and transformation
2024-05-07 19:10:03,574 : INFO : Start of Archiving Old Rejected Files...
2024-05-07 19:10:03,574 : INFO : End of Archiving Old Rejected Files...
2024-05-07 19:10:03,574 : INFO : Start of Archiving Old Validated Files...
2024-05-07 19:10:03,578 : INFO : End of Archiving Old Validated Files...
2024-05-07 19:10:03,580 : INFO : Start of Archiving Old Processed Files...
2024-05-07 19:10:03,580 : INFO : End of Archiving Old Processed Files...
2024-05-07 19:10:03,580 : INFO : Start of Archiving Old Result Files...
2024-05-07 19:10:03,580 : INFO : End of Archiving Old Result Files...
2024-05-07 19:10:03,580 : INFO : Start of Reading values From Schema...
2024-05-07 19:10:03,591 : INFO : End of Reading values From Schema...
2024-05-07 19:10:03,591 : INFO : Start of Validating Column Length...
2024-05-07 19:10:03,592 : INFO : End of Validating Column Length...
2024-05-07 19:10:03,592 : INFO : Start of Validating Missing Values...
2024-05-07 19:10:03,592 : INFO : End of Validating Missing Values...
2024-05-07 19:10:03,592 : INFO : Start of Replacing Missing Values with NULL...
2024-05-07 19:10:03,592 : INFO : End of Replacing Missing Values with NULL...
2024-05-07 19:10:03,592 : INFO : Start of Creating Table...
2024-05-07 19:10:03,594 : INFO : Opened prediction database successfully
2024-05-07 19:10:03,607 : INFO : CREATE TABLE prediction_raw_data_t column_name
2024-05-07 19:10:03,614 : INFO : ALTER TABLE prediction_raw_data_t ADD COLUMN
2024-05-07 19:10:03,618 : INFO : ALTER TABLE prediction_raw_data_t ADD COLUMN
2024-05-07 19:10:03,624 : INFO : ALTER TABLE prediction_raw_data_t ADD COLUMN
2024-05-07 19:10:03,631 : INFO : ALTER TABLE prediction_raw_data_t ADD COLUMN
2024-05-07 19:10:03,637 : INFO : ALTER TABLE prediction_raw_data_t ADD COLUMN
2024-05-07 19:10:03,645 : INFO : ALTER TABLE prediction_raw_data_t ADD COLUMN
2024-05-07 19:10:03,653 : INFO : ALTER TABLE prediction_raw_data_t ADD COLUMN
2024-05-07 19:10:03,660 : INFO : ALTER TABLE prediction_raw_data_t ADD COLUMN
2024-05-07 19:10:03,661 : INFO : End of Creating Table...
2024-05-07 19:10:03,663 : INFO : Opened prediction database successfully
2024-05-07 19:10:03,663 : INFO : Start of Inserting Data into Table...
2024-05-07 19:10:03,664 : INFO : End of Inserting Data into Table...
2024-05-07 19:10:03,664 : INFO : Start of Exporting Data into CSV...
2024-05-07 19:10:03,664 : INFO : Opened prediction database successfully
2024-05-07 19:10:03,667 : INFO : End of Exporting Data into CSV...
2024-05-07 19:10:03,668 : INFO : Start of Moving Processed Files...
2024-05-07 19:10:03,668 : INFO : End of Moving Processed Files...
2024-05-07 19:10:03,669 : INFO : End of Data Load, validation and transformation
2024-05-07 19:10:03,669 : INFO : Start of Preprocessing...
2024-05-07 19:10:03,669 : INFO : Start of reading dataset...
2024-05-07 19:10:03,695 : INFO : End of reading dataset...
2024-05-07 19:10:03,695 : INFO : Start of feature encoding...
2024-05-07 19:10:03,744 : INFO : End of feature encoding...
2024-05-07 19:10:03,745 : INFO : Start of Droping Columns...
2024-05-07 19:10:03,746 : INFO : End of Droping Columns...
2024-05-07 19:10:03,746 : INFO : Start of finding missing values...
2024-05-07 19:10:03,747 : INFO : End of finding missing values...
2024-05-07 19:10:03,747 : INFO : Start of building final predictset...
2024-05-07 19:10:03,761 : INFO : End of building final predictset...
2024-05-07 19:10:03,761 : INFO : End of Preprocessing...
2024-05-07 19:10:03,761 : INFO : Start of Load Model
2024-05-07 19:10:03,780 : INFO : Model File KMeans loaded
2024-05-07 19:10:03,780 : INFO : End of Load Model
2024-05-07 19:10:03,785 : ERROR : Unsuccessful End of Prediction
Traceback (most recent call last):
  File "C:\Users\my pc\PycharmProjects\EmployeeRetentionPrediction\apps\prediction\predict_model.py", line 60, in batch_predict_from_model
    clusters = kmeans.predict(self.X.drop(['empid'],axis=1))
               ^^^^^^^^^^^^^^^^^^^^^^^^^^^^^^^^^^^^^^^^^^^^^
  File "C:\Users\my pc\PycharmProjects\EmployeeRetentionPrediction\.venv\Lib\site-packages\sklearn\cluster\_kmeans.py", line 1100, in predict
    X = self._check_test_data(X)
        ^^^^^^^^^^^^^^^^^^^^^^^^
  File "C:\Users\my pc\PycharmProjects\EmployeeRetentionPrediction\.venv\Lib\site-packages\sklearn\cluster\_kmeans.py", line 952, in _check_test_data
    X = self._validate_data(
        ^^^^^^^^^^^^^^^^^^^^
  File "C:\Users\my pc\PycharmProjects\EmployeeRetentionPrediction\.venv\Lib\site-packages\sklearn\base.py", line 633, in _validate_data
    out = check_array(X, input_name="X", **check_params)
          ^^^^^^^^^^^^^^^^^^^^^^^^^^^^^^^^^^^^^^^^^^^^^^
  File "C:\Users\my pc\PycharmProjects\EmployeeRetentionPrediction\.venv\Lib\site-packages\sklearn\utils\validation.py", line 1072, in check_array
    raise ValueError(
ValueError: Found array with 0 sample(s) (shape=(0, 9)) while a minimum of 1 is required by KMeans.
