2024-06-10 15:00:30,179 : INFO : Start of Prediction
2024-06-10 15:00:30,179 : INFO : run_id:2024-06-10_150030_189617590
2024-06-10 15:00:30,179 : INFO : Start of Data Load, validation and transformation
2024-06-10 15:00:30,179 : INFO : Start of Archiving Old Rejected Files...
2024-06-10 15:00:30,179 : INFO : End of Archiving Old Rejected Files...
2024-06-10 15:00:30,179 : INFO : Start of Archiving Old Validated Files...
2024-06-10 15:00:30,199 : INFO : End of Archiving Old Validated Files...
2024-06-10 15:00:30,199 : INFO : Start of Archiving Old Processed Files...
2024-06-10 15:00:30,209 : INFO : End of Archiving Old Processed Files...
2024-06-10 15:00:30,209 : INFO : Start of Archiving Old Result Files...
2024-06-10 15:00:30,209 : INFO : End of Archiving Old Result Files...
2024-06-10 15:00:30,209 : INFO : Start of Reading values From Schema...
2024-06-10 15:00:30,209 : INFO : End of Reading values From Schema...
2024-06-10 15:00:30,209 : INFO : Start of Validating Column Length...
2024-06-10 15:00:30,260 : INFO : End of Validating Column Length...
2024-06-10 15:00:30,260 : INFO : Start of Validating Missing Values...
2024-06-10 15:00:30,270 : INFO : End of Validating Missing Values...
2024-06-10 15:00:30,270 : INFO : Start of Replacing Missing Values with NULL...
2024-06-10 15:00:30,290 : INFO : hr_employee_churn_data_predtict.csv: File Transformed successfully!!
2024-06-10 15:00:30,290 : INFO : prediction_data.csv~: File Transformed successfully!!
2024-06-10 15:00:30,290 : INFO : End of Replacing Missing Values with NULL...
2024-06-10 15:00:30,290 : INFO : Start of Creating Table...
2024-06-10 15:00:30,300 : INFO : Opened prediction database successfully
2024-06-10 15:00:30,310 : INFO : CREATE TABLE prediction_raw_data_t column_name
2024-06-10 15:00:30,320 : INFO : ALTER TABLE prediction_raw_data_t ADD COLUMN
2024-06-10 15:00:30,320 : INFO : ALTER TABLE prediction_raw_data_t ADD COLUMN
2024-06-10 15:00:30,330 : INFO : ALTER TABLE prediction_raw_data_t ADD COLUMN
2024-06-10 15:00:30,340 : INFO : ALTER TABLE prediction_raw_data_t ADD COLUMN
2024-06-10 15:00:30,340 : INFO : ALTER TABLE prediction_raw_data_t ADD COLUMN
2024-06-10 15:00:30,350 : INFO : ALTER TABLE prediction_raw_data_t ADD COLUMN
2024-06-10 15:00:30,360 : INFO : ALTER TABLE prediction_raw_data_t ADD COLUMN
2024-06-10 15:00:30,360 : INFO : ALTER TABLE prediction_raw_data_t ADD COLUMN
2024-06-10 15:00:30,360 : INFO : End of Creating Table...
2024-06-10 15:00:30,370 : INFO : Opened prediction database successfully
2024-06-10 15:00:30,370 : INFO : Start of Inserting Data into Table...
2024-06-10 15:00:30,520 : INFO : End of Inserting Data into Table...
2024-06-10 15:00:30,520 : INFO : Start of Exporting Data into CSV...
2024-06-10 15:00:30,520 : INFO : Opened prediction database successfully
2024-06-10 15:00:30,520 : INFO : End of Exporting Data into CSV...
2024-06-10 15:00:30,520 : INFO : Start of Moving Processed Files...
2024-06-10 15:00:30,530 : INFO : Moved the already processed file hr_employee_churn_data_predtict.csv
2024-06-10 15:00:30,530 : INFO : Moved the already processed file prediction_data.csv~
2024-06-10 15:00:30,530 : INFO : End of Moving Processed Files...
2024-06-10 15:00:30,530 : INFO : End of Data Load, validation and transformation
2024-06-10 15:00:30,530 : INFO : Start of Preprocessing...
2024-06-10 15:00:30,530 : INFO : Start of reading dataset...
2024-06-10 15:00:30,550 : INFO : End of reading dataset...
2024-06-10 15:00:30,550 : INFO : Start of feature encoding...
2024-06-10 15:00:30,570 : INFO : End of feature encoding...
2024-06-10 15:00:30,570 : INFO : Start of Droping Columns...
2024-06-10 15:00:30,570 : INFO : End of Droping Columns...
2024-06-10 15:00:30,580 : INFO : Start of finding missing values...
2024-06-10 15:00:30,580 : INFO : End of finding missing values...
2024-06-10 15:00:30,580 : INFO : Start of building final predictset...
2024-06-10 15:00:30,590 : INFO : End of building final predictset...
2024-06-10 15:00:30,590 : INFO : End of Preprocessing...
2024-06-10 15:00:30,590 : INFO : Start of Load Model
2024-06-10 15:00:30,590 : INFO : Model File KMeans loaded
2024-06-10 15:00:30,590 : INFO : End of Load Model
2024-06-10 15:00:30,790 : INFO : clusters loop started
2024-06-10 15:00:30,800 : INFO : Start of finding correct model
2024-06-10 15:00:30,800 : INFO : End of finding correct model
2024-06-10 15:00:30,800 : INFO : Start of Load Model
2024-06-10 15:00:30,800 : INFO : Model File XGBoost0 loaded
2024-06-10 15:00:30,800 : INFO : End of Load Model
2024-06-10 15:00:30,853 : INFO : clusters loop started
2024-06-10 15:00:30,853 : INFO : Start of finding correct model
2024-06-10 15:00:30,861 : INFO : End of finding correct model
2024-06-10 15:00:30,862 : INFO : Start of Load Model
2024-06-10 15:00:30,862 : INFO : Model File XGBoost1 loaded
2024-06-10 15:00:30,862 : INFO : End of Load Model
2024-06-10 15:00:30,933 : INFO : clusters loop started
2024-06-10 15:00:30,933 : INFO : Start of finding correct model
2024-06-10 15:00:30,943 : INFO : End of finding correct model
2024-06-10 15:00:30,943 : INFO : Start of Load Model
2024-06-10 15:00:31,045 : INFO : Model File XGBoost2 loaded
2024-06-10 15:00:31,045 : INFO : End of Load Model
2024-06-10 15:00:31,116 : INFO : End of Prediction
