2024-05-25 11:37:42,412 : INFO : Start of Prediction
2024-05-25 11:37:42,412 : INFO : run_id:2024-05-25_113742_374476831
2024-05-25 11:37:42,412 : INFO : Start of Preprocessing...
2024-05-25 11:37:42,412 : INFO : Start of feature encoding...
2024-05-25 11:37:42,422 : INFO : End of feature encoding...
2024-05-25 11:37:42,422 : INFO : Start of Droping Columns...
2024-05-25 11:37:42,422 : INFO : End of Droping Columns...
2024-05-25 11:37:42,422 : INFO : Start of finding missing values...
2024-05-25 11:37:42,433 : INFO : End of finding missing values...
2024-05-25 11:37:42,443 : INFO : Start of building final predictset...
2024-05-25 11:37:42,456 : INFO : End of building final predictset...
2024-05-25 11:37:42,456 : INFO : End of Preprocessing...
2024-05-25 11:37:42,456 : INFO : Start of Load Model
2024-05-25 11:37:42,456 : INFO : Model File KMeans loaded
2024-05-25 11:37:42,456 : INFO : End of Load Model
2024-05-25 11:37:42,473 : INFO : clusters loop started
2024-05-25 11:37:42,473 : INFO : Start of finding correct model
2024-05-25 11:37:42,473 : INFO : End of finding correct model
2024-05-25 11:37:42,473 : INFO : Start of Load Model
2024-05-25 11:37:42,473 : INFO : Model File XGBoost1 loaded
2024-05-25 11:37:42,473 : INFO : End of Load Model
2024-05-25 11:37:42,493 : INFO : Shape of Data (1, 9)
2024-05-25 11:37:42,513 : INFO : Shape of Data None
2024-05-25 11:37:42,533 : INFO : Output : [0]
2024-05-25 11:37:42,533 : INFO : End of Prediction
