2024-06-08 21:03:05,979 : INFO : Start of Prediction
2024-06-08 21:03:05,979 : INFO : run_id:2024-06-08_210305_231818581
2024-06-08 21:03:05,979 : INFO : Start of Data Load, validation and transformation
2024-06-08 21:03:05,980 : INFO : Start of Archiving Old Rejected Files...
2024-06-08 21:03:05,980 : INFO : End of Archiving Old Rejected Files...
2024-06-08 21:03:05,981 : INFO : Start of Archiving Old Validated Files...
2024-06-08 21:03:05,983 : INFO : End of Archiving Old Validated Files...
2024-06-08 21:03:05,983 : INFO : Start of Archiving Old Processed Files...
2024-06-08 21:03:05,985 : INFO : End of Archiving Old Processed Files...
2024-06-08 21:03:05,985 : INFO : Start of Archiving Old Result Files...
2024-06-08 21:03:05,988 : INFO : End of Archiving Old Result Files...
2024-06-08 21:03:05,988 : INFO : Start of Reading values From Schema...
2024-06-08 21:03:05,988 : INFO : End of Reading values From Schema...
2024-06-08 21:03:05,988 : INFO : Start of Validating Column Length...
2024-06-08 21:03:05,989 : INFO : End of Validating Column Length...
2024-06-08 21:03:05,989 : INFO : Start of Validating Missing Values...
2024-06-08 21:03:05,989 : INFO : End of Validating Missing Values...
2024-06-08 21:03:05,989 : INFO : Start of Replacing Missing Values with NULL...
2024-06-08 21:03:05,989 : INFO : End of Replacing Missing Values with NULL...
2024-06-08 21:03:05,989 : INFO : Start of Creating Table...
2024-06-08 21:03:05,990 : INFO : Opened prediction database successfully
2024-06-08 21:03:06,000 : INFO : CREATE TABLE prediction_raw_data_t column_name
2024-06-08 21:03:06,003 : INFO : ALTER TABLE prediction_raw_data_t ADD COLUMN
2024-06-08 21:03:06,007 : INFO : ALTER TABLE prediction_raw_data_t ADD COLUMN
2024-06-08 21:03:06,010 : INFO : ALTER TABLE prediction_raw_data_t ADD COLUMN
2024-06-08 21:03:06,015 : INFO : ALTER TABLE prediction_raw_data_t ADD COLUMN
2024-06-08 21:03:06,043 : INFO : ALTER TABLE prediction_raw_data_t ADD COLUMN
2024-06-08 21:03:06,047 : INFO : ALTER TABLE prediction_raw_data_t ADD COLUMN
2024-06-08 21:03:06,050 : INFO : ALTER TABLE prediction_raw_data_t ADD COLUMN
2024-06-08 21:03:06,052 : INFO : ALTER TABLE prediction_raw_data_t ADD COLUMN
2024-06-08 21:03:06,052 : INFO : End of Creating Table...
2024-06-08 21:03:06,055 : INFO : Opened prediction database successfully
2024-06-08 21:03:06,055 : INFO : Start of Inserting Data into Table...
2024-06-08 21:03:06,055 : INFO : End of Inserting Data into Table...
2024-06-08 21:03:06,055 : INFO : Start of Exporting Data into CSV...
2024-06-08 21:03:06,055 : INFO : Opened prediction database successfully
2024-06-08 21:03:06,056 : INFO : End of Exporting Data into CSV...
2024-06-08 21:03:06,056 : INFO : Start of Moving Processed Files...
2024-06-08 21:03:06,056 : INFO : End of Moving Processed Files...
2024-06-08 21:03:06,056 : INFO : End of Data Load, validation and transformation
2024-06-08 21:03:06,056 : INFO : Start of Preprocessing...
2024-06-08 21:03:06,057 : INFO : Start of reading dataset...
2024-06-08 21:03:06,303 : INFO : End of reading dataset...
2024-06-08 21:03:06,304 : INFO : Start of feature encoding...
2024-06-08 21:03:06,321 : INFO : End of feature encoding...
2024-06-08 21:03:06,321 : INFO : Start of Droping Columns...
2024-06-08 21:03:06,322 : INFO : End of Droping Columns...
2024-06-08 21:03:06,322 : INFO : Start of finding missing values...
2024-06-08 21:03:06,322 : INFO : End of finding missing values...
2024-06-08 21:03:06,322 : INFO : Start of building final predictset...
2024-06-08 21:03:06,328 : INFO : End of building final predictset...
2024-06-08 21:03:06,328 : INFO : End of Preprocessing...
2024-06-08 21:03:06,328 : INFO : Start of Load Model
2024-06-08 21:03:06,329 : INFO : Model File KMeans loaded
2024-06-08 21:03:06,329 : INFO : End of Load Model
2024-06-08 21:03:06,330 : ERROR : Unsuccessful End of Prediction
Traceback (most recent call last):
  File "C:\Users\my pc\PycharmProjects\EmployeeRetentionPrediction\apps\prediction\predict_model.py", line 40, in batch_predict_from_model
    clusters = kmeans.predict(self.X.drop(['empid'], axis=1))
               ^^^^^^^^^^^^^^^^^^^^^^^^^^^^^^^^^^^^^^^^^^^^^^
  File "C:\Users\my pc\PycharmProjects\EmployeeRetentionPrediction\.venv\Lib\site-packages\sklearn\cluster\_kmeans.py", line 1100, in predict
    X = self._check_test_data(X)
        ^^^^^^^^^^^^^^^^^^^^^^^^
  File "C:\Users\my pc\PycharmProjects\EmployeeRetentionPrediction\.venv\Lib\site-packages\sklearn\cluster\_kmeans.py", line 952, in _check_test_data
    X = self._validate_data(
        ^^^^^^^^^^^^^^^^^^^^
  File "C:\Users\my pc\PycharmProjects\EmployeeRetentionPrediction\.venv\Lib\site-packages\sklearn\base.py", line 633, in _validate_data
    out = check_array(X, input_name="X", **check_params)
          ^^^^^^^^^^^^^^^^^^^^^^^^^^^^^^^^^^^^^^^^^^^^^^
  File "C:\Users\my pc\PycharmProjects\EmployeeRetentionPrediction\.venv\Lib\site-packages\sklearn\utils\validation.py", line 1072, in check_array
    raise ValueError(
ValueError: Found array with 0 sample(s) (shape=(0, 9)) while a minimum of 1 is required by KMeans.
