2024-06-10 11:40:04,696 : INFO : Start of Prediction
2024-06-10 11:40:04,699 : INFO : run_id:2024-06-10_114004_398106894
2024-06-10 11:40:04,699 : INFO : Start of Preprocessing...
2024-06-10 11:40:04,699 : INFO : Start of feature encoding...
2024-06-10 11:40:04,711 : INFO : End of feature encoding...
2024-06-10 11:40:04,717 : INFO : Start of Droping Columns...
2024-06-10 11:40:04,719 : INFO : End of Droping Columns...
2024-06-10 11:40:04,719 : INFO : Start of finding missing values...
2024-06-10 11:40:04,719 : INFO : End of finding missing values...
2024-06-10 11:40:04,719 : INFO : Start of building final predictset...
2024-06-10 11:40:04,729 : INFO : End of building final predictset...
2024-06-10 11:40:04,729 : INFO : End of Preprocessing...
2024-06-10 11:40:04,729 : INFO : Start of Load Model
2024-06-10 11:40:04,729 : INFO : Model File KMeans loaded
2024-06-10 11:40:04,729 : INFO : End of Load Model
2024-06-10 11:40:04,961 : INFO : clusters loop started
2024-06-10 11:40:04,961 : INFO : Start of finding correct model
2024-06-10 11:40:04,961 : INFO : End of finding correct model
2024-06-10 11:40:04,961 : INFO : Start of Load Model
2024-06-10 11:40:04,961 : INFO : Model File XGBoost0 loaded
2024-06-10 11:40:04,961 : INFO : End of Load Model
2024-06-10 11:40:05,002 : INFO : Shape of Data (1, 9)
2024-06-10 11:40:05,022 : INFO : Shape of Data None
2024-06-10 11:40:05,032 : INFO : Output : [0]
2024-06-10 11:40:05,032 : INFO : End of Prediction
