2024-05-25 18:59:05,671 : INFO : Start of Prediction
2024-05-25 18:59:05,672 : INFO : run_id:2024-05-25_185905_864437825
2024-05-25 18:59:05,672 : INFO : Start of Preprocessing...
2024-05-25 18:59:05,672 : INFO : Start of feature encoding...
2024-05-25 18:59:05,675 : INFO : End of feature encoding...
2024-05-25 18:59:05,677 : INFO : Start of Droping Columns...
2024-05-25 18:59:05,678 : INFO : End of Droping Columns...
2024-05-25 18:59:05,678 : INFO : Start of finding missing values...
2024-05-25 18:59:05,678 : INFO : End of finding missing values...
2024-05-25 18:59:05,689 : INFO : Start of building final predictset...
2024-05-25 18:59:05,694 : INFO : End of building final predictset...
2024-05-25 18:59:05,695 : INFO : End of Preprocessing...
2024-05-25 18:59:05,695 : INFO : Start of Load Model
2024-05-25 18:59:05,695 : INFO : Model File KMeans loaded
2024-05-25 18:59:05,695 : INFO : End of Load Model
2024-05-25 18:59:05,704 : INFO : clusters loop started
2024-05-25 18:59:05,705 : INFO : Start of finding correct model
2024-05-25 18:59:05,706 : INFO : End of finding correct model
2024-05-25 18:59:05,706 : INFO : Start of Load Model
2024-05-25 18:59:05,759 : INFO : Model File XGBoost0 loaded
2024-05-25 18:59:05,760 : INFO : End of Load Model
2024-05-25 18:59:05,766 : INFO : Shape of Data (1, 9)
2024-05-25 18:59:05,771 : INFO : Shape of Data None
2024-05-25 18:59:05,773 : INFO : Output : [0]
2024-05-25 18:59:05,773 : INFO : End of Prediction
