2024-05-25 11:36:35,038 : INFO : Start of Prediction
2024-05-25 11:36:35,038 : INFO : run_id:2024-05-25_113635_237625155
2024-05-25 11:36:35,038 : INFO : Start of Preprocessing...
2024-05-25 11:36:35,038 : INFO : Start of feature encoding...
2024-05-25 11:36:35,038 : INFO : End of feature encoding...
2024-05-25 11:36:35,047 : INFO : Start of Droping Columns...
2024-05-25 11:36:35,047 : INFO : End of Droping Columns...
2024-05-25 11:36:35,047 : INFO : Start of finding missing values...
2024-05-25 11:36:35,047 : INFO : End of finding missing values...
2024-05-25 11:36:35,047 : INFO : Start of building final predictset...
2024-05-25 11:36:35,057 : INFO : End of building final predictset...
2024-05-25 11:36:35,057 : INFO : End of Preprocessing...
2024-05-25 11:36:35,057 : INFO : Start of Load Model
2024-05-25 11:36:35,057 : INFO : Model File KMeans loaded
2024-05-25 11:36:35,057 : INFO : End of Load Model
2024-05-25 11:36:35,067 : INFO : clusters loop started
2024-05-25 11:36:35,077 : INFO : Start of finding correct model
2024-05-25 11:36:35,077 : INFO : End of finding correct model
2024-05-25 11:36:35,077 : INFO : Start of Load Model
2024-05-25 11:36:35,077 : INFO : Model File XGBoost1 loaded
2024-05-25 11:36:35,077 : INFO : End of Load Model
2024-05-25 11:36:35,208 : INFO : Shape of Data (1, 9)
2024-05-25 11:36:35,228 : INFO : Shape of Data None
2024-05-25 11:36:35,238 : INFO : Output : [0]
2024-05-25 11:36:35,238 : INFO : End of Prediction
