2024-04-23 08:02:14,892 : INFO : Start of Prediction
2024-04-23 08:02:14,900 : INFO : run_id:2024-04-23_080214_345400794
2024-04-23 08:02:14,901 : INFO : Start of Data Load, validation and transformation
2024-04-23 08:02:14,904 : INFO : Start of Archiving Old Rejected Files...
2024-04-23 08:02:14,906 : INFO : End of Archiving Old Rejected Files...
2024-04-23 08:02:14,906 : INFO : Start of Archiving Old Validated Files...
2024-04-23 08:02:14,907 : INFO : End of Archiving Old Validated Files...
2024-04-23 08:02:14,907 : INFO : Start of Archiving Old Processed Files...
2024-04-23 08:02:14,908 : INFO : End of Archiving Old Processed Files...
2024-04-23 08:02:14,908 : INFO : Start of Archiving Old Result Files...
2024-04-23 08:02:14,908 : INFO : End of Archiving Old Result Files...
2024-04-23 08:02:14,909 : INFO : Start of Reading values From Schema...
2024-04-23 08:02:14,933 : INFO : End of Reading values From Schema...
2024-04-23 08:02:14,934 : INFO : Start of Validating Column Length...
2024-04-23 08:02:14,935 : INFO : End of Validating Column Length...
2024-04-23 08:02:14,936 : INFO : Start of Validating Missing Values...
2024-04-23 08:02:14,936 : INFO : End of Validating Missing Values...
2024-04-23 08:02:14,937 : INFO : Start of Replacing Missing Values with NULL...
2024-04-23 08:02:14,937 : INFO : End of Replacing Missing Values with NULL...
2024-04-23 08:02:14,939 : INFO : Start of Creating Table...
2024-04-23 08:02:14,947 : INFO : Opened prediction database successfully
2024-04-23 08:02:14,960 : INFO : CREATE TABLE prediction_raw_data_t column_name
2024-04-23 08:02:14,970 : INFO : ALTER TABLE prediction_raw_data_t ADD COLUMN
2024-04-23 08:02:14,975 : INFO : ALTER TABLE prediction_raw_data_t ADD COLUMN
2024-04-23 08:02:14,981 : INFO : ALTER TABLE prediction_raw_data_t ADD COLUMN
2024-04-23 08:02:14,987 : INFO : ALTER TABLE prediction_raw_data_t ADD COLUMN
2024-04-23 08:02:14,991 : INFO : ALTER TABLE prediction_raw_data_t ADD COLUMN
2024-04-23 08:02:14,997 : INFO : ALTER TABLE prediction_raw_data_t ADD COLUMN
2024-04-23 08:02:15,003 : INFO : ALTER TABLE prediction_raw_data_t ADD COLUMN
2024-04-23 08:02:15,009 : INFO : ALTER TABLE prediction_raw_data_t ADD COLUMN
2024-04-23 08:02:15,010 : INFO : End of Creating Table...
2024-04-23 08:02:15,013 : INFO : Opened prediction database successfully
2024-04-23 08:02:15,013 : INFO : Start of Inserting Data into Table...
2024-04-23 08:02:15,013 : INFO : End of Inserting Data into Table...
2024-04-23 08:02:15,013 : INFO : Start of Exporting Data into CSV...
2024-04-23 08:02:15,014 : INFO : Opened prediction database successfully
2024-04-23 08:02:15,015 : INFO : End of Exporting Data into CSV...
2024-04-23 08:02:15,020 : INFO : Start of Moving Processed Files...
2024-04-23 08:02:15,020 : INFO : End of Moving Processed Files...
2024-04-23 08:02:15,020 : INFO : End of Data Load, validation and transformation
2024-04-23 08:02:15,022 : INFO : Start of Preprocessing...
2024-04-23 08:02:15,023 : INFO : Start of reading dataset...
2024-04-23 08:02:15,135 : INFO : End of reading dataset...
2024-04-23 08:02:15,135 : INFO : Start of feature encoding...
2024-04-23 08:02:15,176 : INFO : End of feature encoding...
2024-04-23 08:02:15,177 : INFO : Start of Droping Columns...
2024-04-23 08:02:15,177 : INFO : End of Droping Columns...
2024-04-23 08:02:15,178 : INFO : Start of finding missing values...
2024-04-23 08:02:15,179 : INFO : End of finding missing values...
2024-04-23 08:02:15,180 : INFO : Start of building final predictset...
2024-04-23 08:02:15,191 : INFO : End of building final predictset...
2024-04-23 08:02:15,191 : INFO : End of Preprocessing...
2024-04-23 08:02:15,191 : INFO : Start of Load Model
2024-04-23 08:02:15,192 : INFO : Model File KMeans loaded
2024-04-23 08:02:15,192 : INFO : End of Load Model
2024-04-23 08:02:15,217 : ERROR : Unsuccessful End of Prediction
Traceback (most recent call last):
  File "C:\Users\my pc\PycharmProjects\EmployeeRetentionPrediction\apps\prediction\predict_model.py", line 60, in batch_predict_from_model
    clusters = kmeans.predict(self.X.drop(['empid'],axis=1))
               ^^^^^^^^^^^^^^^^^^^^^^^^^^^^^^^^^^^^^^^^^^^^^
  File "C:\Users\my pc\PycharmProjects\EmployeeRetentionPrediction\.venv\Lib\site-packages\sklearn\cluster\_kmeans.py", line 1100, in predict
    X = self._check_test_data(X)
        ^^^^^^^^^^^^^^^^^^^^^^^^
  File "C:\Users\my pc\PycharmProjects\EmployeeRetentionPrediction\.venv\Lib\site-packages\sklearn\cluster\_kmeans.py", line 952, in _check_test_data
    X = self._validate_data(
        ^^^^^^^^^^^^^^^^^^^^
  File "C:\Users\my pc\PycharmProjects\EmployeeRetentionPrediction\.venv\Lib\site-packages\sklearn\base.py", line 633, in _validate_data
    out = check_array(X, input_name="X", **check_params)
          ^^^^^^^^^^^^^^^^^^^^^^^^^^^^^^^^^^^^^^^^^^^^^^
  File "C:\Users\my pc\PycharmProjects\EmployeeRetentionPrediction\.venv\Lib\site-packages\sklearn\utils\validation.py", line 1072, in check_array
    raise ValueError(
ValueError: Found array with 0 sample(s) (shape=(0, 9)) while a minimum of 1 is required by KMeans.
