2024-05-25 11:37:42,222 : INFO : Start of Prediction
2024-05-25 11:37:42,222 : INFO : run_id:2024-05-25_113742_355281389
2024-05-25 11:37:42,222 : INFO : Start of Preprocessing...
2024-05-25 11:37:42,222 : INFO : Start of feature encoding...
2024-05-25 11:37:42,233 : INFO : End of feature encoding...
2024-05-25 11:37:42,236 : INFO : Start of Droping Columns...
2024-05-25 11:37:42,237 : INFO : End of Droping Columns...
2024-05-25 11:37:42,237 : INFO : Start of finding missing values...
2024-05-25 11:37:42,237 : INFO : End of finding missing values...
2024-05-25 11:37:42,237 : INFO : Start of building final predictset...
2024-05-25 11:37:42,240 : INFO : End of building final predictset...
2024-05-25 11:37:42,240 : INFO : End of Preprocessing...
2024-05-25 11:37:42,240 : INFO : Start of Load Model
2024-05-25 11:37:42,240 : INFO : Model File KMeans loaded
2024-05-25 11:37:42,240 : INFO : End of Load Model
2024-05-25 11:37:42,256 : INFO : clusters loop started
2024-05-25 11:37:42,259 : INFO : Start of finding correct model
2024-05-25 11:37:42,259 : INFO : End of finding correct model
2024-05-25 11:37:42,259 : INFO : Start of Load Model
2024-05-25 11:37:42,259 : INFO : Model File XGBoost1 loaded
2024-05-25 11:37:42,259 : INFO : End of Load Model
2024-05-25 11:37:42,277 : INFO : Shape of Data (1, 9)
2024-05-25 11:37:42,293 : INFO : Shape of Data None
2024-05-25 11:37:42,301 : INFO : Output : [0]
2024-05-25 11:37:42,302 : INFO : End of Prediction
