2024-05-25 11:36:35,466 : INFO : Start of Prediction
2024-05-25 11:36:35,466 : INFO : run_id:2024-05-25_113635_268800797
2024-05-25 11:36:35,466 : INFO : Start of Preprocessing...
2024-05-25 11:36:35,477 : INFO : Start of feature encoding...
2024-05-25 11:36:35,486 : INFO : End of feature encoding...
2024-05-25 11:36:35,490 : INFO : Start of Droping Columns...
2024-05-25 11:36:35,490 : INFO : End of Droping Columns...
2024-05-25 11:36:35,490 : INFO : Start of finding missing values...
2024-05-25 11:36:35,495 : INFO : End of finding missing values...
2024-05-25 11:36:35,495 : INFO : Start of building final predictset...
2024-05-25 11:36:35,511 : INFO : End of building final predictset...
2024-05-25 11:36:35,511 : INFO : End of Preprocessing...
2024-05-25 11:36:35,511 : INFO : Start of Load Model
2024-05-25 11:36:35,511 : INFO : Model File KMeans loaded
2024-05-25 11:36:35,511 : INFO : End of Load Model
2024-05-25 11:36:35,529 : INFO : clusters loop started
2024-05-25 11:36:35,529 : INFO : Start of finding correct model
2024-05-25 11:36:35,529 : INFO : End of finding correct model
2024-05-25 11:36:35,529 : INFO : Start of Load Model
2024-05-25 11:36:35,529 : INFO : Model File XGBoost1 loaded
2024-05-25 11:36:35,529 : INFO : End of Load Model
2024-05-25 11:36:35,560 : INFO : Shape of Data (1, 9)
2024-05-25 11:36:35,580 : INFO : Shape of Data None
2024-05-25 11:36:35,590 : INFO : Output : [0]
2024-05-25 11:36:35,590 : INFO : End of Prediction
