2024-05-25 11:36:36,078 : INFO : Start of Prediction
2024-05-25 11:36:36,078 : INFO : run_id:2024-05-25_113636_875085352
2024-05-25 11:36:36,078 : INFO : Start of Preprocessing...
2024-05-25 11:36:36,078 : INFO : Start of feature encoding...
2024-05-25 11:36:36,078 : INFO : End of feature encoding...
2024-05-25 11:36:36,088 : INFO : Start of Droping Columns...
2024-05-25 11:36:36,088 : INFO : End of Droping Columns...
2024-05-25 11:36:36,088 : INFO : Start of finding missing values...
2024-05-25 11:36:36,088 : INFO : End of finding missing values...
2024-05-25 11:36:36,088 : INFO : Start of building final predictset...
2024-05-25 11:36:36,098 : INFO : End of building final predictset...
2024-05-25 11:36:36,098 : INFO : End of Preprocessing...
2024-05-25 11:36:36,098 : INFO : Start of Load Model
2024-05-25 11:36:36,098 : INFO : Model File KMeans loaded
2024-05-25 11:36:36,098 : INFO : End of Load Model
2024-05-25 11:36:36,108 : INFO : clusters loop started
2024-05-25 11:36:36,108 : INFO : Start of finding correct model
2024-05-25 11:36:36,108 : INFO : End of finding correct model
2024-05-25 11:36:36,108 : INFO : Start of Load Model
2024-05-25 11:36:36,108 : INFO : Model File XGBoost1 loaded
2024-05-25 11:36:36,108 : INFO : End of Load Model
2024-05-25 11:36:36,129 : INFO : Shape of Data (1, 9)
2024-05-25 11:36:36,138 : INFO : Shape of Data None
2024-05-25 11:36:36,148 : INFO : Output : [0]
2024-05-25 11:36:36,148 : INFO : End of Prediction
