2024-06-10 13:31:00,030 : INFO : Start of Prediction
2024-06-10 13:31:00,030 : INFO : run_id:2024-06-10_133100_266782762
2024-06-10 13:31:00,030 : INFO : Start of Preprocessing...
2024-06-10 13:31:00,030 : INFO : Start of feature encoding...
2024-06-10 13:31:00,038 : INFO : End of feature encoding...
2024-06-10 13:31:00,039 : INFO : Start of Droping Columns...
2024-06-10 13:31:00,041 : INFO : End of Droping Columns...
2024-06-10 13:31:00,041 : INFO : Start of finding missing values...
2024-06-10 13:31:00,041 : INFO : End of finding missing values...
2024-06-10 13:31:00,048 : INFO : Start of building final predictset...
2024-06-10 13:31:00,058 : INFO : End of building final predictset...
2024-06-10 13:31:00,058 : INFO : End of Preprocessing...
2024-06-10 13:31:00,058 : INFO : Start of Load Model
2024-06-10 13:31:00,058 : INFO : Model File KMeans loaded
2024-06-10 13:31:00,058 : INFO : End of Load Model
2024-06-10 13:31:00,068 : INFO : clusters loop started
2024-06-10 13:31:00,073 : INFO : Start of finding correct model
2024-06-10 13:31:00,073 : INFO : End of finding correct model
2024-06-10 13:31:00,073 : INFO : Start of Load Model
2024-06-10 13:31:00,073 : INFO : Model File XGBoost1 loaded
2024-06-10 13:31:00,073 : INFO : End of Load Model
2024-06-10 13:31:00,091 : INFO : Shape of Data (1, 9)
2024-06-10 13:31:00,099 : INFO : Shape of Data None
2024-06-10 13:31:00,105 : INFO : Output : [0]
2024-06-10 13:31:00,106 : INFO : End of Prediction
