2024-06-08 21:11:00,749 : INFO : Start of Prediction
2024-06-08 21:11:00,749 : INFO : run_id:2024-06-08_211100_613281357
2024-06-08 21:11:00,749 : INFO : Start of Data Load, validation and transformation
2024-06-08 21:11:00,749 : INFO : Start of Archiving Old Rejected Files...
2024-06-08 21:11:00,750 : INFO : End of Archiving Old Rejected Files...
2024-06-08 21:11:00,750 : INFO : Start of Archiving Old Validated Files...
2024-06-08 21:11:00,751 : INFO : End of Archiving Old Validated Files...
2024-06-08 21:11:00,751 : INFO : Start of Archiving Old Processed Files...
2024-06-08 21:11:00,752 : INFO : End of Archiving Old Processed Files...
2024-06-08 21:11:00,753 : INFO : Start of Archiving Old Result Files...
2024-06-08 21:11:00,753 : INFO : End of Archiving Old Result Files...
2024-06-08 21:11:00,753 : INFO : Start of Reading values From Schema...
2024-06-08 21:11:00,753 : INFO : End of Reading values From Schema...
2024-06-08 21:11:00,753 : INFO : Start of Validating Column Length...
2024-06-08 21:11:00,756 : INFO : End of Validating Column Length...
2024-06-08 21:11:00,756 : INFO : Start of Validating Missing Values...
2024-06-08 21:11:00,758 : INFO : End of Validating Missing Values...
2024-06-08 21:11:00,758 : INFO : Start of Replacing Missing Values with NULL...
2024-06-08 21:11:00,763 : INFO : hr_employee_churn_data_predict3.csv: File Transformed successfully!!
2024-06-08 21:11:00,763 : INFO : End of Replacing Missing Values with NULL...
2024-06-08 21:11:00,763 : INFO : Start of Creating Table...
2024-06-08 21:11:00,763 : INFO : Opened prediction database successfully
2024-06-08 21:11:00,770 : INFO : CREATE TABLE prediction_raw_data_t column_name
2024-06-08 21:11:00,773 : INFO : ALTER TABLE prediction_raw_data_t ADD COLUMN
2024-06-08 21:11:00,775 : INFO : ALTER TABLE prediction_raw_data_t ADD COLUMN
2024-06-08 21:11:00,788 : INFO : ALTER TABLE prediction_raw_data_t ADD COLUMN
2024-06-08 21:11:00,791 : INFO : ALTER TABLE prediction_raw_data_t ADD COLUMN
2024-06-08 21:11:00,793 : INFO : ALTER TABLE prediction_raw_data_t ADD COLUMN
2024-06-08 21:11:00,796 : INFO : ALTER TABLE prediction_raw_data_t ADD COLUMN
2024-06-08 21:11:00,798 : INFO : ALTER TABLE prediction_raw_data_t ADD COLUMN
2024-06-08 21:11:00,801 : INFO : ALTER TABLE prediction_raw_data_t ADD COLUMN
2024-06-08 21:11:00,801 : INFO : End of Creating Table...
2024-06-08 21:11:00,804 : INFO : Opened prediction database successfully
2024-06-08 21:11:00,804 : INFO : Start of Inserting Data into Table...
2024-06-08 21:11:00,820 : INFO : End of Inserting Data into Table...
2024-06-08 21:11:00,820 : INFO : Start of Exporting Data into CSV...
2024-06-08 21:11:00,821 : INFO : Opened prediction database successfully
2024-06-08 21:11:00,822 : INFO : End of Exporting Data into CSV...
2024-06-08 21:11:00,822 : INFO : Start of Moving Processed Files...
2024-06-08 21:11:00,823 : INFO : Moved the already processed file hr_employee_churn_data_predict3.csv
2024-06-08 21:11:00,823 : INFO : End of Moving Processed Files...
2024-06-08 21:11:00,823 : INFO : End of Data Load, validation and transformation
2024-06-08 21:11:00,823 : INFO : Start of Preprocessing...
2024-06-08 21:11:00,823 : INFO : Start of reading dataset...
2024-06-08 21:11:00,846 : INFO : End of reading dataset...
2024-06-08 21:11:00,846 : INFO : Start of feature encoding...
2024-06-08 21:11:00,847 : INFO : End of feature encoding...
2024-06-08 21:11:00,848 : INFO : Start of Droping Columns...
2024-06-08 21:11:00,849 : INFO : End of Droping Columns...
2024-06-08 21:11:00,849 : INFO : Start of finding missing values...
2024-06-08 21:11:00,850 : INFO : End of finding missing values...
2024-06-08 21:11:00,850 : INFO : Start of building final predictset...
2024-06-08 21:11:00,854 : INFO : End of building final predictset...
2024-06-08 21:11:00,854 : INFO : End of Preprocessing...
2024-06-08 21:11:00,854 : INFO : Start of Load Model
2024-06-08 21:11:00,855 : INFO : Model File KMeans loaded
2024-06-08 21:11:00,855 : INFO : End of Load Model
2024-06-08 21:11:00,930 : INFO : clusters loop started
2024-06-08 21:11:00,931 : INFO : Start of finding correct model
2024-06-08 21:11:00,931 : INFO : End of finding correct model
2024-06-08 21:11:00,932 : INFO : Start of Load Model
2024-06-08 21:11:00,932 : INFO : Model File XGBoost1 loaded
2024-06-08 21:11:00,932 : INFO : End of Load Model
2024-06-08 21:11:00,955 : INFO : clusters loop started
2024-06-08 21:11:00,957 : INFO : Start of finding correct model
2024-06-08 21:11:00,957 : INFO : End of finding correct model
2024-06-08 21:11:00,957 : INFO : Start of Load Model
2024-06-08 21:11:00,957 : INFO : Model File XGBoost0 loaded
2024-06-08 21:11:00,957 : INFO : End of Load Model
2024-06-08 21:11:00,978 : INFO : clusters loop started
2024-06-08 21:11:00,979 : INFO : Start of finding correct model
2024-06-08 21:11:00,979 : INFO : End of finding correct model
2024-06-08 21:11:00,979 : INFO : Start of Load Model
2024-06-08 21:11:00,980 : INFO : Model File XGBoost2 loaded
2024-06-08 21:11:00,980 : INFO : End of Load Model
2024-06-08 21:11:00,994 : INFO : End of Prediction
