2024-06-10 14:41:07,532 : INFO : Start of Prediction
2024-06-10 14:41:07,533 : INFO : run_id:2024-06-10_144107_484951258
2024-06-10 14:41:07,533 : INFO : Start of Preprocessing...
2024-06-10 14:41:07,534 : INFO : Start of feature encoding...
2024-06-10 14:41:07,553 : INFO : End of feature encoding...
2024-06-10 14:41:07,557 : INFO : Start of Droping Columns...
2024-06-10 14:41:07,559 : INFO : End of Droping Columns...
2024-06-10 14:41:07,559 : INFO : Start of finding missing values...
2024-06-10 14:41:07,561 : INFO : End of finding missing values...
2024-06-10 14:41:07,562 : INFO : Start of building final predictset...
2024-06-10 14:41:07,567 : INFO : End of building final predictset...
2024-06-10 14:41:07,567 : INFO : End of Preprocessing...
2024-06-10 14:41:07,567 : INFO : Start of Load Model
2024-06-10 14:41:07,567 : INFO : Model File KMeans loaded
2024-06-10 14:41:07,568 : INFO : End of Load Model
2024-06-10 14:41:07,658 : INFO : clusters loop started
2024-06-10 14:41:07,660 : INFO : Start of finding correct model
2024-06-10 14:41:07,660 : INFO : End of finding correct model
2024-06-10 14:41:07,660 : INFO : Start of Load Model
2024-06-10 14:41:07,660 : INFO : Model File XGBoost0 loaded
2024-06-10 14:41:07,660 : INFO : End of Load Model
2024-06-10 14:41:07,684 : INFO : Shape of Data (1, 9)
2024-06-10 14:41:07,695 : INFO : Shape of Data None
2024-06-10 14:41:07,702 : INFO : Output : [0]
2024-06-10 14:41:07,702 : INFO : End of Prediction
