2024-06-08 22:05:11,739 : INFO : Start of Prediction
2024-06-08 22:05:11,740 : INFO : run_id:2024-06-08_220511_734953973
2024-06-08 22:05:11,740 : INFO : Start of Data Load, validation and transformation
2024-06-08 22:05:11,741 : INFO : Start of Archiving Old Rejected Files...
2024-06-08 22:05:11,742 : INFO : End of Archiving Old Rejected Files...
2024-06-08 22:05:11,742 : INFO : Start of Archiving Old Validated Files...
2024-06-08 22:05:11,745 : INFO : End of Archiving Old Validated Files...
2024-06-08 22:05:11,745 : INFO : Start of Archiving Old Processed Files...
2024-06-08 22:05:11,774 : INFO : End of Archiving Old Processed Files...
2024-06-08 22:05:11,774 : INFO : Start of Archiving Old Result Files...
2024-06-08 22:05:11,775 : INFO : End of Archiving Old Result Files...
2024-06-08 22:05:11,776 : INFO : Start of Reading values From Schema...
2024-06-08 22:05:11,776 : INFO : End of Reading values From Schema...
2024-06-08 22:05:11,776 : INFO : Start of Validating Column Length...
2024-06-08 22:05:11,789 : INFO : End of Validating Column Length...
2024-06-08 22:05:11,790 : INFO : Start of Validating Missing Values...
2024-06-08 22:05:11,804 : INFO : End of Validating Missing Values...
2024-06-08 22:05:11,804 : INFO : Start of Replacing Missing Values with NULL...
2024-06-08 22:05:11,809 : INFO : hr_employee_churn_data_predict3.csv: File Transformed successfully!!
2024-06-08 22:05:11,809 : INFO : End of Replacing Missing Values with NULL...
2024-06-08 22:05:11,809 : INFO : Start of Creating Table...
2024-06-08 22:05:11,810 : INFO : Opened prediction database successfully
2024-06-08 22:05:11,818 : INFO : CREATE TABLE prediction_raw_data_t column_name
2024-06-08 22:05:11,821 : INFO : ALTER TABLE prediction_raw_data_t ADD COLUMN
2024-06-08 22:05:11,824 : INFO : ALTER TABLE prediction_raw_data_t ADD COLUMN
2024-06-08 22:05:11,827 : INFO : ALTER TABLE prediction_raw_data_t ADD COLUMN
2024-06-08 22:05:11,829 : INFO : ALTER TABLE prediction_raw_data_t ADD COLUMN
2024-06-08 22:05:11,832 : INFO : ALTER TABLE prediction_raw_data_t ADD COLUMN
2024-06-08 22:05:11,834 : INFO : ALTER TABLE prediction_raw_data_t ADD COLUMN
2024-06-08 22:05:11,836 : INFO : ALTER TABLE prediction_raw_data_t ADD COLUMN
2024-06-08 22:05:11,839 : INFO : ALTER TABLE prediction_raw_data_t ADD COLUMN
2024-06-08 22:05:11,839 : INFO : End of Creating Table...
2024-06-08 22:05:11,849 : INFO : Opened prediction database successfully
2024-06-08 22:05:11,850 : INFO : Start of Inserting Data into Table...
2024-06-08 22:05:11,864 : INFO : End of Inserting Data into Table...
2024-06-08 22:05:11,864 : INFO : Start of Exporting Data into CSV...
2024-06-08 22:05:11,865 : INFO : Opened prediction database successfully
2024-06-08 22:05:11,866 : INFO : End of Exporting Data into CSV...
2024-06-08 22:05:11,866 : INFO : Start of Moving Processed Files...
2024-06-08 22:05:11,867 : INFO : Moved the already processed file hr_employee_churn_data_predict3.csv
2024-06-08 22:05:11,867 : INFO : End of Moving Processed Files...
2024-06-08 22:05:11,867 : INFO : End of Data Load, validation and transformation
2024-06-08 22:05:11,867 : INFO : Start of Preprocessing...
2024-06-08 22:05:11,868 : INFO : Start of reading dataset...
2024-06-08 22:05:11,886 : INFO : End of reading dataset...
2024-06-08 22:05:11,886 : INFO : Start of feature encoding...
2024-06-08 22:05:11,891 : INFO : End of feature encoding...
2024-06-08 22:05:11,891 : INFO : Start of Droping Columns...
2024-06-08 22:05:11,892 : INFO : End of Droping Columns...
2024-06-08 22:05:11,892 : INFO : Start of finding missing values...
2024-06-08 22:05:11,893 : INFO : End of finding missing values...
2024-06-08 22:05:11,893 : INFO : Start of building final predictset...
2024-06-08 22:05:11,895 : INFO : End of building final predictset...
2024-06-08 22:05:11,895 : INFO : End of Preprocessing...
2024-06-08 22:05:11,895 : INFO : Start of Load Model
2024-06-08 22:05:11,896 : INFO : Model File KMeans loaded
2024-06-08 22:05:11,896 : INFO : End of Load Model
2024-06-08 22:05:11,917 : INFO : clusters loop started
2024-06-08 22:05:11,919 : INFO : Start of finding correct model
2024-06-08 22:05:11,920 : INFO : End of finding correct model
2024-06-08 22:05:11,920 : INFO : Start of Load Model
2024-06-08 22:05:11,920 : INFO : Model File XGBoost0 loaded
2024-06-08 22:05:11,920 : INFO : End of Load Model
2024-06-08 22:05:12,041 : INFO : clusters loop started
2024-06-08 22:05:12,042 : INFO : Start of finding correct model
2024-06-08 22:05:12,043 : INFO : End of finding correct model
2024-06-08 22:05:12,043 : INFO : Start of Load Model
2024-06-08 22:05:12,043 : INFO : Model File XGBoost1 loaded
2024-06-08 22:05:12,043 : INFO : End of Load Model
2024-06-08 22:05:12,082 : INFO : End of Prediction
