2024-05-07 20:48:53,709 : INFO : Start of Prediction
2024-05-07 20:48:53,728 : INFO : run_id:2024-05-07_204853_925049401
2024-05-07 20:48:53,728 : INFO : Start of Data Load, validation and transformation
2024-05-07 20:48:53,729 : INFO : Start of Archiving Old Rejected Files...
2024-05-07 20:48:53,730 : INFO : End of Archiving Old Rejected Files...
2024-05-07 20:48:53,730 : INFO : Start of Archiving Old Validated Files...
2024-05-07 20:48:53,742 : INFO : End of Archiving Old Validated Files...
2024-05-07 20:48:53,742 : INFO : Start of Archiving Old Processed Files...
2024-05-07 20:48:53,743 : INFO : End of Archiving Old Processed Files...
2024-05-07 20:48:53,743 : INFO : Start of Archiving Old Result Files...
2024-05-07 20:48:53,743 : INFO : End of Archiving Old Result Files...
2024-05-07 20:48:53,743 : INFO : Start of Reading values From Schema...
2024-05-07 20:48:53,744 : INFO : End of Reading values From Schema...
2024-05-07 20:48:53,744 : INFO : Start of Validating Column Length...
2024-05-07 20:48:54,069 : INFO : End of Validating Column Length...
2024-05-07 20:48:54,069 : INFO : Start of Validating Missing Values...
2024-05-07 20:48:54,079 : INFO : End of Validating Missing Values...
2024-05-07 20:48:54,080 : INFO : Start of Replacing Missing Values with NULL...
2024-05-07 20:48:54,132 : INFO : hr_employee_churn_data_predtict.csv: File Transformed successfully!!
2024-05-07 20:48:54,132 : INFO : End of Replacing Missing Values with NULL...
2024-05-07 20:48:54,132 : INFO : Start of Creating Table...
2024-05-07 20:48:54,138 : INFO : Opened prediction database successfully
2024-05-07 20:48:54,180 : INFO : CREATE TABLE prediction_raw_data_t column_name
2024-05-07 20:48:54,183 : INFO : ALTER TABLE prediction_raw_data_t ADD COLUMN
2024-05-07 20:48:54,186 : INFO : ALTER TABLE prediction_raw_data_t ADD COLUMN
2024-05-07 20:48:54,188 : INFO : ALTER TABLE prediction_raw_data_t ADD COLUMN
2024-05-07 20:48:54,191 : INFO : ALTER TABLE prediction_raw_data_t ADD COLUMN
2024-05-07 20:48:54,195 : INFO : ALTER TABLE prediction_raw_data_t ADD COLUMN
2024-05-07 20:48:54,198 : INFO : ALTER TABLE prediction_raw_data_t ADD COLUMN
2024-05-07 20:48:54,201 : INFO : ALTER TABLE prediction_raw_data_t ADD COLUMN
2024-05-07 20:48:54,204 : INFO : ALTER TABLE prediction_raw_data_t ADD COLUMN
2024-05-07 20:48:54,204 : INFO : End of Creating Table...
2024-05-07 20:48:54,206 : INFO : Opened prediction database successfully
2024-05-07 20:48:54,206 : INFO : Start of Inserting Data into Table...
2024-05-07 20:48:54,227 : INFO : End of Inserting Data into Table...
2024-05-07 20:48:54,227 : INFO : Start of Exporting Data into CSV...
2024-05-07 20:48:54,228 : INFO : Opened prediction database successfully
2024-05-07 20:48:54,229 : INFO : End of Exporting Data into CSV...
2024-05-07 20:48:54,230 : INFO : Start of Moving Processed Files...
2024-05-07 20:48:54,231 : INFO : Moved the already processed file hr_employee_churn_data_predtict.csv
2024-05-07 20:48:54,231 : INFO : End of Moving Processed Files...
2024-05-07 20:48:54,231 : INFO : End of Data Load, validation and transformation
2024-05-07 20:48:54,231 : INFO : Start of Preprocessing...
2024-05-07 20:48:54,231 : INFO : Start of reading dataset...
2024-05-07 20:48:54,239 : INFO : End of reading dataset...
2024-05-07 20:48:54,239 : INFO : Start of feature encoding...
2024-05-07 20:48:54,259 : INFO : End of feature encoding...
2024-05-07 20:48:54,261 : INFO : Start of Droping Columns...
2024-05-07 20:48:54,264 : INFO : End of Droping Columns...
2024-05-07 20:48:54,264 : INFO : Start of finding missing values...
2024-05-07 20:48:54,267 : INFO : End of finding missing values...
2024-05-07 20:48:54,268 : INFO : Start of building final predictset...
2024-05-07 20:48:54,368 : INFO : End of building final predictset...
2024-05-07 20:48:54,368 : INFO : End of Preprocessing...
2024-05-07 20:48:54,369 : INFO : Start of Load Model
2024-05-07 20:48:54,370 : INFO : Model File KMeans loaded
2024-05-07 20:48:54,370 : INFO : End of Load Model
2024-05-07 20:48:54,696 : INFO : clusters loop started
2024-05-07 20:48:54,697 : INFO : Start of finding correct model
2024-05-07 20:48:54,698 : INFO : End of finding correct model
2024-05-07 20:48:54,698 : INFO : Start of Load Model
2024-05-07 20:48:54,698 : INFO : Model File XGBoost1 loaded
2024-05-07 20:48:54,698 : INFO : End of Load Model
2024-05-07 20:48:54,735 : INFO : clusters loop started
2024-05-07 20:48:54,737 : INFO : Start of finding correct model
2024-05-07 20:48:54,738 : INFO : End of finding correct model
2024-05-07 20:48:54,738 : INFO : Start of Load Model
2024-05-07 20:48:54,738 : INFO : Model File XGBoost2 loaded
2024-05-07 20:48:54,738 : INFO : End of Load Model
2024-05-07 20:48:54,755 : INFO : End of Prediction
