2024-06-08 18:17:12,598 : INFO : Start of Single Prediction
2024-06-08 18:17:12,598 : INFO : run_id:2024-06-08_181712_646710792
2024-06-08 18:17:12,598 : INFO : Start of Preprocessing...
2024-06-08 18:17:12,598 : INFO : Start of feature encoding...
2024-06-08 18:17:12,618 : INFO : End of feature encoding...
2024-06-08 18:17:12,628 : INFO : Start of Droping Columns...
2024-06-08 18:17:12,628 : INFO : End of Droping Columns...
2024-06-08 18:17:12,628 : INFO : Start of finding missing values...
2024-06-08 18:17:12,628 : INFO : End of finding missing values...
2024-06-08 18:17:12,628 : INFO : Start of building final predictset...
2024-06-08 18:17:12,658 : INFO : End of building final predictset...
2024-06-08 18:17:12,658 : INFO : End of Preprocessing...
2024-06-08 18:17:12,658 : INFO : Start of Load Model
2024-06-08 18:17:12,668 : INFO : Model File KMeans loaded
2024-06-08 18:17:12,668 : INFO : End of Load Model
2024-06-08 18:17:12,759 : INFO : Start of finding correct model
2024-06-08 18:17:12,759 : INFO : End of finding correct model
2024-06-08 18:17:12,759 : INFO : Start of Load Model
2024-06-08 18:17:12,769 : INFO : Model File XGBoost1 loaded
2024-06-08 18:17:12,769 : INFO : End of Load Model
2024-06-08 18:17:12,799 : INFO : Shape of Data: (1, 9)
2024-06-08 18:17:12,799 : INFO : Predicted Output: [0]
2024-06-08 18:17:12,799 : INFO : End of Single Prediction
