2024-05-25 11:37:40,598 : INFO : Start of Prediction
2024-05-25 11:37:40,598 : INFO : run_id:2024-05-25_113740_750360573
2024-05-25 11:37:40,598 : INFO : Start of Preprocessing...
2024-05-25 11:37:40,598 : INFO : Start of feature encoding...
2024-05-25 11:37:40,598 : INFO : End of feature encoding...
2024-05-25 11:37:40,598 : INFO : Start of Droping Columns...
2024-05-25 11:37:40,598 : INFO : End of Droping Columns...
2024-05-25 11:37:40,598 : INFO : Start of finding missing values...
2024-05-25 11:37:40,598 : INFO : End of finding missing values...
2024-05-25 11:37:40,598 : INFO : Start of building final predictset...
2024-05-25 11:37:40,609 : INFO : End of building final predictset...
2024-05-25 11:37:40,609 : INFO : End of Preprocessing...
2024-05-25 11:37:40,609 : INFO : Start of Load Model
2024-05-25 11:37:40,609 : INFO : Model File KMeans loaded
2024-05-25 11:37:40,609 : INFO : End of Load Model
2024-05-25 11:37:40,619 : INFO : clusters loop started
2024-05-25 11:37:40,619 : INFO : Start of finding correct model
2024-05-25 11:37:40,619 : INFO : End of finding correct model
2024-05-25 11:37:40,619 : INFO : Start of Load Model
2024-05-25 11:37:40,619 : INFO : Model File XGBoost1 loaded
2024-05-25 11:37:40,619 : INFO : End of Load Model
2024-05-25 11:37:40,639 : INFO : Shape of Data (1, 9)
2024-05-25 11:37:40,649 : INFO : Shape of Data None
2024-05-25 11:37:40,659 : INFO : Output : [0]
2024-05-25 11:37:40,659 : INFO : End of Prediction
