2024-05-25 18:34:31,214 : INFO : Start of Prediction
2024-05-25 18:34:31,214 : INFO : run_id:2024-05-25_183431_208856809
2024-05-25 18:34:31,214 : INFO : Start of Preprocessing...
2024-05-25 18:34:31,214 : INFO : Start of feature encoding...
2024-05-25 18:34:31,234 : INFO : End of feature encoding...
2024-05-25 18:34:31,234 : INFO : Start of Droping Columns...
2024-05-25 18:34:31,244 : INFO : End of Droping Columns...
2024-05-25 18:34:31,244 : INFO : Start of finding missing values...
2024-05-25 18:34:31,244 : INFO : End of finding missing values...
2024-05-25 18:34:31,244 : INFO : Start of building final predictset...
2024-05-25 18:34:31,244 : INFO : End of building final predictset...
2024-05-25 18:34:31,244 : INFO : End of Preprocessing...
2024-05-25 18:34:31,244 : INFO : Start of Load Model
2024-05-25 18:34:31,244 : INFO : Model File KMeans loaded
2024-05-25 18:34:31,244 : INFO : End of Load Model
2024-05-25 18:34:31,373 : INFO : clusters loop started
2024-05-25 18:34:31,373 : INFO : Start of finding correct model
2024-05-25 18:34:31,373 : INFO : End of finding correct model
2024-05-25 18:34:31,373 : INFO : Start of Load Model
2024-05-25 18:34:31,373 : INFO : Model File XGBoost1 loaded
2024-05-25 18:34:31,373 : INFO : End of Load Model
2024-05-25 18:34:31,409 : INFO : Shape of Data (1, 9)
2024-05-25 18:34:31,420 : INFO : Shape of Data None
2024-05-25 18:34:31,431 : INFO : Output : [0]
2024-05-25 18:34:31,431 : INFO : End of Prediction
