2024-06-10 15:39:19,358 : INFO : Start of Prediction
2024-06-10 15:39:19,358 : INFO : run_id:2024-06-10_153919_619128122
2024-06-10 15:39:19,358 : INFO : Start of Preprocessing...
2024-06-10 15:39:19,358 : INFO : Start of feature encoding...
2024-06-10 15:39:19,358 : INFO : End of feature encoding...
2024-06-10 15:39:19,358 : INFO : Start of Droping Columns...
2024-06-10 15:39:19,366 : INFO : End of Droping Columns...
2024-06-10 15:39:19,366 : INFO : Start of finding missing values...
2024-06-10 15:39:19,366 : INFO : End of finding missing values...
2024-06-10 15:39:19,366 : INFO : Start of building final predictset...
2024-06-10 15:39:19,371 : INFO : End of building final predictset...
2024-06-10 15:39:19,371 : INFO : End of Preprocessing...
2024-06-10 15:39:19,371 : INFO : Start of Load Model
2024-06-10 15:39:19,371 : INFO : Model File KMeans loaded
2024-06-10 15:39:19,371 : INFO : End of Load Model
2024-06-10 15:39:19,382 : INFO : clusters loop started
2024-06-10 15:39:19,388 : INFO : Start of finding correct model
2024-06-10 15:39:19,388 : INFO : End of finding correct model
2024-06-10 15:39:19,388 : INFO : Start of Load Model
2024-06-10 15:39:19,388 : INFO : Model File XGBoost1 loaded
2024-06-10 15:39:19,388 : INFO : End of Load Model
2024-06-10 15:39:19,406 : INFO : Shape of Data (1, 9)
2024-06-10 15:39:19,419 : INFO : Shape of Data None
2024-06-10 15:39:19,425 : INFO : Output : [0]
2024-06-10 15:39:19,425 : INFO : End of Prediction
