2024-06-08 18:31:13,359 : INFO : Start of Single Prediction
2024-06-08 18:31:13,359 : INFO : run_id:2024-06-08_183113_888592217
2024-06-08 18:31:13,359 : INFO : Start of Preprocessing...
2024-06-08 18:31:13,359 : INFO : Start of feature encoding...
2024-06-08 18:31:13,359 : INFO : End of feature encoding...
2024-06-08 18:31:13,359 : INFO : Start of Droping Columns...
2024-06-08 18:31:13,369 : INFO : End of Droping Columns...
2024-06-08 18:31:13,369 : INFO : Start of finding missing values...
2024-06-08 18:31:13,369 : INFO : End of finding missing values...
2024-06-08 18:31:13,379 : INFO : Start of building final predictset...
2024-06-08 18:31:13,409 : INFO : End of building final predictset...
2024-06-08 18:31:13,409 : INFO : End of Preprocessing...
2024-06-08 18:31:13,409 : INFO : Start of Load Model
2024-06-08 18:31:13,419 : INFO : Model File KMeans loaded
2024-06-08 18:31:13,419 : INFO : End of Load Model
2024-06-08 18:31:13,490 : INFO : Start of finding correct model
2024-06-08 18:31:13,490 : INFO : End of finding correct model
2024-06-08 18:31:13,490 : INFO : Start of Load Model
2024-06-08 18:31:13,510 : INFO : Model File XGBoost1 loaded
2024-06-08 18:31:13,510 : INFO : End of Load Model
2024-06-08 18:31:13,520 : INFO : Shape of Data: (1, 9)
2024-06-08 18:31:13,520 : INFO : Predicted Output: [0]
2024-06-08 18:31:13,520 : INFO : End of Single Prediction
