2024-05-25 11:41:39,255 : INFO : Start of Prediction
2024-05-25 11:41:39,255 : INFO : run_id:2024-05-25_114139_264300743
2024-05-25 11:41:39,255 : INFO : Start of Preprocessing...
2024-05-25 11:41:39,255 : INFO : Start of feature encoding...
2024-05-25 11:41:39,255 : INFO : End of feature encoding...
2024-05-25 11:41:39,265 : INFO : Start of Droping Columns...
2024-05-25 11:41:39,265 : INFO : End of Droping Columns...
2024-05-25 11:41:39,265 : INFO : Start of finding missing values...
2024-05-25 11:41:39,265 : INFO : End of finding missing values...
2024-05-25 11:41:39,276 : INFO : Start of building final predictset...
2024-05-25 11:41:39,276 : INFO : End of building final predictset...
2024-05-25 11:41:39,276 : INFO : End of Preprocessing...
2024-05-25 11:41:39,276 : INFO : Start of Load Model
2024-05-25 11:41:39,276 : INFO : Model File KMeans loaded
2024-05-25 11:41:39,276 : INFO : End of Load Model
2024-05-25 11:41:39,296 : INFO : clusters loop started
2024-05-25 11:41:39,296 : INFO : Start of finding correct model
2024-05-25 11:41:39,296 : INFO : End of finding correct model
2024-05-25 11:41:39,296 : INFO : Start of Load Model
2024-05-25 11:41:39,296 : INFO : Model File XGBoost1 loaded
2024-05-25 11:41:39,296 : INFO : End of Load Model
2024-05-25 11:41:39,316 : INFO : Shape of Data (1, 9)
2024-05-25 11:41:39,326 : INFO : Shape of Data None
2024-05-25 11:41:39,336 : INFO : Output : [1]
2024-05-25 11:41:39,336 : INFO : End of Prediction
