2024-06-08 21:01:24,387 : INFO : Start of Prediction
2024-06-08 21:01:24,388 : INFO : run_id:2024-06-08_210124_138901313
2024-06-08 21:01:24,388 : INFO : Start of Data Load, validation and transformation
2024-06-08 21:01:24,388 : INFO : Start of Archiving Old Rejected Files...
2024-06-08 21:01:24,390 : INFO : End of Archiving Old Rejected Files...
2024-06-08 21:01:24,390 : INFO : Start of Archiving Old Validated Files...
2024-06-08 21:01:24,393 : INFO : End of Archiving Old Validated Files...
2024-06-08 21:01:24,393 : INFO : Start of Archiving Old Processed Files...
2024-06-08 21:01:24,393 : INFO : End of Archiving Old Processed Files...
2024-06-08 21:01:24,394 : INFO : Start of Archiving Old Result Files...
2024-06-08 21:01:24,396 : INFO : End of Archiving Old Result Files...
2024-06-08 21:01:24,396 : INFO : Start of Reading values From Schema...
2024-06-08 21:01:24,396 : INFO : End of Reading values From Schema...
2024-06-08 21:01:24,396 : INFO : Start of Validating Column Length...
2024-06-08 21:01:24,413 : INFO : End of Validating Column Length...
2024-06-08 21:01:24,413 : INFO : Start of Validating Missing Values...
2024-06-08 21:01:24,420 : INFO : End of Validating Missing Values...
2024-06-08 21:01:24,421 : INFO : Start of Replacing Missing Values with NULL...
2024-06-08 21:01:24,425 : INFO : hr_employee_churn_data_predict3.csv: File Transformed successfully!!
2024-06-08 21:01:24,425 : INFO : End of Replacing Missing Values with NULL...
2024-06-08 21:01:24,425 : INFO : Start of Creating Table...
2024-06-08 21:01:24,426 : INFO : Opened prediction database successfully
2024-06-08 21:01:24,432 : INFO : CREATE TABLE prediction_raw_data_t column_name
2024-06-08 21:01:24,434 : INFO : ALTER TABLE prediction_raw_data_t ADD COLUMN
2024-06-08 21:01:24,438 : INFO : ALTER TABLE prediction_raw_data_t ADD COLUMN
2024-06-08 21:01:24,440 : INFO : ALTER TABLE prediction_raw_data_t ADD COLUMN
2024-06-08 21:01:24,442 : INFO : ALTER TABLE prediction_raw_data_t ADD COLUMN
2024-06-08 21:01:24,445 : INFO : ALTER TABLE prediction_raw_data_t ADD COLUMN
2024-06-08 21:01:24,447 : INFO : ALTER TABLE prediction_raw_data_t ADD COLUMN
2024-06-08 21:01:24,449 : INFO : ALTER TABLE prediction_raw_data_t ADD COLUMN
2024-06-08 21:01:24,452 : INFO : ALTER TABLE prediction_raw_data_t ADD COLUMN
2024-06-08 21:01:24,452 : INFO : End of Creating Table...
2024-06-08 21:01:24,454 : INFO : Opened prediction database successfully
2024-06-08 21:01:24,454 : INFO : Start of Inserting Data into Table...
2024-06-08 21:01:24,485 : INFO : End of Inserting Data into Table...
2024-06-08 21:01:24,485 : INFO : Start of Exporting Data into CSV...
2024-06-08 21:01:24,487 : INFO : Opened prediction database successfully
2024-06-08 21:01:24,488 : INFO : End of Exporting Data into CSV...
2024-06-08 21:01:24,489 : INFO : Start of Moving Processed Files...
2024-06-08 21:01:24,489 : INFO : Moved the already processed file hr_employee_churn_data_predict3.csv
2024-06-08 21:01:24,490 : INFO : End of Moving Processed Files...
2024-06-08 21:01:24,490 : INFO : End of Data Load, validation and transformation
2024-06-08 21:01:24,490 : INFO : Start of Preprocessing...
2024-06-08 21:01:24,490 : INFO : Start of reading dataset...
2024-06-08 21:01:24,496 : INFO : End of reading dataset...
2024-06-08 21:01:24,497 : INFO : Start of feature encoding...
2024-06-08 21:01:24,500 : INFO : End of feature encoding...
2024-06-08 21:01:24,501 : INFO : Start of Droping Columns...
2024-06-08 21:01:24,501 : INFO : End of Droping Columns...
2024-06-08 21:01:24,501 : INFO : Start of finding missing values...
2024-06-08 21:01:24,502 : INFO : End of finding missing values...
2024-06-08 21:01:24,502 : INFO : Start of building final predictset...
2024-06-08 21:01:24,506 : INFO : End of building final predictset...
2024-06-08 21:01:24,506 : INFO : End of Preprocessing...
2024-06-08 21:01:24,506 : INFO : Start of Load Model
2024-06-08 21:01:24,506 : INFO : Model File KMeans loaded
2024-06-08 21:01:24,506 : INFO : End of Load Model
2024-06-08 21:01:24,661 : INFO : clusters loop started
2024-06-08 21:01:24,663 : INFO : Start of finding correct model
2024-06-08 21:01:24,665 : INFO : End of finding correct model
2024-06-08 21:01:24,665 : INFO : Start of Load Model
2024-06-08 21:01:24,665 : INFO : Model File XGBoost1 loaded
2024-06-08 21:01:24,665 : INFO : End of Load Model
2024-06-08 21:01:24,702 : INFO : clusters loop started
2024-06-08 21:01:24,703 : INFO : Start of finding correct model
2024-06-08 21:01:24,726 : INFO : End of finding correct model
2024-06-08 21:01:24,727 : INFO : Start of Load Model
2024-06-08 21:01:24,727 : INFO : Model File XGBoost0 loaded
2024-06-08 21:01:24,727 : INFO : End of Load Model
2024-06-08 21:01:24,739 : INFO : End of Prediction
