2024-06-10 13:30:54,444 : INFO : Start of Prediction
2024-06-10 13:30:54,444 : INFO : run_id:2024-06-10_133054_572381661
2024-06-10 13:30:54,444 : INFO : Start of Preprocessing...
2024-06-10 13:30:54,452 : INFO : Start of feature encoding...
2024-06-10 13:30:54,452 : INFO : End of feature encoding...
2024-06-10 13:30:54,452 : INFO : Start of Droping Columns...
2024-06-10 13:30:54,459 : INFO : End of Droping Columns...
2024-06-10 13:30:54,459 : INFO : Start of finding missing values...
2024-06-10 13:30:54,459 : INFO : End of finding missing values...
2024-06-10 13:30:54,471 : INFO : Start of building final predictset...
2024-06-10 13:30:54,475 : INFO : End of building final predictset...
2024-06-10 13:30:54,475 : INFO : End of Preprocessing...
2024-06-10 13:30:54,475 : INFO : Start of Load Model
2024-06-10 13:30:54,475 : INFO : Model File KMeans loaded
2024-06-10 13:30:54,475 : INFO : End of Load Model
2024-06-10 13:30:54,481 : INFO : clusters loop started
2024-06-10 13:30:54,490 : INFO : Start of finding correct model
2024-06-10 13:30:54,490 : INFO : End of finding correct model
2024-06-10 13:30:54,490 : INFO : Start of Load Model
2024-06-10 13:30:54,491 : INFO : Model File XGBoost1 loaded
2024-06-10 13:30:54,491 : INFO : End of Load Model
2024-06-10 13:30:54,506 : INFO : Shape of Data (1, 9)
2024-06-10 13:30:54,510 : INFO : Shape of Data None
2024-06-10 13:30:54,522 : INFO : Output : [0]
2024-06-10 13:30:54,524 : INFO : End of Prediction
