2024-05-25 11:35:23,908 : INFO : Start of Prediction
2024-05-25 11:35:23,949 : INFO : run_id:2024-05-25_113522_799749676
2024-05-25 11:35:23,959 : INFO : Start of Preprocessing...
2024-05-25 11:35:23,961 : INFO : Start of feature encoding...
2024-05-25 11:35:24,029 : INFO : End of feature encoding...
2024-05-25 11:35:24,040 : INFO : Start of Droping Columns...
2024-05-25 11:35:24,050 : INFO : End of Droping Columns...
2024-05-25 11:35:24,050 : INFO : Start of finding missing values...
2024-05-25 11:35:24,050 : INFO : End of finding missing values...
2024-05-25 11:35:24,050 : INFO : Start of building final predictset...
2024-05-25 11:35:24,223 : INFO : End of building final predictset...
2024-05-25 11:35:24,223 : INFO : End of Preprocessing...
2024-05-25 11:35:24,233 : INFO : Start of Load Model
2024-05-25 11:35:24,273 : INFO : Model File KMeans loaded
2024-05-25 11:35:24,273 : INFO : End of Load Model
2024-05-25 11:35:24,768 : INFO : clusters loop started
2024-05-25 11:35:24,768 : INFO : Start of finding correct model
2024-05-25 11:35:24,768 : INFO : End of finding correct model
2024-05-25 11:35:24,768 : INFO : Start of Load Model
2024-05-25 11:35:24,808 : INFO : Model File XGBoost1 loaded
2024-05-25 11:35:24,808 : INFO : End of Load Model
2024-05-25 11:35:24,918 : INFO : Shape of Data (1, 9)
2024-05-25 11:35:24,958 : INFO : Shape of Data None
2024-05-25 11:35:24,988 : INFO : Output : [0]
2024-05-25 11:35:24,998 : INFO : End of Prediction
