2024-06-08 19:13:05,056 : INFO : Start of Single Prediction
2024-06-08 19:13:05,056 : INFO : run_id:2024-06-08_191305_413688846
2024-06-08 19:13:05,056 : INFO : Start of Preprocessing...
2024-06-08 19:13:05,056 : INFO : Start of feature encoding...
2024-06-08 19:13:05,056 : INFO : End of feature encoding...
2024-06-08 19:13:05,056 : INFO : Start of Droping Columns...
2024-06-08 19:13:05,066 : INFO : End of Droping Columns...
2024-06-08 19:13:05,066 : INFO : Start of finding missing values...
2024-06-08 19:13:05,066 : INFO : End of finding missing values...
2024-06-08 19:13:05,076 : INFO : Start of building final predictset...
2024-06-08 19:13:05,086 : INFO : End of building final predictset...
2024-06-08 19:13:05,086 : INFO : End of Preprocessing...
2024-06-08 19:13:05,086 : INFO : Start of Load Model
2024-06-08 19:13:05,086 : INFO : Model File KMeans loaded
2024-06-08 19:13:05,086 : INFO : End of Load Model
2024-06-08 19:13:05,186 : INFO : Start of finding correct model
2024-06-08 19:13:05,186 : INFO : End of finding correct model
2024-06-08 19:13:05,196 : INFO : Start of Load Model
2024-06-08 19:13:05,196 : INFO : Model File XGBoost1 loaded
2024-06-08 19:13:05,196 : INFO : End of Load Model
2024-06-08 19:13:05,206 : INFO : Shape of Data: (1, 9)
2024-06-08 19:13:05,206 : INFO : Predicted Output: [0]
2024-06-08 19:13:05,206 : INFO : End of Single Prediction
