2024-06-09 00:51:11,116 : INFO : Start of Prediction
2024-06-09 00:51:11,116 : INFO : run_id:2024-06-09_005111_120734747
2024-06-09 00:51:11,116 : INFO : Start of Data Load, validation and transformation
2024-06-09 00:51:11,116 : INFO : Start of Archiving Old Rejected Files...
2024-06-09 00:51:11,116 : INFO : End of Archiving Old Rejected Files...
2024-06-09 00:51:11,116 : INFO : Start of Archiving Old Validated Files...
2024-06-09 00:51:11,127 : INFO : End of Archiving Old Validated Files...
2024-06-09 00:51:11,127 : INFO : Start of Archiving Old Processed Files...
2024-06-09 00:51:11,147 : INFO : End of Archiving Old Processed Files...
2024-06-09 00:51:11,147 : INFO : Start of Archiving Old Result Files...
2024-06-09 00:51:11,157 : INFO : End of Archiving Old Result Files...
2024-06-09 00:51:11,157 : INFO : Start of Reading values From Schema...
2024-06-09 00:51:11,157 : INFO : End of Reading values From Schema...
2024-06-09 00:51:11,157 : INFO : Start of Validating Column Length...
2024-06-09 00:51:11,168 : INFO : End of Validating Column Length...
2024-06-09 00:51:11,168 : INFO : Start of Validating Missing Values...
2024-06-09 00:51:11,168 : INFO : End of Validating Missing Values...
2024-06-09 00:51:11,168 : INFO : Start of Replacing Missing Values with NULL...
2024-06-09 00:51:11,178 : INFO : predict_data2.csv: File Transformed successfully!!
2024-06-09 00:51:11,178 : INFO : End of Replacing Missing Values with NULL...
2024-06-09 00:51:11,178 : INFO : Start of Creating Table...
2024-06-09 00:51:11,178 : INFO : Opened prediction database successfully
2024-06-09 00:51:11,199 : INFO : CREATE TABLE prediction_raw_data_t column_name
2024-06-09 00:51:11,210 : INFO : ALTER TABLE prediction_raw_data_t ADD COLUMN
2024-06-09 00:51:11,211 : INFO : ALTER TABLE prediction_raw_data_t ADD COLUMN
2024-06-09 00:51:11,220 : INFO : ALTER TABLE prediction_raw_data_t ADD COLUMN
2024-06-09 00:51:11,229 : INFO : ALTER TABLE prediction_raw_data_t ADD COLUMN
2024-06-09 00:51:11,237 : INFO : ALTER TABLE prediction_raw_data_t ADD COLUMN
2024-06-09 00:51:11,239 : INFO : ALTER TABLE prediction_raw_data_t ADD COLUMN
2024-06-09 00:51:11,250 : INFO : ALTER TABLE prediction_raw_data_t ADD COLUMN
2024-06-09 00:51:11,260 : INFO : ALTER TABLE prediction_raw_data_t ADD COLUMN
2024-06-09 00:51:11,260 : INFO : End of Creating Table...
2024-06-09 00:51:11,260 : INFO : Opened prediction database successfully
2024-06-09 00:51:11,260 : INFO : Start of Inserting Data into Table...
2024-06-09 00:51:11,290 : INFO : End of Inserting Data into Table...
2024-06-09 00:51:11,290 : INFO : Start of Exporting Data into CSV...
2024-06-09 00:51:11,290 : INFO : Opened prediction database successfully
2024-06-09 00:51:11,300 : INFO : End of Exporting Data into CSV...
2024-06-09 00:51:11,300 : INFO : Start of Moving Processed Files...
2024-06-09 00:51:11,372 : INFO : Moved the already processed file predict_data2.csv
2024-06-09 00:51:11,381 : INFO : End of Moving Processed Files...
2024-06-09 00:51:11,381 : INFO : End of Data Load, validation and transformation
2024-06-09 00:51:11,381 : INFO : Start of Preprocessing...
2024-06-09 00:51:11,383 : INFO : Start of reading dataset...
2024-06-09 00:51:11,406 : INFO : End of reading dataset...
2024-06-09 00:51:11,406 : INFO : Start of feature encoding...
2024-06-09 00:51:11,406 : INFO : End of feature encoding...
2024-06-09 00:51:11,406 : INFO : Start of Droping Columns...
2024-06-09 00:51:11,414 : INFO : End of Droping Columns...
2024-06-09 00:51:11,414 : INFO : Start of finding missing values...
2024-06-09 00:51:11,414 : INFO : End of finding missing values...
2024-06-09 00:51:11,414 : INFO : Start of building final predictset...
2024-06-09 00:51:11,423 : INFO : End of building final predictset...
2024-06-09 00:51:11,423 : INFO : End of Preprocessing...
2024-06-09 00:51:11,423 : INFO : Start of Load Model
2024-06-09 00:51:11,423 : INFO : Model File KMeans loaded
2024-06-09 00:51:11,423 : INFO : End of Load Model
2024-06-09 00:51:11,648 : INFO : clusters loop started
2024-06-09 00:51:11,659 : INFO : Start of finding correct model
2024-06-09 00:51:11,659 : INFO : End of finding correct model
2024-06-09 00:51:11,659 : INFO : Start of Load Model
2024-06-09 00:51:11,659 : INFO : Model File XGBoost0 loaded
2024-06-09 00:51:11,659 : INFO : End of Load Model
2024-06-09 00:51:11,689 : INFO : clusters loop started
2024-06-09 00:51:11,689 : INFO : Start of finding correct model
2024-06-09 00:51:11,689 : INFO : End of finding correct model
2024-06-09 00:51:11,689 : INFO : Start of Load Model
2024-06-09 00:51:11,689 : INFO : Model File XGBoost2 loaded
2024-06-09 00:51:11,689 : INFO : End of Load Model
2024-06-09 00:51:11,730 : INFO : End of Prediction
