2024-06-10 13:33:08,733 : INFO : Start of Prediction
2024-06-10 13:33:08,733 : INFO : run_id:2024-06-10_133308_353643240
2024-06-10 13:33:08,733 : INFO : Start of Preprocessing...
2024-06-10 13:33:08,733 : INFO : Start of feature encoding...
2024-06-10 13:33:08,733 : INFO : End of feature encoding...
2024-06-10 13:33:08,733 : INFO : Start of Droping Columns...
2024-06-10 13:33:08,733 : INFO : End of Droping Columns...
2024-06-10 13:33:08,733 : INFO : Start of finding missing values...
2024-06-10 13:33:08,743 : INFO : End of finding missing values...
2024-06-10 13:33:08,753 : INFO : Start of building final predictset...
2024-06-10 13:33:08,753 : INFO : End of building final predictset...
2024-06-10 13:33:08,753 : INFO : End of Preprocessing...
2024-06-10 13:33:08,753 : INFO : Start of Load Model
2024-06-10 13:33:08,753 : INFO : Model File KMeans loaded
2024-06-10 13:33:08,753 : INFO : End of Load Model
2024-06-10 13:33:08,763 : INFO : clusters loop started
2024-06-10 13:33:08,773 : INFO : Start of finding correct model
2024-06-10 13:33:08,773 : INFO : End of finding correct model
2024-06-10 13:33:08,773 : INFO : Start of Load Model
2024-06-10 13:33:08,773 : INFO : Model File XGBoost0 loaded
2024-06-10 13:33:08,773 : INFO : End of Load Model
2024-06-10 13:33:08,783 : INFO : Shape of Data (1, 9)
2024-06-10 13:33:08,793 : INFO : Shape of Data None
2024-06-10 13:33:08,803 : INFO : Output : [1]
2024-06-10 13:33:08,803 : INFO : End of Prediction
