2024-05-25 11:37:39,248 : INFO : Start of Prediction
2024-05-25 11:37:39,248 : INFO : run_id:2024-05-25_113739_153977601
2024-05-25 11:37:39,248 : INFO : Start of Preprocessing...
2024-05-25 11:37:39,248 : INFO : Start of feature encoding...
2024-05-25 11:37:39,248 : INFO : End of feature encoding...
2024-05-25 11:37:39,256 : INFO : Start of Droping Columns...
2024-05-25 11:37:39,256 : INFO : End of Droping Columns...
2024-05-25 11:37:39,256 : INFO : Start of finding missing values...
2024-05-25 11:37:39,256 : INFO : End of finding missing values...
2024-05-25 11:37:39,256 : INFO : Start of building final predictset...
2024-05-25 11:37:39,265 : INFO : End of building final predictset...
2024-05-25 11:37:39,265 : INFO : End of Preprocessing...
2024-05-25 11:37:39,265 : INFO : Start of Load Model
2024-05-25 11:37:39,265 : INFO : Model File KMeans loaded
2024-05-25 11:37:39,265 : INFO : End of Load Model
2024-05-25 11:37:39,280 : INFO : clusters loop started
2024-05-25 11:37:39,282 : INFO : Start of finding correct model
2024-05-25 11:37:39,282 : INFO : End of finding correct model
2024-05-25 11:37:39,282 : INFO : Start of Load Model
2024-05-25 11:37:39,282 : INFO : Model File XGBoost1 loaded
2024-05-25 11:37:39,282 : INFO : End of Load Model
2024-05-25 11:37:39,303 : INFO : Shape of Data (1, 9)
2024-05-25 11:37:39,311 : INFO : Shape of Data None
2024-05-25 11:37:39,329 : INFO : Output : [0]
2024-05-25 11:37:39,329 : INFO : End of Prediction
