2024-06-09 12:37:39,622 : INFO : Start of Prediction
2024-06-09 12:37:39,622 : INFO : run_id:2024-06-09_123739_255775308
2024-06-09 12:37:39,622 : INFO : Start of Data Load, validation and transformation
2024-06-09 12:37:39,622 : INFO : Start of Archiving Old Rejected Files...
2024-06-09 12:37:39,624 : INFO : End of Archiving Old Rejected Files...
2024-06-09 12:37:39,624 : INFO : Start of Archiving Old Validated Files...
2024-06-09 12:37:39,625 : INFO : End of Archiving Old Validated Files...
2024-06-09 12:37:39,626 : INFO : Start of Archiving Old Processed Files...
2024-06-09 12:37:39,626 : INFO : End of Archiving Old Processed Files...
2024-06-09 12:37:39,626 : INFO : Start of Archiving Old Result Files...
2024-06-09 12:37:39,626 : INFO : End of Archiving Old Result Files...
2024-06-09 12:37:39,626 : INFO : Start of Reading values From Schema...
2024-06-09 12:37:39,628 : INFO : End of Reading values From Schema...
2024-06-09 12:37:39,628 : INFO : Start of Validating Column Length...
2024-06-09 12:37:39,634 : INFO : End of Validating Column Length...
2024-06-09 12:37:39,634 : INFO : Start of Validating Missing Values...
2024-06-09 12:37:39,637 : INFO : End of Validating Missing Values...
2024-06-09 12:37:39,637 : INFO : Start of Replacing Missing Values with NULL...
2024-06-09 12:37:39,644 : INFO : prediction_data_1.csv: File Transformed successfully!!
2024-06-09 12:37:39,645 : INFO : End of Replacing Missing Values with NULL...
2024-06-09 12:37:39,645 : INFO : Start of Creating Table...
2024-06-09 12:37:39,647 : INFO : Opened prediction database successfully
2024-06-09 12:37:39,654 : INFO : CREATE TABLE prediction_raw_data_t column_name
2024-06-09 12:37:39,657 : INFO : ALTER TABLE prediction_raw_data_t ADD COLUMN
2024-06-09 12:37:39,660 : INFO : ALTER TABLE prediction_raw_data_t ADD COLUMN
2024-06-09 12:37:39,662 : INFO : ALTER TABLE prediction_raw_data_t ADD COLUMN
2024-06-09 12:37:39,664 : INFO : ALTER TABLE prediction_raw_data_t ADD COLUMN
2024-06-09 12:37:39,667 : INFO : ALTER TABLE prediction_raw_data_t ADD COLUMN
2024-06-09 12:37:39,669 : INFO : ALTER TABLE prediction_raw_data_t ADD COLUMN
2024-06-09 12:37:39,672 : INFO : ALTER TABLE prediction_raw_data_t ADD COLUMN
2024-06-09 12:37:39,675 : INFO : ALTER TABLE prediction_raw_data_t ADD COLUMN
2024-06-09 12:37:39,675 : INFO : End of Creating Table...
2024-06-09 12:37:39,676 : INFO : Opened prediction database successfully
2024-06-09 12:37:39,676 : INFO : Start of Inserting Data into Table...
2024-06-09 12:37:39,680 : INFO : End of Inserting Data into Table...
2024-06-09 12:37:39,680 : INFO : Start of Exporting Data into CSV...
2024-06-09 12:37:39,681 : INFO : Opened prediction database successfully
2024-06-09 12:37:39,682 : INFO : End of Exporting Data into CSV...
2024-06-09 12:37:39,682 : INFO : Start of Moving Processed Files...
2024-06-09 12:37:39,683 : INFO : Moved the already processed file prediction_data_1.csv
2024-06-09 12:37:39,683 : INFO : End of Moving Processed Files...
2024-06-09 12:37:39,683 : INFO : End of Data Load, validation and transformation
2024-06-09 12:37:39,683 : INFO : Start of Preprocessing...
2024-06-09 12:37:39,683 : INFO : Start of reading dataset...
2024-06-09 12:37:39,692 : INFO : End of reading dataset...
2024-06-09 12:37:39,692 : INFO : Start of feature encoding...
2024-06-09 12:37:39,696 : INFO : End of feature encoding...
2024-06-09 12:37:39,696 : INFO : Start of Droping Columns...
2024-06-09 12:37:39,698 : INFO : End of Droping Columns...
2024-06-09 12:37:39,698 : INFO : Start of finding missing values...
2024-06-09 12:37:39,698 : INFO : End of finding missing values...
2024-06-09 12:37:39,698 : INFO : Start of building final predictset...
2024-06-09 12:37:39,729 : INFO : End of building final predictset...
2024-06-09 12:37:39,729 : INFO : End of Preprocessing...
2024-06-09 12:37:39,729 : INFO : Start of Load Model
2024-06-09 12:37:39,742 : INFO : Model File KMeans loaded
2024-06-09 12:37:39,742 : INFO : End of Load Model
2024-06-09 12:37:39,809 : INFO : clusters loop started
2024-06-09 12:37:39,811 : INFO : Start of finding correct model
2024-06-09 12:37:39,811 : INFO : End of finding correct model
2024-06-09 12:37:39,811 : INFO : Start of Load Model
2024-06-09 12:37:39,819 : INFO : Model File XGBoost1 loaded
2024-06-09 12:37:39,819 : INFO : End of Load Model
2024-06-09 12:37:39,841 : INFO : End of Prediction
