2024-06-10 13:30:59,429 : INFO : Start of Prediction
2024-06-10 13:30:59,439 : INFO : run_id:2024-06-10_133059_829559548
2024-06-10 13:30:59,439 : INFO : Start of Preprocessing...
2024-06-10 13:30:59,439 : INFO : Start of feature encoding...
2024-06-10 13:30:59,439 : INFO : End of feature encoding...
2024-06-10 13:30:59,439 : INFO : Start of Droping Columns...
2024-06-10 13:30:59,439 : INFO : End of Droping Columns...
2024-06-10 13:30:59,439 : INFO : Start of finding missing values...
2024-06-10 13:30:59,439 : INFO : End of finding missing values...
2024-06-10 13:30:59,449 : INFO : Start of building final predictset...
2024-06-10 13:30:59,459 : INFO : End of building final predictset...
2024-06-10 13:30:59,459 : INFO : End of Preprocessing...
2024-06-10 13:30:59,459 : INFO : Start of Load Model
2024-06-10 13:30:59,459 : INFO : Model File KMeans loaded
2024-06-10 13:30:59,459 : INFO : End of Load Model
2024-06-10 13:30:59,469 : INFO : clusters loop started
2024-06-10 13:30:59,469 : INFO : Start of finding correct model
2024-06-10 13:30:59,469 : INFO : End of finding correct model
2024-06-10 13:30:59,469 : INFO : Start of Load Model
2024-06-10 13:30:59,469 : INFO : Model File XGBoost1 loaded
2024-06-10 13:30:59,469 : INFO : End of Load Model
2024-06-10 13:30:59,489 : INFO : Shape of Data (1, 9)
2024-06-10 13:30:59,499 : INFO : Shape of Data None
2024-06-10 13:30:59,499 : INFO : Output : [0]
2024-06-10 13:30:59,499 : INFO : End of Prediction
