2024-06-09 01:00:33,169 : INFO : Start of Prediction
2024-06-09 01:00:33,169 : INFO : run_id:2024-06-09_010033_801522661
2024-06-09 01:00:33,169 : INFO : Start of Preprocessing...
2024-06-09 01:00:33,170 : INFO : Start of feature encoding...
2024-06-09 01:00:33,173 : INFO : End of feature encoding...
2024-06-09 01:00:33,174 : INFO : Start of Droping Columns...
2024-06-09 01:00:33,175 : INFO : End of Droping Columns...
2024-06-09 01:00:33,176 : INFO : Start of finding missing values...
2024-06-09 01:00:33,176 : INFO : End of finding missing values...
2024-06-09 01:00:33,187 : INFO : Start of building final predictset...
2024-06-09 01:00:33,198 : INFO : End of building final predictset...
2024-06-09 01:00:33,198 : INFO : End of Preprocessing...
2024-06-09 01:00:33,198 : INFO : Start of Load Model
2024-06-09 01:00:33,199 : INFO : Model File KMeans loaded
2024-06-09 01:00:33,199 : INFO : End of Load Model
2024-06-09 01:00:33,210 : INFO : clusters loop started
2024-06-09 01:00:33,212 : INFO : Start of finding correct model
2024-06-09 01:00:33,213 : INFO : End of finding correct model
2024-06-09 01:00:33,213 : INFO : Start of Load Model
2024-06-09 01:00:33,213 : INFO : Model File XGBoost1 loaded
2024-06-09 01:00:33,214 : INFO : End of Load Model
2024-06-09 01:00:33,226 : INFO : Shape of Data (1, 9)
2024-06-09 01:00:33,235 : INFO : Shape of Data None
2024-06-09 01:00:33,241 : INFO : Output : [0]
2024-06-09 01:00:33,241 : INFO : End of Prediction
