2024-05-07 19:26:46,757 : INFO : Start of Prediction
2024-05-07 19:26:46,758 : INFO : run_id:2024-05-07_192646_273595839
2024-05-07 19:26:46,758 : INFO : Start of Data Load, validation and transformation
2024-05-07 19:26:46,758 : INFO : Start of Archiving Old Rejected Files...
2024-05-07 19:26:46,759 : INFO : End of Archiving Old Rejected Files...
2024-05-07 19:26:46,759 : INFO : Start of Archiving Old Validated Files...
2024-05-07 19:26:46,762 : INFO : End of Archiving Old Validated Files...
2024-05-07 19:26:46,762 : INFO : Start of Archiving Old Processed Files...
2024-05-07 19:26:46,773 : INFO : End of Archiving Old Processed Files...
2024-05-07 19:26:46,773 : INFO : Start of Archiving Old Result Files...
2024-05-07 19:26:46,774 : INFO : End of Archiving Old Result Files...
2024-05-07 19:26:46,774 : INFO : Start of Reading values From Schema...
2024-05-07 19:26:46,775 : INFO : End of Reading values From Schema...
2024-05-07 19:26:46,775 : INFO : Start of Validating Column Length...
2024-05-07 19:26:46,775 : INFO : End of Validating Column Length...
2024-05-07 19:26:46,775 : INFO : Start of Validating Missing Values...
2024-05-07 19:26:46,775 : INFO : End of Validating Missing Values...
2024-05-07 19:26:46,776 : INFO : Start of Replacing Missing Values with NULL...
2024-05-07 19:26:46,776 : INFO : End of Replacing Missing Values with NULL...
2024-05-07 19:26:46,776 : INFO : Start of Creating Table...
2024-05-07 19:26:46,778 : INFO : Opened prediction database successfully
2024-05-07 19:26:46,790 : INFO : CREATE TABLE prediction_raw_data_t column_name
2024-05-07 19:26:46,796 : INFO : ALTER TABLE prediction_raw_data_t ADD COLUMN
2024-05-07 19:26:46,804 : INFO : ALTER TABLE prediction_raw_data_t ADD COLUMN
2024-05-07 19:26:46,810 : INFO : ALTER TABLE prediction_raw_data_t ADD COLUMN
2024-05-07 19:26:46,817 : INFO : ALTER TABLE prediction_raw_data_t ADD COLUMN
2024-05-07 19:26:46,823 : INFO : ALTER TABLE prediction_raw_data_t ADD COLUMN
2024-05-07 19:26:46,830 : INFO : ALTER TABLE prediction_raw_data_t ADD COLUMN
2024-05-07 19:26:46,836 : INFO : ALTER TABLE prediction_raw_data_t ADD COLUMN
2024-05-07 19:26:46,842 : INFO : ALTER TABLE prediction_raw_data_t ADD COLUMN
2024-05-07 19:26:46,842 : INFO : End of Creating Table...
2024-05-07 19:26:46,846 : INFO : Opened prediction database successfully
2024-05-07 19:26:46,847 : INFO : Start of Inserting Data into Table...
2024-05-07 19:26:46,848 : INFO : End of Inserting Data into Table...
2024-05-07 19:26:46,848 : INFO : Start of Exporting Data into CSV...
2024-05-07 19:26:46,849 : INFO : Opened prediction database successfully
2024-05-07 19:26:46,850 : INFO : End of Exporting Data into CSV...
2024-05-07 19:26:46,851 : INFO : Start of Moving Processed Files...
2024-05-07 19:26:46,852 : INFO : End of Moving Processed Files...
2024-05-07 19:26:46,852 : INFO : End of Data Load, validation and transformation
2024-05-07 19:26:46,852 : INFO : Start of Preprocessing...
2024-05-07 19:26:46,852 : INFO : Start of reading dataset...
2024-05-07 19:26:46,859 : INFO : End of reading dataset...
2024-05-07 19:26:46,859 : INFO : Start of feature encoding...
2024-05-07 19:26:46,884 : INFO : End of feature encoding...
2024-05-07 19:26:46,885 : INFO : Start of Droping Columns...
2024-05-07 19:26:46,885 : INFO : End of Droping Columns...
2024-05-07 19:26:46,886 : INFO : Start of finding missing values...
2024-05-07 19:26:46,886 : INFO : End of finding missing values...
2024-05-07 19:26:46,886 : INFO : Start of building final predictset...
2024-05-07 19:26:46,890 : INFO : End of building final predictset...
2024-05-07 19:26:46,891 : INFO : End of Preprocessing...
2024-05-07 19:26:46,891 : INFO : Start of Load Model
2024-05-07 19:26:46,891 : INFO : Model File KMeans loaded
2024-05-07 19:26:46,891 : INFO : End of Load Model
2024-05-07 19:26:46,895 : ERROR : Unsuccessful End of Prediction
Traceback (most recent call last):
  File "C:\Users\my pc\PycharmProjects\EmployeeRetentionPrediction\apps\prediction\predict_model.py", line 60, in batch_predict_from_model
    clusters = kmeans.predict(self.X.drop(['empid'],axis=1))
               ^^^^^^^^^^^^^^^^^^^^^^^^^^^^^^^^^^^^^^^^^^^^^
  File "C:\Users\my pc\PycharmProjects\EmployeeRetentionPrediction\.venv\Lib\site-packages\sklearn\cluster\_kmeans.py", line 1100, in predict
    X = self._check_test_data(X)
        ^^^^^^^^^^^^^^^^^^^^^^^^
  File "C:\Users\my pc\PycharmProjects\EmployeeRetentionPrediction\.venv\Lib\site-packages\sklearn\cluster\_kmeans.py", line 952, in _check_test_data
    X = self._validate_data(
        ^^^^^^^^^^^^^^^^^^^^
  File "C:\Users\my pc\PycharmProjects\EmployeeRetentionPrediction\.venv\Lib\site-packages\sklearn\base.py", line 633, in _validate_data
    out = check_array(X, input_name="X", **check_params)
          ^^^^^^^^^^^^^^^^^^^^^^^^^^^^^^^^^^^^^^^^^^^^^^
  File "C:\Users\my pc\PycharmProjects\EmployeeRetentionPrediction\.venv\Lib\site-packages\sklearn\utils\validation.py", line 1072, in check_array
    raise ValueError(
ValueError: Found array with 0 sample(s) (shape=(0, 9)) while a minimum of 1 is required by KMeans.
