2024-05-25 11:36:40,963 : INFO : Start of Prediction
2024-05-25 11:36:40,963 : INFO : run_id:2024-05-25_113640_729799974
2024-05-25 11:36:40,963 : INFO : Start of Preprocessing...
2024-05-25 11:36:40,963 : INFO : Start of feature encoding...
2024-05-25 11:36:40,973 : INFO : End of feature encoding...
2024-05-25 11:36:40,973 : INFO : Start of Droping Columns...
2024-05-25 11:36:40,983 : INFO : End of Droping Columns...
2024-05-25 11:36:40,983 : INFO : Start of finding missing values...
2024-05-25 11:36:40,983 : INFO : End of finding missing values...
2024-05-25 11:36:40,993 : INFO : Start of building final predictset...
2024-05-25 11:36:41,013 : INFO : End of building final predictset...
2024-05-25 11:36:41,013 : INFO : End of Preprocessing...
2024-05-25 11:36:41,013 : INFO : Start of Load Model
2024-05-25 11:36:41,013 : INFO : Model File KMeans loaded
2024-05-25 11:36:41,013 : INFO : End of Load Model
2024-05-25 11:36:41,031 : INFO : clusters loop started
2024-05-25 11:36:41,033 : INFO : Start of finding correct model
2024-05-25 11:36:41,033 : INFO : End of finding correct model
2024-05-25 11:36:41,033 : INFO : Start of Load Model
2024-05-25 11:36:41,033 : INFO : Model File XGBoost1 loaded
2024-05-25 11:36:41,033 : INFO : End of Load Model
2024-05-25 11:36:41,043 : INFO : Shape of Data (1, 9)
2024-05-25 11:36:41,063 : INFO : Shape of Data None
2024-05-25 11:36:41,073 : INFO : Output : [0]
2024-05-25 11:36:41,073 : INFO : End of Prediction
