2024-06-08 19:21:30,050 : INFO : Start of Prediction
2024-06-08 19:21:30,050 : INFO : run_id:2024-06-08_192130_949204077
2024-06-08 19:21:30,050 : INFO : Start of Preprocessing...
2024-06-08 19:21:30,050 : INFO : Start of feature encoding...
2024-06-08 19:21:30,050 : INFO : End of feature encoding...
2024-06-08 19:21:30,050 : INFO : Start of Droping Columns...
2024-06-08 19:21:30,050 : INFO : End of Droping Columns...
2024-06-08 19:21:30,050 : INFO : Start of finding missing values...
2024-06-08 19:21:30,050 : INFO : End of finding missing values...
2024-06-08 19:21:30,061 : INFO : Start of building final predictset...
2024-06-08 19:21:30,070 : INFO : End of building final predictset...
2024-06-08 19:21:30,070 : INFO : End of Preprocessing...
2024-06-08 19:21:30,070 : INFO : Start of Load Model
2024-06-08 19:21:30,070 : INFO : Model File KMeans loaded
2024-06-08 19:21:30,070 : INFO : End of Load Model
2024-06-08 19:21:30,171 : INFO : clusters loop started
2024-06-08 19:21:30,171 : INFO : Start of finding correct model
2024-06-08 19:21:30,171 : INFO : End of finding correct model
2024-06-08 19:21:30,171 : INFO : Start of Load Model
2024-06-08 19:21:30,171 : INFO : Model File XGBoost1 loaded
2024-06-08 19:21:30,171 : INFO : End of Load Model
2024-06-08 19:21:30,191 : INFO : Shape of Data (1, 9)
2024-06-08 19:21:30,201 : INFO : Shape of Data None
2024-06-08 19:21:30,201 : INFO : Output : [0]
2024-06-08 19:21:30,201 : INFO : End of Prediction
