2024-06-09 00:59:32,084 : INFO : Start of Prediction
2024-06-09 00:59:32,085 : INFO : run_id:2024-06-09_005932_936744159
2024-06-09 00:59:32,085 : INFO : Start of Preprocessing...
2024-06-09 00:59:32,085 : INFO : Start of feature encoding...
2024-06-09 00:59:32,091 : INFO : End of feature encoding...
2024-06-09 00:59:32,093 : INFO : Start of Droping Columns...
2024-06-09 00:59:32,095 : INFO : End of Droping Columns...
2024-06-09 00:59:32,095 : INFO : Start of finding missing values...
2024-06-09 00:59:32,097 : INFO : End of finding missing values...
2024-06-09 00:59:32,097 : INFO : Start of building final predictset...
2024-06-09 00:59:32,105 : INFO : End of building final predictset...
2024-06-09 00:59:32,106 : INFO : End of Preprocessing...
2024-06-09 00:59:32,106 : INFO : Start of Load Model
2024-06-09 00:59:32,106 : INFO : Model File KMeans loaded
2024-06-09 00:59:32,106 : INFO : End of Load Model
2024-06-09 00:59:32,305 : INFO : clusters loop started
2024-06-09 00:59:32,312 : INFO : Start of finding correct model
2024-06-09 00:59:32,313 : INFO : End of finding correct model
2024-06-09 00:59:32,313 : INFO : Start of Load Model
2024-06-09 00:59:32,313 : INFO : Model File XGBoost0 loaded
2024-06-09 00:59:32,313 : INFO : End of Load Model
2024-06-09 00:59:32,329 : INFO : Shape of Data (1, 9)
2024-06-09 00:59:32,360 : INFO : Shape of Data None
2024-06-09 00:59:32,368 : INFO : Output : [1]
2024-06-09 00:59:32,369 : INFO : End of Prediction
