2024-05-25 11:36:35,277 : INFO : Start of Prediction
2024-05-25 11:36:35,277 : INFO : run_id:2024-05-25_113635_298143878
2024-05-25 11:36:35,277 : INFO : Start of Preprocessing...
2024-05-25 11:36:35,277 : INFO : Start of feature encoding...
2024-05-25 11:36:35,285 : INFO : End of feature encoding...
2024-05-25 11:36:35,293 : INFO : Start of Droping Columns...
2024-05-25 11:36:35,293 : INFO : End of Droping Columns...
2024-05-25 11:36:35,293 : INFO : Start of finding missing values...
2024-05-25 11:36:35,293 : INFO : End of finding missing values...
2024-05-25 11:36:35,306 : INFO : Start of building final predictset...
2024-05-25 11:36:35,322 : INFO : End of building final predictset...
2024-05-25 11:36:35,322 : INFO : End of Preprocessing...
2024-05-25 11:36:35,322 : INFO : Start of Load Model
2024-05-25 11:36:35,322 : INFO : Model File KMeans loaded
2024-05-25 11:36:35,322 : INFO : End of Load Model
2024-05-25 11:36:35,352 : INFO : clusters loop started
2024-05-25 11:36:35,352 : INFO : Start of finding correct model
2024-05-25 11:36:35,362 : INFO : End of finding correct model
2024-05-25 11:36:35,362 : INFO : Start of Load Model
2024-05-25 11:36:35,362 : INFO : Model File XGBoost1 loaded
2024-05-25 11:36:35,362 : INFO : End of Load Model
2024-05-25 11:36:35,425 : INFO : Shape of Data (1, 9)
2024-05-25 11:36:35,440 : INFO : Shape of Data None
2024-05-25 11:36:35,446 : INFO : Output : [0]
2024-05-25 11:36:35,446 : INFO : End of Prediction
