2024-05-07 20:08:54,667 : INFO : Start of Training
2024-05-07 20:08:54,668 : INFO : Run_id:2024-05-07_200854_807443394
2024-05-07 20:08:54,668 : INFO : Start of Data Load, validation and transformation
2024-05-07 20:08:54,668 : INFO : Start of Archiving Old Rejected Files...
2024-05-07 20:08:54,680 : INFO : End of Archiving Old Rejected Files...
2024-05-07 20:08:54,681 : INFO : Start of Archiving Old Validated Files...
2024-05-07 20:08:54,688 : INFO : End of Archiving Old Validated Files...
2024-05-07 20:08:54,689 : INFO : Start of Archiving Old Processed Files...
2024-05-07 20:08:54,691 : INFO : End of Archiving Old Processed Files...
2024-05-07 20:08:54,691 : INFO : Start of Archiving Old Result Files...
2024-05-07 20:08:54,691 : INFO : End of Archiving Old Result Files...
2024-05-07 20:08:54,691 : INFO : Start of Reading values From Schema...
2024-05-07 20:08:54,692 : INFO : End of Reading values From Schema...
2024-05-07 20:08:54,693 : INFO : Start of Validating Column Length...
2024-05-07 20:08:54,736 : INFO : End of Validating Column Length...
2024-05-07 20:08:54,737 : INFO : Start of Validating Missing Values...
2024-05-07 20:08:54,771 : INFO : End of Validating Missing Values...
2024-05-07 20:08:54,772 : INFO : Start of Replacing Missing Values with NULL...
2024-05-07 20:08:55,000 : INFO : hr_employee_churn_data.csv: File Transformed successfully!!
2024-05-07 20:08:55,000 : INFO : End of Replacing Missing Values with NULL...
2024-05-07 20:08:55,002 : INFO : Start of Creating Table...
2024-05-07 20:08:55,015 : INFO : Opened training database successfully
2024-05-07 20:08:55,016 : INFO : Tables created successfully
2024-05-07 20:08:55,017 : INFO : Closed training database successfully
2024-05-07 20:08:55,017 : INFO : End of Creating Table...
2024-05-07 20:08:55,018 : INFO : Opened training database successfully
2024-05-07 20:08:55,018 : INFO : Start of Inserting Data into Table...
2024-05-07 20:10:35,476 : INFO : End of Inserting Data into Table...
2024-05-07 20:10:35,476 : INFO : Start of Exporting Data into CSV...
2024-05-07 20:10:35,480 : INFO : Opened training database successfully
2024-05-07 20:10:35,909 : INFO : End of Exporting Data into CSV...
2024-05-07 20:10:35,914 : INFO : Start of Moving Processed Files...
2024-05-07 20:10:35,918 : INFO : Moved the already processed file hr_employee_churn_data.csv
2024-05-07 20:10:35,918 : INFO : End of Moving Processed Files...
2024-05-07 20:10:35,918 : INFO : End of Data Load, validation and transformation
2024-05-07 20:10:35,919 : INFO : Start of Preprocessing...
2024-05-07 20:10:35,919 : INFO : Start of reading dataset...
2024-05-07 20:10:36,007 : INFO : End of reading dataset...
2024-05-07 20:10:36,007 : INFO : Start of Droping Columns...
2024-05-07 20:10:36,016 : INFO : End of Droping Columns...
2024-05-07 20:10:36,017 : INFO : Start of feature encoding...
2024-05-07 20:10:36,033 : INFO : End of feature encoding...
2024-05-07 20:10:36,039 : INFO : Start of Droping Columns...
2024-05-07 20:10:36,046 : INFO : End of Droping Columns...
2024-05-07 20:10:36,046 : INFO : Start of finding missing values...
2024-05-07 20:10:36,060 : INFO : End of finding missing values...
2024-05-07 20:10:36,061 : INFO : Start of imputing missing values...
2024-05-07 20:10:36,173 : INFO : End of imputing missing values...
2024-05-07 20:10:36,174 : INFO : Start of splitting features and label ...
2024-05-07 20:10:36,178 : INFO : End of splitting features and label ...
2024-05-07 20:10:36,178 : INFO : End of Preprocessing...
2024-05-07 20:10:36,180 : INFO : Start of elbow plotting...
2024-05-07 20:10:38,818 : INFO : The optimum number of clusters is: 3
2024-05-07 20:10:38,818 : INFO : End of elbow plotting...
2024-05-07 20:10:38,818 : INFO : Start of Create clusters...
2024-05-07 20:10:38,950 : INFO : Start of Save Models
2024-05-07 20:10:38,950 : INFO : Start of Save Models
2024-05-07 20:10:38,972 : INFO : Model File KMeans saved
2024-05-07 20:10:38,972 : INFO : Model File KMeans saved
2024-05-07 20:10:38,973 : INFO : End of Save Models
2024-05-07 20:10:38,973 : INFO : End of Save Models
2024-05-07 20:10:38,974 : INFO : succesfully created 3clusters.
2024-05-07 20:10:38,974 : INFO : End of Create clusters...
2024-05-07 20:10:38,999 : INFO : Start of finding best model...
2024-05-07 20:10:38,999 : INFO : Start of finding best params for XGBoost algo...
2024-05-07 20:11:52,980 : INFO : XGBoost best params: {'learning_rate': 0.5, 'max_depth': 5, 'n_estimators': 200}
2024-05-07 20:11:52,981 : INFO : End of finding best params for XGBoost algo...
2024-05-07 20:11:53,012 : INFO : AUC for XGBoost:1.0
2024-05-07 20:11:53,012 : INFO : Start of finding best params for randomforest algo...
2024-05-07 20:12:29,659 : INFO : Random Forest best params: {'criterion': 'gini', 'max_depth': 3, 'max_features': 'log2', 'n_estimators': 50}
2024-05-07 20:12:29,659 : INFO : End of finding best params for randomforest algo...
2024-05-07 20:12:29,689 : INFO : AUC for XGBoost:0.968822344706504
2024-05-07 20:12:29,689 : INFO : End of finding best model...
2024-05-07 20:12:29,689 : INFO : Start of Save Models
2024-05-07 20:12:29,689 : INFO : Start of Save Models
2024-05-07 20:12:29,705 : INFO : Model File XGBoost1 saved
2024-05-07 20:12:29,705 : INFO : Model File XGBoost1 saved
2024-05-07 20:12:29,705 : INFO : End of Save Models
2024-05-07 20:12:29,705 : INFO : End of Save Models
2024-05-07 20:12:29,718 : INFO : Start of finding best model...
2024-05-07 20:12:29,718 : INFO : Start of finding best params for XGBoost algo...
2024-05-07 20:13:36,017 : INFO : XGBoost best params: {'learning_rate': 0.1, 'max_depth': 20, 'n_estimators': 200}
2024-05-07 20:13:36,017 : INFO : End of finding best params for XGBoost algo...
2024-05-07 20:13:36,037 : INFO : AUC for XGBoost:1.0
2024-05-07 20:13:36,037 : INFO : Start of finding best params for randomforest algo...
2024-05-07 20:13:52,669 : INFO : Random Forest best params: {'criterion': 'entropy', 'max_depth': 3, 'max_features': 'log2', 'n_estimators': 100}
2024-05-07 20:13:52,669 : INFO : End of finding best params for randomforest algo...
2024-05-07 20:13:52,680 : INFO : AUC for XGBoost:0.9560216261841077
2024-05-07 20:13:52,680 : INFO : End of finding best model...
2024-05-07 20:13:52,681 : INFO : Start of Save Models
2024-05-07 20:13:52,681 : INFO : Start of Save Models
2024-05-07 20:13:52,694 : INFO : Model File XGBoost0 saved
2024-05-07 20:13:52,694 : INFO : Model File XGBoost0 saved
2024-05-07 20:13:52,694 : INFO : End of Save Models
2024-05-07 20:13:52,694 : INFO : End of Save Models
2024-05-07 20:13:52,700 : INFO : Start of finding best model...
2024-05-07 20:13:52,700 : INFO : Start of finding best params for XGBoost algo...
2024-05-07 20:14:39,679 : INFO : XGBoost best params: {'learning_rate': 0.1, 'max_depth': 20, 'n_estimators': 200}
2024-05-07 20:14:39,679 : INFO : End of finding best params for XGBoost algo...
2024-05-07 20:14:39,695 : INFO : AUC for XGBoost:1.0
2024-05-07 20:14:39,696 : INFO : Start of finding best params for randomforest algo...
2024-05-07 20:15:11,632 : INFO : Random Forest best params: {'criterion': 'entropy', 'max_depth': 3, 'max_features': 'log2', 'n_estimators': 50}
2024-05-07 20:15:11,632 : INFO : End of finding best params for randomforest algo...
2024-05-07 20:15:11,641 : INFO : AUC for XGBoost:0.822386129352474
2024-05-07 20:15:11,641 : INFO : End of finding best model...
2024-05-07 20:15:11,641 : INFO : Start of Save Models
2024-05-07 20:15:11,641 : INFO : Start of Save Models
2024-05-07 20:15:11,668 : INFO : Model File XGBoost2 saved
2024-05-07 20:15:11,668 : INFO : Model File XGBoost2 saved
2024-05-07 20:15:11,668 : INFO : End of Save Models
2024-05-07 20:15:11,668 : INFO : End of Save Models
2024-05-07 20:15:11,668 : INFO : End of Training
