2024-06-09 00:10:15,010 : INFO : Start of Training
2024-06-09 00:10:15,010 : INFO : Run_id:2024-06-09_001015_415656144
2024-06-09 00:10:15,010 : INFO : Start of Data Load, validation and transformation
2024-06-09 00:10:15,010 : INFO : Start of Archiving Old Rejected Files...
2024-06-09 00:10:15,010 : INFO : End of Archiving Old Rejected Files...
2024-06-09 00:10:15,010 : INFO : Start of Archiving Old Validated Files...
2024-06-09 00:10:15,024 : INFO : End of Archiving Old Validated Files...
2024-06-09 00:10:15,024 : INFO : Start of Archiving Old Processed Files...
2024-06-09 00:10:15,030 : INFO : End of Archiving Old Processed Files...
2024-06-09 00:10:15,030 : INFO : Start of Archiving Old Result Files...
2024-06-09 00:10:15,030 : INFO : End of Archiving Old Result Files...
2024-06-09 00:10:15,030 : INFO : Start of Reading values From Schema...
2024-06-09 00:10:15,030 : INFO : End of Reading values From Schema...
2024-06-09 00:10:15,030 : INFO : Start of Validating Column Length...
2024-06-09 00:10:15,030 : INFO : End of Validating Column Length...
2024-06-09 00:10:15,030 : INFO : Start of Validating Missing Values...
2024-06-09 00:10:15,030 : INFO : End of Validating Missing Values...
2024-06-09 00:10:15,030 : INFO : Start of Replacing Missing Values with NULL...
2024-06-09 00:10:15,030 : INFO : End of Replacing Missing Values with NULL...
2024-06-09 00:10:15,030 : INFO : Start of Creating Table...
2024-06-09 00:10:15,040 : INFO : Opened training database successfully
2024-06-09 00:10:15,040 : INFO : Tables created successfully
2024-06-09 00:10:15,040 : INFO : Closed training database successfully
2024-06-09 00:10:15,040 : INFO : End of Creating Table...
2024-06-09 00:10:15,040 : INFO : Opened training database successfully
2024-06-09 00:10:15,040 : INFO : Start of Inserting Data into Table...
2024-06-09 00:10:15,040 : INFO : End of Inserting Data into Table...
2024-06-09 00:10:15,040 : INFO : Start of Exporting Data into CSV...
2024-06-09 00:10:15,040 : INFO : Opened training database successfully
2024-06-09 00:10:16,140 : INFO : End of Exporting Data into CSV...
2024-06-09 00:10:16,157 : INFO : Start of Moving Processed Files...
2024-06-09 00:10:16,157 : INFO : End of Moving Processed Files...
2024-06-09 00:10:16,157 : INFO : End of Data Load, validation and transformation
2024-06-09 00:10:16,157 : INFO : Start of Preprocessing...
2024-06-09 00:10:16,157 : INFO : Start of reading dataset...
2024-06-09 00:10:16,347 : INFO : End of reading dataset...
2024-06-09 00:10:16,347 : INFO : Start of Droping Columns...
2024-06-09 00:10:16,373 : INFO : End of Droping Columns...
2024-06-09 00:10:16,373 : INFO : Start of feature encoding...
2024-06-09 00:10:16,407 : INFO : End of feature encoding...
2024-06-09 00:10:16,407 : INFO : Start of Droping Columns...
2024-06-09 00:10:16,417 : INFO : End of Droping Columns...
2024-06-09 00:10:16,422 : INFO : Start of finding missing values...
2024-06-09 00:10:16,440 : INFO : End of finding missing values...
2024-06-09 00:10:16,447 : INFO : Start of imputing missing values...
2024-06-09 00:10:16,740 : INFO : End of imputing missing values...
2024-06-09 00:10:16,740 : INFO : Start of splitting features and label ...
2024-06-09 00:10:16,746 : INFO : End of splitting features and label ...
2024-06-09 00:10:16,746 : INFO : End of Preprocessing...
2024-06-09 00:10:16,746 : INFO : Start of elbow plotting...
2024-06-09 00:10:19,897 : INFO : The optimum number of clusters is: 3
2024-06-09 00:10:19,897 : INFO : End of elbow plotting...
2024-06-09 00:10:19,897 : INFO : Start of Create clusters...
2024-06-09 00:10:20,026 : INFO : Start of Save Models
2024-06-09 00:10:20,026 : INFO : Start of Save Models
2024-06-09 00:10:20,047 : INFO : Model File KMeans saved
2024-06-09 00:10:20,047 : INFO : Model File KMeans saved
2024-06-09 00:10:20,047 : INFO : End of Save Models
2024-06-09 00:10:20,047 : INFO : End of Save Models
2024-06-09 00:10:20,047 : INFO : succesfully created 3clusters.
2024-06-09 00:10:20,047 : INFO : End of Create clusters...
2024-06-09 00:10:20,076 : INFO : Start of finding best model...
2024-06-09 00:10:20,076 : INFO : Start of finding best params for XGBoost algo...
2024-06-09 00:11:54,791 : INFO : XGBoost best params: {'learning_rate': 0.5, 'max_depth': 20, 'n_estimators': 50}
2024-06-09 00:11:54,791 : INFO : End of finding best params for XGBoost algo...
2024-06-09 00:11:54,820 : INFO : AUC for XGBoost:1.0
2024-06-09 00:11:54,820 : INFO : Start of finding best params for randomforest algo...
2024-06-09 00:13:07,934 : INFO : Random Forest best params: {'criterion': 'entropy', 'max_depth': 3, 'max_features': 'log2', 'n_estimators': 130}
2024-06-09 00:13:07,934 : INFO : End of finding best params for randomforest algo...
2024-06-09 00:13:08,023 : INFO : AUC for Randomforest:0.9653045881172043
2024-06-09 00:13:08,023 : INFO : End of finding best model...
2024-06-09 00:13:08,023 : INFO : Start of Save Models
2024-06-09 00:13:08,023 : INFO : Start of Save Models
2024-06-09 00:13:08,033 : INFO : Model File XGBoost0 saved
2024-06-09 00:13:08,033 : INFO : Model File XGBoost0 saved
2024-06-09 00:13:08,033 : INFO : End of Save Models
2024-06-09 00:13:08,033 : INFO : End of Save Models
2024-06-09 00:13:08,054 : INFO : Start of finding best model...
2024-06-09 00:13:08,054 : INFO : Start of finding best params for XGBoost algo...
2024-06-09 00:14:38,467 : INFO : XGBoost best params: {'learning_rate': 0.5, 'max_depth': 5, 'n_estimators': 100}
2024-06-09 00:14:38,467 : INFO : End of finding best params for XGBoost algo...
2024-06-09 00:14:38,491 : INFO : AUC for XGBoost:1.0
2024-06-09 00:14:38,491 : INFO : Start of finding best params for randomforest algo...
2024-06-09 00:15:39,191 : INFO : Random Forest best params: {'criterion': 'entropy', 'max_depth': 3, 'max_features': 'log2', 'n_estimators': 50}
2024-06-09 00:15:39,191 : INFO : End of finding best params for randomforest algo...
2024-06-09 00:15:39,231 : INFO : AUC for Randomforest:0.9500787422406519
2024-06-09 00:15:39,231 : INFO : End of finding best model...
2024-06-09 00:15:39,231 : INFO : Start of Save Models
2024-06-09 00:15:39,231 : INFO : Start of Save Models
2024-06-09 00:15:39,255 : INFO : Model File XGBoost1 saved
2024-06-09 00:15:39,255 : INFO : Model File XGBoost1 saved
2024-06-09 00:15:39,255 : INFO : End of Save Models
2024-06-09 00:15:39,255 : INFO : End of Save Models
2024-06-09 00:15:39,272 : INFO : Start of finding best model...
2024-06-09 00:15:39,272 : INFO : Start of finding best params for XGBoost algo...
2024-06-09 00:17:02,863 : INFO : XGBoost best params: {'learning_rate': 0.5, 'max_depth': 5, 'n_estimators': 100}
2024-06-09 00:17:02,863 : INFO : End of finding best params for XGBoost algo...
2024-06-09 00:17:02,883 : INFO : AUC for XGBoost:1.0
2024-06-09 00:17:02,883 : INFO : Start of finding best params for randomforest algo...
2024-06-09 00:18:02,799 : INFO : Random Forest best params: {'criterion': 'entropy', 'max_depth': 3, 'max_features': 'log2', 'n_estimators': 130}
2024-06-09 00:18:02,799 : INFO : End of finding best params for randomforest algo...
2024-06-09 00:18:02,863 : INFO : AUC for Randomforest:0.8181701492871705
2024-06-09 00:18:02,863 : INFO : End of finding best model...
2024-06-09 00:18:02,863 : INFO : Start of Save Models
2024-06-09 00:18:02,863 : INFO : Start of Save Models
2024-06-09 00:18:02,881 : INFO : Model File XGBoost2 saved
2024-06-09 00:18:02,881 : INFO : Model File XGBoost2 saved
2024-06-09 00:18:02,881 : INFO : End of Save Models
2024-06-09 00:18:02,881 : INFO : End of Save Models
2024-06-09 00:18:02,881 : INFO : End of Training
