2024-05-07 20:30:31,198 : INFO : Start of Training
2024-05-07 20:30:31,198 : INFO : Run_id:2024-05-07_203031_897016295
2024-05-07 20:30:31,198 : INFO : Start of Data Load, validation and transformation
2024-05-07 20:30:31,199 : INFO : Start of Archiving Old Rejected Files...
2024-05-07 20:30:31,199 : INFO : End of Archiving Old Rejected Files...
2024-05-07 20:30:31,199 : INFO : Start of Archiving Old Validated Files...
2024-05-07 20:30:31,202 : INFO : End of Archiving Old Validated Files...
2024-05-07 20:30:31,203 : INFO : Start of Archiving Old Processed Files...
2024-05-07 20:30:31,204 : INFO : End of Archiving Old Processed Files...
2024-05-07 20:30:31,204 : INFO : Start of Archiving Old Result Files...
2024-05-07 20:30:31,205 : INFO : End of Archiving Old Result Files...
2024-05-07 20:30:31,205 : INFO : Start of Reading values From Schema...
2024-05-07 20:30:31,205 : INFO : End of Reading values From Schema...
2024-05-07 20:30:31,205 : INFO : Start of Validating Column Length...
2024-05-07 20:30:31,225 : INFO : End of Validating Column Length...
2024-05-07 20:30:31,226 : INFO : Start of Validating Missing Values...
2024-05-07 20:30:31,238 : INFO : End of Validating Missing Values...
2024-05-07 20:30:31,239 : INFO : Start of Replacing Missing Values with NULL...
2024-05-07 20:30:31,306 : INFO : hr_employee_churn_data.csv: File Transformed successfully!!
2024-05-07 20:30:31,306 : INFO : End of Replacing Missing Values with NULL...
2024-05-07 20:30:31,307 : INFO : Start of Creating Table...
2024-05-07 20:30:31,309 : INFO : Opened training database successfully
2024-05-07 20:30:31,311 : INFO : Tables created successfully
2024-05-07 20:30:31,311 : INFO : Closed training database successfully
2024-05-07 20:30:31,311 : INFO : End of Creating Table...
2024-05-07 20:30:31,311 : INFO : Opened training database successfully
2024-05-07 20:30:31,311 : INFO : Start of Inserting Data into Table...
2024-05-07 20:31:22,036 : INFO : End of Inserting Data into Table...
2024-05-07 20:31:22,036 : INFO : Start of Exporting Data into CSV...
2024-05-07 20:31:22,038 : INFO : Opened training database successfully
2024-05-07 20:31:22,358 : INFO : End of Exporting Data into CSV...
2024-05-07 20:31:22,367 : INFO : Start of Moving Processed Files...
2024-05-07 20:31:22,369 : INFO : Moved the already processed file hr_employee_churn_data.csv
2024-05-07 20:31:22,370 : INFO : End of Moving Processed Files...
2024-05-07 20:31:22,370 : INFO : End of Data Load, validation and transformation
2024-05-07 20:31:22,370 : INFO : Start of Preprocessing...
2024-05-07 20:31:22,370 : INFO : Start of reading dataset...
2024-05-07 20:31:22,453 : INFO : End of reading dataset...
2024-05-07 20:31:22,453 : INFO : Start of Droping Columns...
2024-05-07 20:31:22,476 : INFO : End of Droping Columns...
2024-05-07 20:31:22,476 : INFO : Start of feature encoding...
2024-05-07 20:31:22,488 : INFO : End of feature encoding...
2024-05-07 20:31:22,490 : INFO : Start of Droping Columns...
2024-05-07 20:31:22,493 : INFO : End of Droping Columns...
2024-05-07 20:31:22,493 : INFO : Start of finding missing values...
2024-05-07 20:31:22,501 : INFO : End of finding missing values...
2024-05-07 20:31:22,502 : INFO : Start of imputing missing values...
2024-05-07 20:31:22,665 : INFO : End of imputing missing values...
2024-05-07 20:31:22,666 : INFO : Start of splitting features and label ...
2024-05-07 20:31:22,669 : INFO : End of splitting features and label ...
2024-05-07 20:31:22,669 : INFO : End of Preprocessing...
2024-05-07 20:31:22,671 : INFO : Start of elbow plotting...
2024-05-07 20:31:24,773 : INFO : The optimum number of clusters is: 3
2024-05-07 20:31:24,773 : INFO : End of elbow plotting...
2024-05-07 20:31:24,773 : INFO : Start of Create clusters...
2024-05-07 20:31:24,872 : INFO : Start of Save Models
2024-05-07 20:31:24,872 : INFO : Start of Save Models
2024-05-07 20:31:24,881 : INFO : Model File KMeans saved
2024-05-07 20:31:24,881 : INFO : Model File KMeans saved
2024-05-07 20:31:24,882 : INFO : End of Save Models
2024-05-07 20:31:24,882 : INFO : End of Save Models
2024-05-07 20:31:24,882 : INFO : succesfully created 3clusters.
2024-05-07 20:31:24,883 : INFO : End of Create clusters...
2024-05-07 20:31:24,896 : INFO : Start of finding best model...
2024-05-07 20:31:24,897 : INFO : Start of finding best params for XGBoost algo...
2024-05-07 20:32:09,887 : INFO : XGBoost best params: {'learning_rate': 0.5, 'max_depth': 5, 'n_estimators': 200}
2024-05-07 20:32:09,887 : INFO : End of finding best params for XGBoost algo...
2024-05-07 20:32:09,912 : INFO : AUC for XGBoost:1.0
2024-05-07 20:32:09,912 : INFO : Start of finding best params for randomforest algo...
2024-05-07 20:32:27,812 : INFO : Random Forest best params: {'criterion': 'gini', 'max_depth': 3, 'max_features': 'log2', 'n_estimators': 10}
2024-05-07 20:32:27,813 : INFO : End of finding best params for randomforest algo...
2024-05-07 20:32:27,817 : INFO : AUC for XGBoost:0.9707289768199895
2024-05-07 20:32:27,817 : INFO : End of finding best model...
2024-05-07 20:32:27,818 : INFO : Start of Save Models
2024-05-07 20:32:27,818 : INFO : Start of Save Models
2024-05-07 20:32:27,824 : INFO : Model File XGBoost1 saved
2024-05-07 20:32:27,824 : INFO : Model File XGBoost1 saved
2024-05-07 20:32:27,825 : INFO : End of Save Models
2024-05-07 20:32:27,825 : INFO : End of Save Models
2024-05-07 20:32:27,831 : INFO : Start of finding best model...
2024-05-07 20:32:27,831 : INFO : Start of finding best params for XGBoost algo...
2024-05-07 20:33:09,517 : INFO : XGBoost best params: {'learning_rate': 0.5, 'max_depth': 10, 'n_estimators': 50}
2024-05-07 20:33:09,517 : INFO : End of finding best params for XGBoost algo...
2024-05-07 20:33:09,524 : INFO : AUC for XGBoost:1.0
2024-05-07 20:33:09,524 : INFO : Start of finding best params for randomforest algo...
2024-05-07 20:33:26,102 : INFO : Random Forest best params: {'criterion': 'gini', 'max_depth': 3, 'max_features': 'log2', 'n_estimators': 50}
2024-05-07 20:33:26,102 : INFO : End of finding best params for randomforest algo...
2024-05-07 20:33:26,109 : INFO : AUC for XGBoost:0.9460548616484286
2024-05-07 20:33:26,109 : INFO : End of finding best model...
2024-05-07 20:33:26,110 : INFO : Start of Save Models
2024-05-07 20:33:26,110 : INFO : Start of Save Models
2024-05-07 20:33:26,114 : INFO : Model File XGBoost2 saved
2024-05-07 20:33:26,114 : INFO : Model File XGBoost2 saved
2024-05-07 20:33:26,115 : INFO : End of Save Models
2024-05-07 20:33:26,115 : INFO : End of Save Models
2024-05-07 20:33:26,120 : INFO : Start of finding best model...
2024-05-07 20:33:26,121 : INFO : Start of finding best params for XGBoost algo...
2024-05-07 20:34:04,456 : INFO : XGBoost best params: {'learning_rate': 0.5, 'max_depth': 20, 'n_estimators': 50}
2024-05-07 20:34:04,456 : INFO : End of finding best params for XGBoost algo...
2024-05-07 20:34:04,465 : INFO : AUC for XGBoost:1.0
2024-05-07 20:34:04,465 : INFO : Start of finding best params for randomforest algo...
2024-05-07 20:34:21,351 : INFO : Random Forest best params: {'criterion': 'entropy', 'max_depth': 3, 'max_features': 'log2', 'n_estimators': 130}
2024-05-07 20:34:21,351 : INFO : End of finding best params for randomforest algo...
2024-05-07 20:34:21,366 : INFO : AUC for XGBoost:0.8238910517169403
2024-05-07 20:34:21,366 : INFO : End of finding best model...
2024-05-07 20:34:21,366 : INFO : Start of Save Models
2024-05-07 20:34:21,366 : INFO : Start of Save Models
2024-05-07 20:34:21,370 : INFO : Model File XGBoost0 saved
2024-05-07 20:34:21,370 : INFO : Model File XGBoost0 saved
2024-05-07 20:34:21,370 : INFO : End of Save Models
2024-05-07 20:34:21,370 : INFO : End of Save Models
2024-05-07 20:34:21,370 : INFO : End of Training
