2024-06-09 09:36:32,023 : INFO : Start of Training
2024-06-09 09:36:32,023 : INFO : Run_id:2024-06-09_093631_423331457
2024-06-09 09:36:32,023 : INFO : Start of Data Load, validation and transformation
2024-06-09 09:36:32,023 : INFO : Start of Archiving Old Rejected Files...
2024-06-09 09:36:32,113 : INFO : End of Archiving Old Rejected Files...
2024-06-09 09:36:32,113 : INFO : Start of Archiving Old Validated Files...
2024-06-09 09:36:32,278 : INFO : End of Archiving Old Validated Files...
2024-06-09 09:36:32,278 : INFO : Start of Archiving Old Processed Files...
2024-06-09 09:36:32,328 : INFO : End of Archiving Old Processed Files...
2024-06-09 09:36:32,328 : INFO : Start of Archiving Old Result Files...
2024-06-09 09:36:32,328 : INFO : End of Archiving Old Result Files...
2024-06-09 09:36:32,328 : INFO : Start of Reading values From Schema...
2024-06-09 09:36:32,358 : INFO : End of Reading values From Schema...
2024-06-09 09:36:32,358 : INFO : Start of Validating Column Length...
2024-06-09 09:36:32,429 : INFO : End of Validating Column Length...
2024-06-09 09:36:32,429 : INFO : Start of Validating Missing Values...
2024-06-09 09:36:32,468 : INFO : End of Validating Missing Values...
2024-06-09 09:36:32,468 : INFO : Start of Replacing Missing Values with NULL...
2024-06-09 09:36:32,670 : INFO : hr_employee_churn_data.csv: File Transformed successfully!!
2024-06-09 09:36:32,670 : INFO : End of Replacing Missing Values with NULL...
2024-06-09 09:36:32,670 : INFO : Start of Creating Table...
2024-06-09 09:36:32,690 : INFO : Opened training database successfully
2024-06-09 09:36:32,690 : INFO : Tables created successfully
2024-06-09 09:36:32,690 : INFO : Closed training database successfully
2024-06-09 09:36:32,690 : INFO : End of Creating Table...
2024-06-09 09:36:32,690 : INFO : Opened training database successfully
2024-06-09 09:36:32,690 : INFO : Start of Inserting Data into Table...
2024-06-09 09:38:12,926 : INFO : End of Inserting Data into Table...
2024-06-09 09:38:12,926 : INFO : Start of Exporting Data into CSV...
2024-06-09 09:38:12,926 : INFO : Opened training database successfully
2024-06-09 09:38:14,262 : INFO : End of Exporting Data into CSV...
2024-06-09 09:38:14,284 : INFO : Start of Moving Processed Files...
2024-06-09 09:38:14,284 : INFO : Moved the already processed file hr_employee_churn_data.csv
2024-06-09 09:38:14,284 : INFO : End of Moving Processed Files...
2024-06-09 09:38:14,284 : INFO : End of Data Load, validation and transformation
2024-06-09 09:38:14,284 : INFO : Start of Preprocessing...
2024-06-09 09:38:14,284 : INFO : Start of reading dataset...
2024-06-09 09:38:14,493 : INFO : End of reading dataset...
2024-06-09 09:38:14,493 : INFO : Start of Droping Columns...
2024-06-09 09:38:14,533 : INFO : End of Droping Columns...
2024-06-09 09:38:14,533 : INFO : Start of feature encoding...
2024-06-09 09:38:14,563 : INFO : End of feature encoding...
2024-06-09 09:38:14,576 : INFO : Start of Droping Columns...
2024-06-09 09:38:14,583 : INFO : End of Droping Columns...
2024-06-09 09:38:14,583 : INFO : Start of finding missing values...
2024-06-09 09:38:14,602 : INFO : End of finding missing values...
2024-06-09 09:38:14,609 : INFO : Start of imputing missing values...
2024-06-09 09:38:14,993 : INFO : End of imputing missing values...
2024-06-09 09:38:14,993 : INFO : Start of splitting features and label ...
2024-06-09 09:38:14,993 : INFO : End of splitting features and label ...
2024-06-09 09:38:14,993 : INFO : End of Preprocessing...
2024-06-09 09:38:15,002 : INFO : Start of elbow plotting...
2024-06-09 09:38:20,815 : INFO : The optimum number of clusters is: 3
2024-06-09 09:38:20,815 : INFO : End of elbow plotting...
2024-06-09 09:38:20,825 : INFO : Start of Create clusters...
2024-06-09 09:38:21,009 : INFO : Start of Save Models
2024-06-09 09:38:21,009 : INFO : Start of Save Models
2024-06-09 09:38:21,016 : INFO : Model File KMeans saved
2024-06-09 09:38:21,016 : INFO : Model File KMeans saved
2024-06-09 09:38:21,016 : INFO : End of Save Models
2024-06-09 09:38:21,016 : INFO : End of Save Models
2024-06-09 09:38:21,016 : INFO : succesfully created 3clusters.
2024-06-09 09:38:21,016 : INFO : End of Create clusters...
2024-06-09 09:38:21,052 : INFO : Start of finding best model...
2024-06-09 09:38:21,052 : INFO : Start of finding best params for XGBoost algo...
2024-06-09 09:40:12,809 : INFO : XGBoost best params: {'learning_rate': 0.5, 'max_depth': 5, 'n_estimators': 100}
2024-06-09 09:40:12,809 : INFO : End of finding best params for XGBoost algo...
2024-06-09 09:40:12,853 : INFO : AUC for XGBoost:1.0
2024-06-09 09:40:12,853 : INFO : Start of finding best params for randomforest algo...
2024-06-09 09:46:58,712 : INFO : Random Forest best params: {'criterion': 'gini', 'max_depth': 17, 'max_features': 'log2', 'n_estimators': 100}
2024-06-09 09:46:58,712 : INFO : End of finding best params for randomforest algo...
2024-06-09 09:46:58,879 : INFO : AUC for Randomforest:1.0
2024-06-09 09:46:58,879 : INFO : End of finding best model...
2024-06-09 09:46:58,879 : INFO : Start of Save Models
2024-06-09 09:46:58,879 : INFO : Start of Save Models
2024-06-09 09:46:58,896 : INFO : Model File RandomForest2 saved
2024-06-09 09:46:58,896 : INFO : Model File RandomForest2 saved
2024-06-09 09:46:58,896 : INFO : End of Save Models
2024-06-09 09:46:58,896 : INFO : End of Save Models
2024-06-09 09:46:58,916 : INFO : Start of finding best model...
2024-06-09 09:46:58,916 : INFO : Start of finding best params for XGBoost algo...
2024-06-09 09:48:40,571 : INFO : XGBoost best params: {'learning_rate': 0.5, 'max_depth': 5, 'n_estimators': 100}
2024-06-09 09:48:40,572 : INFO : End of finding best params for XGBoost algo...
2024-06-09 09:48:40,585 : INFO : AUC for XGBoost:1.0
2024-06-09 09:48:40,585 : INFO : Start of finding best params for randomforest algo...
2024-06-09 09:51:29,813 : INFO : Random Forest best params: {'criterion': 'gini', 'max_depth': 17, 'max_features': 'log2', 'n_estimators': 50}
2024-06-09 09:51:29,813 : INFO : End of finding best params for randomforest algo...
2024-06-09 09:51:29,843 : INFO : AUC for Randomforest:1.0
2024-06-09 09:51:29,843 : INFO : End of finding best model...
2024-06-09 09:51:29,843 : INFO : Start of Save Models
2024-06-09 09:51:29,843 : INFO : Start of Save Models
2024-06-09 09:51:29,852 : INFO : Model File RandomForest1 saved
2024-06-09 09:51:29,852 : INFO : Model File RandomForest1 saved
2024-06-09 09:51:29,853 : INFO : End of Save Models
2024-06-09 09:51:29,853 : INFO : End of Save Models
2024-06-09 09:51:29,861 : INFO : Start of finding best model...
2024-06-09 09:51:29,861 : INFO : Start of finding best params for XGBoost algo...
2024-06-09 09:52:26,722 : INFO : XGBoost best params: {'learning_rate': 0.5, 'max_depth': 10, 'n_estimators': 100}
2024-06-09 09:52:26,723 : INFO : End of finding best params for XGBoost algo...
2024-06-09 09:52:26,737 : INFO : AUC for XGBoost:1.0
2024-06-09 09:52:26,737 : INFO : Start of finding best params for randomforest algo...
2024-06-09 09:55:39,596 : INFO : Random Forest best params: {'criterion': 'gini', 'max_depth': 17, 'max_features': 'log2', 'n_estimators': 50}
2024-06-09 09:55:39,596 : INFO : End of finding best params for randomforest algo...
2024-06-09 09:55:39,656 : INFO : AUC for Randomforest:1.0
2024-06-09 09:55:39,656 : INFO : End of finding best model...
2024-06-09 09:55:39,656 : INFO : Start of Save Models
2024-06-09 09:55:39,656 : INFO : Start of Save Models
2024-06-09 09:55:39,677 : INFO : Model File RandomForest0 saved
2024-06-09 09:55:39,677 : INFO : Model File RandomForest0 saved
2024-06-09 09:55:39,677 : INFO : End of Save Models
2024-06-09 09:55:39,677 : INFO : End of Save Models
2024-06-09 09:55:39,677 : INFO : End of Training
