2024-05-07 19:28:49,250 : INFO : Start of Training
2024-05-07 19:28:49,251 : INFO : Run_id:2024-05-07_192849_739481304
2024-05-07 19:28:49,251 : INFO : Start of Data Load, validation and transformation
2024-05-07 19:28:49,251 : INFO : Start of Archiving Old Rejected Files...
2024-05-07 19:28:49,252 : INFO : End of Archiving Old Rejected Files...
2024-05-07 19:28:49,252 : INFO : Start of Archiving Old Validated Files...
2024-05-07 19:28:49,260 : INFO : End of Archiving Old Validated Files...
2024-05-07 19:28:49,260 : INFO : Start of Archiving Old Processed Files...
2024-05-07 19:28:49,265 : INFO : End of Archiving Old Processed Files...
2024-05-07 19:28:49,265 : INFO : Start of Archiving Old Result Files...
2024-05-07 19:28:49,265 : INFO : End of Archiving Old Result Files...
2024-05-07 19:28:49,265 : INFO : Start of Reading values From Schema...
2024-05-07 19:28:49,275 : INFO : End of Reading values From Schema...
2024-05-07 19:28:49,275 : INFO : Start of Validating Column Length...
2024-05-07 19:28:49,276 : INFO : End of Validating Column Length...
2024-05-07 19:28:49,276 : INFO : Start of Validating Missing Values...
2024-05-07 19:28:49,276 : INFO : End of Validating Missing Values...
2024-05-07 19:28:49,276 : INFO : Start of Replacing Missing Values with NULL...
2024-05-07 19:28:49,277 : INFO : End of Replacing Missing Values with NULL...
2024-05-07 19:28:49,277 : INFO : Start of Creating Table...
2024-05-07 19:28:49,277 : INFO : Opened training database successfully
2024-05-07 19:28:49,278 : INFO : Tables created successfully
2024-05-07 19:28:49,278 : INFO : Closed training database successfully
2024-05-07 19:28:49,278 : INFO : End of Creating Table...
2024-05-07 19:28:49,279 : INFO : Opened training database successfully
2024-05-07 19:28:49,280 : INFO : Start of Inserting Data into Table...
2024-05-07 19:28:49,280 : INFO : End of Inserting Data into Table...
2024-05-07 19:28:49,280 : INFO : Start of Exporting Data into CSV...
2024-05-07 19:28:49,281 : INFO : Opened training database successfully
2024-05-07 19:28:49,480 : INFO : End of Exporting Data into CSV...
2024-05-07 19:28:49,483 : INFO : Start of Moving Processed Files...
2024-05-07 19:28:49,483 : INFO : End of Moving Processed Files...
2024-05-07 19:28:49,484 : INFO : End of Data Load, validation and transformation
2024-05-07 19:28:49,484 : INFO : Start of Preprocessing...
2024-05-07 19:28:49,484 : INFO : Start of reading dataset...
2024-05-07 19:28:49,551 : INFO : End of reading dataset...
2024-05-07 19:28:49,551 : INFO : Start of Droping Columns...
2024-05-07 19:28:49,555 : INFO : End of Droping Columns...
2024-05-07 19:28:49,555 : INFO : Start of feature encoding...
2024-05-07 19:28:49,565 : INFO : End of feature encoding...
2024-05-07 19:28:49,566 : INFO : Start of Droping Columns...
2024-05-07 19:28:49,569 : INFO : End of Droping Columns...
2024-05-07 19:28:49,569 : INFO : Start of finding missing values...
2024-05-07 19:28:49,587 : INFO : End of finding missing values...
2024-05-07 19:28:49,587 : INFO : Start of imputing missing values...
2024-05-07 19:28:49,639 : INFO : End of imputing missing values...
2024-05-07 19:28:49,639 : INFO : Start of splitting features and label ...
2024-05-07 19:28:49,642 : INFO : End of splitting features and label ...
2024-05-07 19:28:49,642 : INFO : End of Preprocessing...
2024-05-07 19:28:49,645 : INFO : Start of elbow plotting...
2024-05-07 19:28:55,997 : INFO : The optimum number of clusters is: 3
2024-05-07 19:28:55,997 : INFO : End of elbow plotting...
2024-05-07 19:28:55,997 : INFO : Start of Create clusters...
2024-05-07 19:28:56,092 : INFO : Start of Save Models
2024-05-07 19:28:56,092 : INFO : Start of Save Models
2024-05-07 19:28:56,120 : INFO : Model File KMeans saved
2024-05-07 19:28:56,120 : INFO : Model File KMeans saved
2024-05-07 19:28:56,120 : INFO : End of Save Models
2024-05-07 19:28:56,120 : INFO : End of Save Models
2024-05-07 19:28:56,122 : INFO : succesfully created 3clusters.
2024-05-07 19:28:56,122 : INFO : End of Create clusters...
2024-05-07 19:28:56,139 : INFO : Start of finding best model...
2024-05-07 19:28:56,140 : INFO : Start of finding best params for XGBoost algo...
2024-05-07 19:29:44,623 : INFO : XGBoost best params: {'learning_rate': 0.5, 'max_depth': 5, 'n_estimators': 200}
2024-05-07 19:29:44,624 : INFO : End of finding best params for XGBoost algo...
2024-05-07 19:29:44,646 : INFO : AUC for XGBoost:0.9896320991157139
2024-05-07 19:29:44,647 : INFO : Start of finding best params for randomforest algo...
2024-05-07 19:29:54,405 : INFO : Random Forest best params: {'criterion': 'entropy', 'max_depth': 3, 'max_features': 'log2', 'n_estimators': 100}
2024-05-07 19:29:54,405 : INFO : End of finding best params for randomforest algo...
2024-05-07 19:29:54,423 : INFO : AUC for XGBoost:0.9704686243911667
2024-05-07 19:29:54,423 : INFO : End of finding best model...
2024-05-07 19:29:54,423 : INFO : Start of Save Models
2024-05-07 19:29:54,423 : INFO : Start of Save Models
2024-05-07 19:29:54,431 : INFO : Model File XGBoost0 saved
2024-05-07 19:29:54,431 : INFO : Model File XGBoost0 saved
2024-05-07 19:29:54,431 : INFO : End of Save Models
2024-05-07 19:29:54,431 : INFO : End of Save Models
2024-05-07 19:29:54,435 : INFO : Start of finding best model...
2024-05-07 19:29:54,435 : INFO : Start of finding best params for XGBoost algo...
2024-05-07 19:30:26,716 : INFO : XGBoost best params: {'learning_rate': 0.5, 'max_depth': 10, 'n_estimators': 50}
2024-05-07 19:30:26,716 : INFO : End of finding best params for XGBoost algo...
2024-05-07 19:30:26,722 : INFO : AUC for XGBoost:0.9926952272018302
2024-05-07 19:30:26,722 : INFO : Start of finding best params for randomforest algo...
2024-05-07 19:30:37,461 : INFO : Random Forest best params: {'criterion': 'gini', 'max_depth': 3, 'max_features': 'log2', 'n_estimators': 130}
2024-05-07 19:30:37,461 : INFO : End of finding best params for randomforest algo...
2024-05-07 19:30:37,470 : INFO : AUC for XGBoost:0.9631945166545354
2024-05-07 19:30:37,470 : INFO : End of finding best model...
2024-05-07 19:30:37,471 : INFO : Start of Save Models
2024-05-07 19:30:37,471 : INFO : Start of Save Models
2024-05-07 19:30:37,475 : INFO : Model File XGBoost1 saved
2024-05-07 19:30:37,475 : INFO : Model File XGBoost1 saved
2024-05-07 19:30:37,475 : INFO : End of Save Models
2024-05-07 19:30:37,475 : INFO : End of Save Models
2024-05-07 19:30:37,480 : INFO : Start of finding best model...
2024-05-07 19:30:37,480 : INFO : Start of finding best params for XGBoost algo...
2024-05-07 19:31:02,499 : INFO : XGBoost best params: {'learning_rate': 0.5, 'max_depth': 10, 'n_estimators': 50}
2024-05-07 19:31:02,499 : INFO : End of finding best params for XGBoost algo...
2024-05-07 19:31:02,505 : INFO : AUC for XGBoost:0.965684145998825
2024-05-07 19:31:02,505 : INFO : Start of finding best params for randomforest algo...
2024-05-07 19:31:13,307 : INFO : Random Forest best params: {'criterion': 'entropy', 'max_depth': 3, 'max_features': 'log2', 'n_estimators': 50}
2024-05-07 19:31:13,307 : INFO : End of finding best params for randomforest algo...
2024-05-07 19:31:13,316 : INFO : AUC for XGBoost:0.8179484559781359
2024-05-07 19:31:13,316 : INFO : End of finding best model...
2024-05-07 19:31:13,316 : INFO : Start of Save Models
2024-05-07 19:31:13,316 : INFO : Start of Save Models
2024-05-07 19:31:13,321 : INFO : Model File XGBoost2 saved
2024-05-07 19:31:13,321 : INFO : Model File XGBoost2 saved
2024-05-07 19:31:13,321 : INFO : End of Save Models
2024-05-07 19:31:13,321 : INFO : End of Save Models
2024-05-07 19:31:13,321 : INFO : End of Training
