2024-06-08 20:48:51,805 : INFO : Start of Training
2024-06-08 20:48:51,805 : INFO : Run_id:2024-06-08_204851_189105282
2024-06-08 20:48:51,805 : INFO : Start of Data Load, validation and transformation
2024-06-08 20:48:51,806 : INFO : Start of Archiving Old Rejected Files...
2024-06-08 20:48:51,806 : INFO : End of Archiving Old Rejected Files...
2024-06-08 20:48:51,806 : INFO : Start of Archiving Old Validated Files...
2024-06-08 20:48:51,850 : INFO : End of Archiving Old Validated Files...
2024-06-08 20:48:51,850 : INFO : Start of Archiving Old Processed Files...
2024-06-08 20:48:51,854 : INFO : End of Archiving Old Processed Files...
2024-06-08 20:48:51,854 : INFO : Start of Archiving Old Result Files...
2024-06-08 20:48:51,854 : INFO : End of Archiving Old Result Files...
2024-06-08 20:48:51,854 : INFO : Start of Reading values From Schema...
2024-06-08 20:48:51,855 : INFO : End of Reading values From Schema...
2024-06-08 20:48:51,855 : INFO : Start of Validating Column Length...
2024-06-08 20:48:51,856 : INFO : End of Validating Column Length...
2024-06-08 20:48:51,856 : INFO : Start of Validating Missing Values...
2024-06-08 20:48:51,856 : INFO : End of Validating Missing Values...
2024-06-08 20:48:51,856 : INFO : Start of Replacing Missing Values with NULL...
2024-06-08 20:48:51,856 : INFO : End of Replacing Missing Values with NULL...
2024-06-08 20:48:51,857 : INFO : Start of Creating Table...
2024-06-08 20:48:51,858 : INFO : Opened training database successfully
2024-06-08 20:48:51,860 : INFO : Tables created successfully
2024-06-08 20:48:51,860 : INFO : Closed training database successfully
2024-06-08 20:48:51,860 : INFO : End of Creating Table...
2024-06-08 20:48:51,860 : INFO : Opened training database successfully
2024-06-08 20:48:51,861 : INFO : Start of Inserting Data into Table...
2024-06-08 20:48:51,861 : INFO : End of Inserting Data into Table...
2024-06-08 20:48:51,861 : INFO : Start of Exporting Data into CSV...
2024-06-08 20:48:51,861 : INFO : Opened training database successfully
2024-06-08 20:48:52,125 : INFO : End of Exporting Data into CSV...
2024-06-08 20:48:52,131 : INFO : Start of Moving Processed Files...
2024-06-08 20:48:52,131 : INFO : End of Moving Processed Files...
2024-06-08 20:48:52,131 : INFO : End of Data Load, validation and transformation
2024-06-08 20:48:52,131 : INFO : Start of Preprocessing...
2024-06-08 20:48:52,131 : INFO : Start of reading dataset...
2024-06-08 20:48:52,246 : INFO : End of reading dataset...
2024-06-08 20:48:52,246 : INFO : Start of Droping Columns...
2024-06-08 20:48:52,251 : INFO : End of Droping Columns...
2024-06-08 20:48:52,251 : INFO : Start of feature encoding...
2024-06-08 20:48:52,265 : INFO : End of feature encoding...
2024-06-08 20:48:52,269 : INFO : Start of Droping Columns...
2024-06-08 20:48:52,272 : INFO : End of Droping Columns...
2024-06-08 20:48:52,272 : INFO : Start of finding missing values...
2024-06-08 20:48:52,287 : INFO : End of finding missing values...
2024-06-08 20:48:52,287 : INFO : Start of imputing missing values...
2024-06-08 20:48:52,399 : INFO : End of imputing missing values...
2024-06-08 20:48:52,400 : INFO : Start of splitting features and label ...
2024-06-08 20:48:52,403 : INFO : End of splitting features and label ...
2024-06-08 20:48:52,403 : INFO : End of Preprocessing...
2024-06-08 20:48:52,405 : INFO : Start of elbow plotting...
2024-06-08 20:48:54,848 : INFO : The optimum number of clusters is: 3
2024-06-08 20:48:54,848 : INFO : End of elbow plotting...
2024-06-08 20:48:54,848 : INFO : Start of Create clusters...
2024-06-08 20:48:54,897 : INFO : Start of Save Models
2024-06-08 20:48:54,897 : INFO : Start of Save Models
2024-06-08 20:48:54,943 : INFO : Model File KMeans saved
2024-06-08 20:48:54,943 : INFO : Model File KMeans saved
2024-06-08 20:48:54,943 : INFO : End of Save Models
2024-06-08 20:48:54,943 : INFO : End of Save Models
2024-06-08 20:48:54,944 : INFO : succesfully created 3clusters.
2024-06-08 20:48:54,944 : INFO : End of Create clusters...
2024-06-08 20:48:54,952 : INFO : Start of finding best model...
2024-06-08 20:48:54,952 : INFO : Start of finding best params for XGBoost algo...
2024-06-08 20:49:37,260 : INFO : XGBoost best params: {'learning_rate': 0.5, 'max_depth': 5, 'n_estimators': 200}
2024-06-08 20:49:37,260 : INFO : End of finding best params for XGBoost algo...
2024-06-08 20:49:37,287 : INFO : AUC for XGBoost:1.0
2024-06-08 20:49:37,288 : INFO : Start of finding best params for randomforest algo...
2024-06-08 20:49:57,495 : INFO : Random Forest best params: {'criterion': 'gini', 'max_depth': 3, 'max_features': 'log2', 'n_estimators': 130}
2024-06-08 20:49:57,495 : INFO : End of finding best params for randomforest algo...
2024-06-08 20:49:57,523 : INFO : AUC for Randomforest:0.9620610887166773
2024-06-08 20:49:57,523 : INFO : End of finding best model...
2024-06-08 20:49:57,523 : INFO : Start of Save Models
2024-06-08 20:49:57,523 : INFO : Start of Save Models
2024-06-08 20:49:57,532 : INFO : Model File XGBoost1 saved
2024-06-08 20:49:57,532 : INFO : Model File XGBoost1 saved
2024-06-08 20:49:57,532 : INFO : End of Save Models
2024-06-08 20:49:57,532 : INFO : End of Save Models
2024-06-08 20:49:57,541 : INFO : Start of finding best model...
2024-06-08 20:49:57,541 : INFO : Start of finding best params for XGBoost algo...
2024-06-08 20:50:37,468 : INFO : XGBoost best params: {'learning_rate': 0.5, 'max_depth': 5, 'n_estimators': 200}
2024-06-08 20:50:37,469 : INFO : End of finding best params for XGBoost algo...
2024-06-08 20:50:37,480 : INFO : AUC for XGBoost:0.9984555984555985
2024-06-08 20:50:37,480 : INFO : Start of finding best params for randomforest algo...
2024-06-08 20:50:54,534 : INFO : Random Forest best params: {'criterion': 'entropy', 'max_depth': 3, 'max_features': 'log2', 'n_estimators': 100}
2024-06-08 20:50:54,534 : INFO : End of finding best params for randomforest algo...
2024-06-08 20:50:54,553 : INFO : AUC for Randomforest:0.9578037024243141
2024-06-08 20:50:54,554 : INFO : End of finding best model...
2024-06-08 20:50:54,554 : INFO : Start of Save Models
2024-06-08 20:50:54,554 : INFO : Start of Save Models
2024-06-08 20:50:54,561 : INFO : Model File XGBoost0 saved
2024-06-08 20:50:54,561 : INFO : Model File XGBoost0 saved
2024-06-08 20:50:54,561 : INFO : End of Save Models
2024-06-08 20:50:54,561 : INFO : End of Save Models
2024-06-08 20:50:54,569 : INFO : Start of finding best model...
2024-06-08 20:50:54,569 : INFO : Start of finding best params for XGBoost algo...
2024-06-08 20:51:31,885 : INFO : XGBoost best params: {'learning_rate': 0.5, 'max_depth': 5, 'n_estimators': 100}
2024-06-08 20:51:31,886 : INFO : End of finding best params for XGBoost algo...
2024-06-08 20:51:31,895 : INFO : AUC for XGBoost:1.0
2024-06-08 20:51:31,895 : INFO : Start of finding best params for randomforest algo...
2024-06-08 20:51:49,278 : INFO : Random Forest best params: {'criterion': 'entropy', 'max_depth': 3, 'max_features': 'log2', 'n_estimators': 50}
2024-06-08 20:51:49,278 : INFO : End of finding best params for randomforest algo...
2024-06-08 20:51:49,287 : INFO : AUC for Randomforest:0.8105624457459865
2024-06-08 20:51:49,287 : INFO : End of finding best model...
2024-06-08 20:51:49,288 : INFO : Start of Save Models
2024-06-08 20:51:49,288 : INFO : Start of Save Models
2024-06-08 20:51:49,292 : INFO : Model File XGBoost2 saved
2024-06-08 20:51:49,292 : INFO : Model File XGBoost2 saved
2024-06-08 20:51:49,293 : INFO : End of Save Models
2024-06-08 20:51:49,293 : INFO : End of Save Models
2024-06-08 20:51:49,293 : INFO : End of Training
