2024-04-23 07:52:39,510 : INFO : Start of Training
2024-04-23 07:52:39,510 : INFO : Run_id:2024-04-23_075239_634833331
2024-04-23 07:52:39,510 : INFO : Start of Data Load, validation and transformation
2024-04-23 07:52:39,510 : INFO : Start of Archiving Old Rejected Files...
2024-04-23 07:52:39,512 : INFO : End of Archiving Old Rejected Files...
2024-04-23 07:52:39,512 : INFO : Start of Archiving Old Validated Files...
2024-04-23 07:52:39,513 : INFO : End of Archiving Old Validated Files...
2024-04-23 07:52:39,513 : INFO : Start of Archiving Old Processed Files...
2024-04-23 07:52:39,514 : INFO : End of Archiving Old Processed Files...
2024-04-23 07:52:39,514 : INFO : Start of Archiving Old Result Files...
2024-04-23 07:52:39,514 : INFO : End of Archiving Old Result Files...
2024-04-23 07:52:39,514 : INFO : Start of Reading values From Schema...
2024-04-23 07:52:39,540 : INFO : End of Reading values From Schema...
2024-04-23 07:52:39,541 : INFO : Start of Validating Column Length...
2024-04-23 07:52:39,579 : INFO : End of Validating Column Length...
2024-04-23 07:52:39,579 : INFO : Start of Validating Missing Values...
2024-04-23 07:52:39,594 : INFO : End of Validating Missing Values...
2024-04-23 07:52:39,595 : INFO : Start of Replacing Missing Values with NULL...
2024-04-23 07:52:39,643 : INFO : hr_employee_churn_data.csv: File Transformed successfully!!
2024-04-23 07:52:39,643 : INFO : End of Replacing Missing Values with NULL...
2024-04-23 07:52:39,644 : INFO : Start of Creating Table...
2024-04-23 07:52:39,645 : INFO : Opened training database successfully
2024-04-23 07:52:39,653 : INFO : CREATE TABLE training_raw_data_t column_name
2024-04-23 07:52:39,657 : INFO : ALTER TABLE training_raw_data_t ADD COLUMN
2024-04-23 07:52:39,661 : INFO : ALTER TABLE training_raw_data_t ADD COLUMN
2024-04-23 07:52:39,665 : INFO : ALTER TABLE training_raw_data_t ADD COLUMN
2024-04-23 07:52:39,670 : INFO : ALTER TABLE training_raw_data_t ADD COLUMN
2024-04-23 07:52:39,677 : INFO : ALTER TABLE training_raw_data_t ADD COLUMN
2024-04-23 07:52:39,681 : INFO : ALTER TABLE training_raw_data_t ADD COLUMN
2024-04-23 07:52:39,685 : INFO : ALTER TABLE training_raw_data_t ADD COLUMN
2024-04-23 07:52:39,689 : INFO : ALTER TABLE training_raw_data_t ADD COLUMN
2024-04-23 07:52:39,692 : INFO : ALTER TABLE training_raw_data_t ADD COLUMN
2024-04-23 07:52:39,692 : INFO : End of Creating Table...
2024-04-23 07:52:39,694 : INFO : Opened training database successfully
2024-04-23 07:52:39,694 : INFO : Start of Inserting Data into Table...
2024-04-23 07:53:46,447 : INFO : End of Inserting Data into Table...
2024-04-23 07:53:46,447 : INFO : Start of Exporting Data into CSV...
2024-04-23 07:53:46,447 : INFO : Opened training database successfully
2024-04-23 07:53:46,589 : INFO : End of Exporting Data into CSV...
2024-04-23 07:53:46,589 : INFO : Start of Moving Processed Files...
2024-04-23 07:53:46,599 : INFO : Moved the already processed file hr_employee_churn_data.csv
2024-04-23 07:53:46,599 : INFO : End of Moving Processed Files...
2024-04-23 07:53:46,599 : INFO : End of Data Load, validation and transformation
2024-04-23 07:53:46,599 : INFO : Start of Preprocessing...
2024-04-23 07:53:46,599 : INFO : Start of reading dataset...
2024-04-23 07:53:46,629 : INFO : End of reading dataset...
2024-04-23 07:53:46,629 : INFO : Start of Droping Columns...
2024-04-23 07:53:46,650 : INFO : End of Droping Columns...
2024-04-23 07:53:46,650 : INFO : Start of feature encoding...
2024-04-23 07:53:46,660 : INFO : End of feature encoding...
2024-04-23 07:53:46,660 : INFO : Start of Droping Columns...
2024-04-23 07:53:46,660 : INFO : End of Droping Columns...
2024-04-23 07:53:46,660 : INFO : Start of finding missing values...
2024-04-23 07:53:46,670 : INFO : End of finding missing values...
2024-04-23 07:53:46,670 : INFO : Start of imputing missing values...
2024-04-23 07:53:46,701 : INFO : End of imputing missing values...
2024-04-23 07:53:46,701 : INFO : Start of splitting features and label ...
2024-04-23 07:53:46,711 : INFO : End of splitting features and label ...
2024-04-23 07:53:46,711 : INFO : End of Preprocessing...
2024-04-23 07:53:46,711 : INFO : Start of elbow plotting...
2024-04-23 07:53:48,881 : INFO : The optimum number of clusters is: 3
2024-04-23 07:53:48,881 : INFO : End of elbow plotting...
2024-04-23 07:53:48,881 : INFO : Start of Create clusters...
2024-04-23 07:53:48,952 : INFO : Start of Save Models
2024-04-23 07:53:48,952 : INFO : Start of Save Models
2024-04-23 07:53:48,952 : INFO : Model File KMeans saved
2024-04-23 07:53:48,952 : INFO : Model File KMeans saved
2024-04-23 07:53:48,952 : INFO : End of Save Models
2024-04-23 07:53:48,952 : INFO : End of Save Models
2024-04-23 07:53:48,952 : INFO : succesfully created 3clusters.
2024-04-23 07:53:48,952 : INFO : End of Create clusters...
2024-04-23 07:53:48,964 : INFO : Start of finding best model...
2024-04-23 07:53:48,964 : INFO : Start of finding best params for XGBoost algo...
2024-04-23 07:54:22,656 : INFO : XGBoost best params: {'learning_rate': 0.5, 'max_depth': 5, 'n_estimators': 200}
2024-04-23 07:54:22,656 : INFO : End of finding best params for XGBoost algo...
2024-04-23 07:54:22,677 : INFO : AUC for XGBoost:0.9896320991157139
2024-04-23 07:54:22,677 : INFO : Start of finding best params for randomforest algo...
2024-04-23 07:54:35,783 : INFO : Random Forest best params: {'criterion': 'entropy', 'max_depth': 3, 'max_features': 'log2', 'n_estimators': 130}
2024-04-23 07:54:35,783 : INFO : End of finding best params for randomforest algo...
2024-04-23 07:54:35,793 : INFO : AUC for XGBoost:0.9704686243911667
2024-04-23 07:54:35,793 : INFO : End of finding best model...
2024-04-23 07:54:35,793 : INFO : Start of Save Models
2024-04-23 07:54:35,793 : INFO : Start of Save Models
2024-04-23 07:54:35,803 : INFO : Model File XGBoost0 saved
2024-04-23 07:54:35,803 : INFO : Model File XGBoost0 saved
2024-04-23 07:54:35,803 : INFO : End of Save Models
2024-04-23 07:54:35,803 : INFO : End of Save Models
2024-04-23 07:54:35,810 : INFO : Start of finding best model...
2024-04-23 07:54:35,810 : INFO : Start of finding best params for XGBoost algo...
2024-04-23 07:55:02,458 : INFO : XGBoost best params: {'learning_rate': 0.5, 'max_depth': 10, 'n_estimators': 50}
2024-04-23 07:55:02,458 : INFO : End of finding best params for XGBoost algo...
2024-04-23 07:55:02,459 : INFO : AUC for XGBoost:0.9926952272018302
2024-04-23 07:55:02,459 : INFO : Start of finding best params for randomforest algo...
2024-04-23 07:55:15,060 : INFO : Random Forest best params: {'criterion': 'gini', 'max_depth': 3, 'max_features': 'log2', 'n_estimators': 130}
2024-04-23 07:55:15,060 : INFO : End of finding best params for randomforest algo...
2024-04-23 07:55:15,070 : INFO : AUC for XGBoost:0.9677957436484004
2024-04-23 07:55:15,070 : INFO : End of finding best model...
2024-04-23 07:55:15,070 : INFO : Start of Save Models
2024-04-23 07:55:15,070 : INFO : Start of Save Models
2024-04-23 07:55:15,080 : INFO : Model File XGBoost1 saved
2024-04-23 07:55:15,080 : INFO : Model File XGBoost1 saved
2024-04-23 07:55:15,080 : INFO : End of Save Models
2024-04-23 07:55:15,080 : INFO : End of Save Models
2024-04-23 07:55:15,090 : INFO : Start of finding best model...
2024-04-23 07:55:15,090 : INFO : Start of finding best params for XGBoost algo...
2024-04-23 07:55:40,527 : INFO : XGBoost best params: {'learning_rate': 0.5, 'max_depth': 10, 'n_estimators': 50}
2024-04-23 07:55:40,527 : INFO : End of finding best params for XGBoost algo...
2024-04-23 07:55:40,527 : INFO : AUC for XGBoost:0.965684145998825
2024-04-23 07:55:40,527 : INFO : Start of finding best params for randomforest algo...
2024-04-23 07:55:53,278 : INFO : Random Forest best params: {'criterion': 'entropy', 'max_depth': 3, 'max_features': 'log2', 'n_estimators': 130}
2024-04-23 07:55:53,278 : INFO : End of finding best params for randomforest algo...
2024-04-23 07:55:53,288 : INFO : AUC for XGBoost:0.7966718602334549
2024-04-23 07:55:53,288 : INFO : End of finding best model...
2024-04-23 07:55:53,288 : INFO : Start of Save Models
2024-04-23 07:55:53,288 : INFO : Start of Save Models
2024-04-23 07:55:53,299 : INFO : Model File XGBoost2 saved
2024-04-23 07:55:53,299 : INFO : Model File XGBoost2 saved
2024-04-23 07:55:53,299 : INFO : End of Save Models
2024-04-23 07:55:53,299 : INFO : End of Save Models
2024-04-23 07:55:53,299 : INFO : End of Training
