2024-06-08 20:24:58,499 : INFO : Start of Training
2024-06-08 20:24:58,500 : INFO : Run_id:2024-06-08_202458_662367787
2024-06-08 20:24:58,500 : INFO : Start of Data Load, validation and transformation
2024-06-08 20:24:58,501 : INFO : Start of Archiving Old Rejected Files...
2024-06-08 20:24:58,503 : INFO : End of Archiving Old Rejected Files...
2024-06-08 20:24:58,503 : INFO : Start of Archiving Old Validated Files...
2024-06-08 20:24:58,507 : INFO : End of Archiving Old Validated Files...
2024-06-08 20:24:58,507 : INFO : Start of Archiving Old Processed Files...
2024-06-08 20:24:58,508 : INFO : End of Archiving Old Processed Files...
2024-06-08 20:24:58,508 : INFO : Start of Archiving Old Result Files...
2024-06-08 20:24:58,508 : INFO : End of Archiving Old Result Files...
2024-06-08 20:24:58,508 : INFO : Start of Reading values From Schema...
2024-06-08 20:24:58,695 : INFO : End of Reading values From Schema...
2024-06-08 20:24:58,695 : INFO : Start of Validating Column Length...
2024-06-08 20:24:58,771 : INFO : End of Validating Column Length...
2024-06-08 20:24:58,771 : INFO : Start of Validating Missing Values...
2024-06-08 20:24:58,790 : INFO : End of Validating Missing Values...
2024-06-08 20:24:58,791 : INFO : Start of Replacing Missing Values with NULL...
2024-06-08 20:24:59,252 : INFO : hr_employee_churn_data.csv: File Transformed successfully!!
2024-06-08 20:24:59,252 : INFO : End of Replacing Missing Values with NULL...
2024-06-08 20:24:59,253 : INFO : Start of Creating Table...
2024-06-08 20:24:59,257 : INFO : Opened training database successfully
2024-06-08 20:24:59,261 : INFO : Tables created successfully
2024-06-08 20:24:59,261 : INFO : Closed training database successfully
2024-06-08 20:24:59,261 : INFO : End of Creating Table...
2024-06-08 20:24:59,261 : INFO : Opened training database successfully
2024-06-08 20:24:59,261 : INFO : Start of Inserting Data into Table...
2024-06-08 20:25:57,022 : INFO : End of Inserting Data into Table...
2024-06-08 20:25:57,022 : INFO : Start of Exporting Data into CSV...
2024-06-08 20:25:57,024 : INFO : Opened training database successfully
2024-06-08 20:25:57,289 : INFO : End of Exporting Data into CSV...
2024-06-08 20:25:57,301 : INFO : Start of Moving Processed Files...
2024-06-08 20:25:57,302 : INFO : Moved the already processed file hr_employee_churn_data.csv
2024-06-08 20:25:57,303 : INFO : End of Moving Processed Files...
2024-06-08 20:25:57,303 : INFO : End of Data Load, validation and transformation
2024-06-08 20:25:57,303 : INFO : Start of Preprocessing...
2024-06-08 20:25:57,303 : INFO : Start of reading dataset...
2024-06-08 20:25:57,355 : INFO : End of reading dataset...
2024-06-08 20:25:57,355 : INFO : Start of Droping Columns...
2024-06-08 20:25:57,372 : INFO : End of Droping Columns...
2024-06-08 20:25:57,373 : INFO : Start of feature encoding...
2024-06-08 20:25:57,390 : INFO : End of feature encoding...
2024-06-08 20:25:57,392 : INFO : Start of Droping Columns...
2024-06-08 20:25:57,397 : INFO : End of Droping Columns...
2024-06-08 20:25:57,397 : INFO : Start of finding missing values...
2024-06-08 20:25:57,406 : INFO : End of finding missing values...
2024-06-08 20:25:57,406 : INFO : Start of imputing missing values...
2024-06-08 20:25:57,617 : INFO : End of imputing missing values...
2024-06-08 20:25:57,618 : INFO : Start of splitting features and label ...
2024-06-08 20:25:57,622 : INFO : End of splitting features and label ...
2024-06-08 20:25:57,622 : INFO : End of Preprocessing...
2024-06-08 20:25:57,624 : INFO : Start of elbow plotting...
2024-06-08 20:26:05,094 : INFO : The optimum number of clusters is: 3
2024-06-08 20:26:05,094 : INFO : End of elbow plotting...
2024-06-08 20:26:05,094 : INFO : Start of Create clusters...
2024-06-08 20:26:05,137 : INFO : Start of Save Models
2024-06-08 20:26:05,137 : INFO : Start of Save Models
2024-06-08 20:26:05,146 : INFO : Model File KMeans saved
2024-06-08 20:26:05,146 : INFO : Model File KMeans saved
2024-06-08 20:26:05,146 : INFO : End of Save Models
2024-06-08 20:26:05,146 : INFO : End of Save Models
2024-06-08 20:26:05,147 : INFO : succesfully created 3clusters.
2024-06-08 20:26:05,147 : INFO : End of Create clusters...
2024-06-08 20:26:05,168 : INFO : Start of finding best model...
2024-06-08 20:26:05,168 : INFO : Start of finding best params for XGBoost algo...
2024-06-08 20:26:50,070 : INFO : XGBoost best params: {'learning_rate': 0.5, 'max_depth': 5, 'n_estimators': 200}
2024-06-08 20:26:50,071 : INFO : End of finding best params for XGBoost algo...
2024-06-08 20:26:50,097 : INFO : AUC for XGBoost:1.0
2024-06-08 20:26:50,097 : INFO : Start of finding best params for randomforest algo...
2024-06-08 20:27:08,263 : INFO : Random Forest best params: {'criterion': 'entropy', 'max_depth': 3, 'max_features': 'log2', 'n_estimators': 130}
2024-06-08 20:27:08,263 : INFO : End of finding best params for randomforest algo...
2024-06-08 20:27:08,295 : INFO : AUC for Randomforest:0.962524767232906
2024-06-08 20:27:08,295 : INFO : End of finding best model...
2024-06-08 20:27:08,295 : INFO : Start of Save Models
2024-06-08 20:27:08,295 : INFO : Start of Save Models
2024-06-08 20:27:08,303 : INFO : Model File XGBoost1 saved
2024-06-08 20:27:08,303 : INFO : Model File XGBoost1 saved
2024-06-08 20:27:08,304 : INFO : End of Save Models
2024-06-08 20:27:08,304 : INFO : End of Save Models
2024-06-08 20:27:08,313 : INFO : Start of finding best model...
2024-06-08 20:27:08,313 : INFO : Start of finding best params for XGBoost algo...
2024-06-08 20:27:51,846 : INFO : XGBoost best params: {'learning_rate': 0.5, 'max_depth': 5, 'n_estimators': 200}
2024-06-08 20:27:51,846 : INFO : End of finding best params for XGBoost algo...
2024-06-08 20:27:51,860 : INFO : AUC for XGBoost:0.9984555984555985
2024-06-08 20:27:51,860 : INFO : Start of finding best params for randomforest algo...
2024-06-08 20:28:07,759 : INFO : Random Forest best params: {'criterion': 'entropy', 'max_depth': 3, 'max_features': 'log2', 'n_estimators': 130}
2024-06-08 20:28:07,759 : INFO : End of finding best params for randomforest algo...
2024-06-08 20:28:07,775 : INFO : AUC for Randomforest:0.9547669332493796
2024-06-08 20:28:07,776 : INFO : End of finding best model...
2024-06-08 20:28:07,776 : INFO : Start of Save Models
2024-06-08 20:28:07,776 : INFO : Start of Save Models
2024-06-08 20:28:07,782 : INFO : Model File XGBoost0 saved
2024-06-08 20:28:07,782 : INFO : Model File XGBoost0 saved
2024-06-08 20:28:07,782 : INFO : End of Save Models
2024-06-08 20:28:07,782 : INFO : End of Save Models
2024-06-08 20:28:07,790 : INFO : Start of finding best model...
2024-06-08 20:28:07,790 : INFO : Start of finding best params for XGBoost algo...
2024-06-08 20:28:42,169 : INFO : XGBoost best params: {'learning_rate': 0.5, 'max_depth': 5, 'n_estimators': 100}
2024-06-08 20:28:42,169 : INFO : End of finding best params for XGBoost algo...
2024-06-08 20:28:42,176 : INFO : AUC for XGBoost:1.0
2024-06-08 20:28:42,177 : INFO : Start of finding best params for randomforest algo...
2024-06-08 20:28:57,799 : INFO : Random Forest best params: {'criterion': 'entropy', 'max_depth': 3, 'max_features': 'log2', 'n_estimators': 130}
2024-06-08 20:28:57,799 : INFO : End of finding best params for randomforest algo...
2024-06-08 20:28:57,813 : INFO : AUC for Randomforest:0.8047192261257397
2024-06-08 20:28:57,813 : INFO : End of finding best model...
2024-06-08 20:28:57,814 : INFO : Start of Save Models
2024-06-08 20:28:57,814 : INFO : Start of Save Models
2024-06-08 20:28:57,818 : INFO : Model File XGBoost2 saved
2024-06-08 20:28:57,818 : INFO : Model File XGBoost2 saved
2024-06-08 20:28:57,818 : INFO : End of Save Models
2024-06-08 20:28:57,818 : INFO : End of Save Models
2024-06-08 20:28:57,818 : INFO : End of Training
