2024-06-09 09:19:29,022 : INFO : Start of Training
2024-06-09 09:19:29,022 : INFO : Run_id:2024-06-09_091929_478825717
2024-06-09 09:19:29,022 : INFO : Start of Data Load, validation and transformation
2024-06-09 09:19:29,022 : INFO : Start of Archiving Old Rejected Files...
2024-06-09 09:19:29,022 : INFO : End of Archiving Old Rejected Files...
2024-06-09 09:19:29,022 : INFO : Start of Archiving Old Validated Files...
2024-06-09 09:19:29,032 : INFO : End of Archiving Old Validated Files...
2024-06-09 09:19:29,032 : INFO : Start of Archiving Old Processed Files...
2024-06-09 09:19:29,032 : INFO : End of Archiving Old Processed Files...
2024-06-09 09:19:29,032 : INFO : Start of Archiving Old Result Files...
2024-06-09 09:19:29,032 : INFO : End of Archiving Old Result Files...
2024-06-09 09:19:29,032 : INFO : Start of Reading values From Schema...
2024-06-09 09:19:29,032 : INFO : End of Reading values From Schema...
2024-06-09 09:19:29,032 : INFO : Start of Validating Column Length...
2024-06-09 09:19:29,032 : INFO : End of Validating Column Length...
2024-06-09 09:19:29,032 : INFO : Start of Validating Missing Values...
2024-06-09 09:19:29,032 : INFO : End of Validating Missing Values...
2024-06-09 09:19:29,032 : INFO : Start of Replacing Missing Values with NULL...
2024-06-09 09:19:29,032 : INFO : End of Replacing Missing Values with NULL...
2024-06-09 09:19:29,042 : INFO : Start of Creating Table...
2024-06-09 09:19:29,042 : INFO : Opened training database successfully
2024-06-09 09:19:29,042 : INFO : Tables created successfully
2024-06-09 09:19:29,042 : INFO : Closed training database successfully
2024-06-09 09:19:29,042 : INFO : End of Creating Table...
2024-06-09 09:19:29,042 : INFO : Opened training database successfully
2024-06-09 09:19:29,042 : INFO : Start of Inserting Data into Table...
2024-06-09 09:19:29,042 : INFO : End of Inserting Data into Table...
2024-06-09 09:19:29,042 : INFO : Start of Exporting Data into CSV...
2024-06-09 09:19:29,042 : INFO : Opened training database successfully
2024-06-09 09:19:30,129 : INFO : End of Exporting Data into CSV...
2024-06-09 09:19:30,149 : INFO : Start of Moving Processed Files...
2024-06-09 09:19:30,149 : INFO : End of Moving Processed Files...
2024-06-09 09:19:30,149 : INFO : End of Data Load, validation and transformation
2024-06-09 09:19:30,149 : INFO : Start of Preprocessing...
2024-06-09 09:19:30,149 : INFO : Start of reading dataset...
2024-06-09 09:19:30,726 : INFO : End of reading dataset...
2024-06-09 09:19:30,726 : INFO : Start of Droping Columns...
2024-06-09 09:19:30,744 : INFO : End of Droping Columns...
2024-06-09 09:19:30,744 : INFO : Start of feature encoding...
2024-06-09 09:19:30,784 : INFO : End of feature encoding...
2024-06-09 09:19:30,784 : INFO : Start of Droping Columns...
2024-06-09 09:19:30,794 : INFO : End of Droping Columns...
2024-06-09 09:19:30,794 : INFO : Start of finding missing values...
2024-06-09 09:19:30,814 : INFO : End of finding missing values...
2024-06-09 09:19:30,814 : INFO : Start of imputing missing values...
2024-06-09 09:19:31,086 : INFO : End of imputing missing values...
2024-06-09 09:19:31,086 : INFO : Start of splitting features and label ...
2024-06-09 09:19:31,086 : INFO : End of splitting features and label ...
2024-06-09 09:19:31,086 : INFO : End of Preprocessing...
2024-06-09 09:19:31,096 : INFO : Start of elbow plotting...
2024-06-09 09:19:37,028 : INFO : The optimum number of clusters is: 3
2024-06-09 09:19:37,028 : INFO : End of elbow plotting...
2024-06-09 09:19:37,028 : INFO : Start of Create clusters...
2024-06-09 09:19:37,161 : INFO : Start of Save Models
2024-06-09 09:19:37,161 : INFO : Start of Save Models
2024-06-09 09:19:37,182 : INFO : Model File KMeans saved
2024-06-09 09:19:37,182 : INFO : Model File KMeans saved
2024-06-09 09:19:37,182 : INFO : End of Save Models
2024-06-09 09:19:37,182 : INFO : End of Save Models
2024-06-09 09:19:37,182 : INFO : succesfully created 3clusters.
2024-06-09 09:19:37,182 : INFO : End of Create clusters...
2024-06-09 09:19:37,212 : INFO : Start of finding best model...
2024-06-09 09:19:37,212 : INFO : Start of finding best params for XGBoost algo...
2024-06-09 09:21:10,256 : INFO : XGBoost best params: {'learning_rate': 0.5, 'max_depth': 20, 'n_estimators': 100}
2024-06-09 09:21:10,256 : INFO : End of finding best params for XGBoost algo...
2024-06-09 09:21:10,298 : INFO : AUC for XGBoost:1.0
2024-06-09 09:21:10,298 : INFO : Start of finding best params for randomforest algo...
2024-06-09 09:27:08,855 : INFO : Random Forest best params: {'criterion': 'gini', 'max_depth': 16, 'max_features': 'log2', 'n_estimators': 50}
2024-06-09 09:27:08,855 : INFO : End of finding best params for randomforest algo...
2024-06-09 09:27:08,924 : INFO : AUC for Randomforest:1.0
2024-06-09 09:27:08,924 : INFO : End of finding best model...
2024-06-09 09:27:08,924 : INFO : Start of Save Models
2024-06-09 09:27:08,924 : INFO : Start of Save Models
2024-06-09 09:27:08,934 : INFO : Model File RandomForest0 saved
2024-06-09 09:27:08,934 : INFO : Model File RandomForest0 saved
2024-06-09 09:27:08,934 : INFO : End of Save Models
2024-06-09 09:27:08,934 : INFO : End of Save Models
2024-06-09 09:27:08,955 : INFO : Start of finding best model...
2024-06-09 09:27:08,955 : INFO : Start of finding best params for XGBoost algo...
2024-06-09 09:29:00,668 : INFO : XGBoost best params: {'learning_rate': 0.5, 'max_depth': 5, 'n_estimators': 100}
2024-06-09 09:29:00,668 : INFO : End of finding best params for XGBoost algo...
2024-06-09 09:29:00,698 : INFO : AUC for XGBoost:1.0
2024-06-09 09:29:00,698 : INFO : Start of finding best params for randomforest algo...
2024-06-09 09:34:30,015 : INFO : Random Forest best params: {'criterion': 'gini', 'max_depth': 17, 'max_features': 'log2', 'n_estimators': 50}
2024-06-09 09:34:30,015 : INFO : End of finding best params for randomforest algo...
2024-06-09 09:34:30,076 : INFO : AUC for Randomforest:1.0
2024-06-09 09:34:30,076 : INFO : End of finding best model...
2024-06-09 09:34:30,076 : INFO : Start of Save Models
2024-06-09 09:34:30,076 : INFO : Start of Save Models
2024-06-09 09:34:30,088 : INFO : Model File RandomForest1 saved
2024-06-09 09:34:30,088 : INFO : Model File RandomForest1 saved
2024-06-09 09:34:30,088 : INFO : End of Save Models
2024-06-09 09:34:30,088 : INFO : End of Save Models
2024-06-09 09:34:30,105 : INFO : Start of finding best model...
2024-06-09 09:34:30,105 : INFO : Start of finding best params for XGBoost algo...
