2024-06-08 21:50:55,974 : INFO : Start of Training
2024-06-08 21:50:55,975 : INFO : Run_id:2024-06-08_215055_971813534
2024-06-08 21:50:55,975 : INFO : Start of Data Load, validation and transformation
2024-06-08 21:50:55,975 : INFO : Start of Archiving Old Rejected Files...
2024-06-08 21:50:55,975 : INFO : End of Archiving Old Rejected Files...
2024-06-08 21:50:55,975 : INFO : Start of Archiving Old Validated Files...
2024-06-08 21:50:55,978 : INFO : End of Archiving Old Validated Files...
2024-06-08 21:50:55,978 : INFO : Start of Archiving Old Processed Files...
2024-06-08 21:50:55,978 : INFO : End of Archiving Old Processed Files...
2024-06-08 21:50:55,978 : INFO : Start of Archiving Old Result Files...
2024-06-08 21:50:55,978 : INFO : End of Archiving Old Result Files...
2024-06-08 21:50:55,978 : INFO : Start of Reading values From Schema...
2024-06-08 21:50:55,979 : INFO : End of Reading values From Schema...
2024-06-08 21:50:55,979 : INFO : Start of Validating Column Length...
2024-06-08 21:50:56,009 : INFO : End of Validating Column Length...
2024-06-08 21:50:56,009 : INFO : Start of Validating Missing Values...
2024-06-08 21:50:56,030 : INFO : End of Validating Missing Values...
2024-06-08 21:50:56,031 : INFO : Start of Replacing Missing Values with NULL...
2024-06-08 21:50:56,094 : INFO : hr_employee_churn_data.csv: File Transformed successfully!!
2024-06-08 21:50:56,094 : INFO : End of Replacing Missing Values with NULL...
2024-06-08 21:50:56,094 : INFO : Start of Creating Table...
2024-06-08 21:50:56,095 : INFO : Opened training database successfully
2024-06-08 21:50:56,097 : INFO : Tables created successfully
2024-06-08 21:50:56,097 : INFO : Closed training database successfully
2024-06-08 21:50:56,097 : INFO : End of Creating Table...
2024-06-08 21:50:56,098 : INFO : Opened training database successfully
2024-06-08 21:50:56,099 : INFO : Start of Inserting Data into Table...
2024-06-08 21:51:53,103 : INFO : End of Inserting Data into Table...
2024-06-08 21:51:53,103 : INFO : Start of Exporting Data into CSV...
2024-06-08 21:51:53,105 : INFO : Opened training database successfully
2024-06-08 21:51:53,586 : INFO : End of Exporting Data into CSV...
2024-06-08 21:51:53,624 : INFO : Start of Moving Processed Files...
2024-06-08 21:51:53,626 : INFO : Moved the already processed file hr_employee_churn_data.csv
2024-06-08 21:51:53,627 : INFO : End of Moving Processed Files...
2024-06-08 21:51:53,627 : INFO : End of Data Load, validation and transformation
2024-06-08 21:51:53,627 : INFO : Start of Preprocessing...
2024-06-08 21:51:53,627 : INFO : Start of reading dataset...
2024-06-08 21:51:53,775 : INFO : End of reading dataset...
2024-06-08 21:51:53,775 : INFO : Start of Droping Columns...
2024-06-08 21:51:53,823 : INFO : End of Droping Columns...
2024-06-08 21:51:53,824 : INFO : Start of feature encoding...
2024-06-08 21:51:53,847 : INFO : End of feature encoding...
2024-06-08 21:51:53,852 : INFO : Start of Droping Columns...
2024-06-08 21:51:53,858 : INFO : End of Droping Columns...
2024-06-08 21:51:53,859 : INFO : Start of finding missing values...
2024-06-08 21:51:53,874 : INFO : End of finding missing values...
2024-06-08 21:51:53,876 : INFO : Start of imputing missing values...
2024-06-08 21:51:54,132 : INFO : End of imputing missing values...
2024-06-08 21:51:54,134 : INFO : Start of splitting features and label ...
2024-06-08 21:51:54,137 : INFO : End of splitting features and label ...
2024-06-08 21:51:54,137 : INFO : End of Preprocessing...
2024-06-08 21:51:54,147 : INFO : Start of elbow plotting...
2024-06-08 21:51:56,715 : INFO : The optimum number of clusters is: 3
2024-06-08 21:51:56,715 : INFO : End of elbow plotting...
2024-06-08 21:51:56,715 : INFO : Start of Create clusters...
2024-06-08 21:51:56,827 : INFO : Start of Save Models
2024-06-08 21:51:56,827 : INFO : Start of Save Models
2024-06-08 21:51:56,842 : INFO : Model File KMeans saved
2024-06-08 21:51:56,842 : INFO : Model File KMeans saved
2024-06-08 21:51:56,842 : INFO : End of Save Models
2024-06-08 21:51:56,842 : INFO : End of Save Models
2024-06-08 21:51:56,843 : INFO : succesfully created 3clusters.
2024-06-08 21:51:56,843 : INFO : End of Create clusters...
2024-06-08 21:51:56,864 : INFO : Start of finding best model...
2024-06-08 21:51:56,864 : INFO : Start of finding best params for XGBoost algo...
2024-06-08 21:52:43,916 : INFO : XGBoost best params: {'learning_rate': 0.5, 'max_depth': 20, 'n_estimators': 50}
2024-06-08 21:52:43,917 : INFO : End of finding best params for XGBoost algo...
2024-06-08 21:52:43,940 : INFO : AUC for XGBoost:1.0
2024-06-08 21:52:43,940 : INFO : Start of finding best params for randomforest algo...
2024-06-08 21:53:07,605 : INFO : Random Forest best params: {'criterion': 'entropy', 'max_depth': 3, 'max_features': 'log2', 'n_estimators': 130}
2024-06-08 21:53:07,605 : INFO : End of finding best params for randomforest algo...
2024-06-08 21:53:07,635 : INFO : AUC for Randomforest:0.9646627395934559
2024-06-08 21:53:07,635 : INFO : End of finding best model...
2024-06-08 21:53:07,635 : INFO : Start of Save Models
2024-06-08 21:53:07,635 : INFO : Start of Save Models
2024-06-08 21:53:07,641 : INFO : Model File XGBoost0 saved
2024-06-08 21:53:07,641 : INFO : Model File XGBoost0 saved
2024-06-08 21:53:07,641 : INFO : End of Save Models
2024-06-08 21:53:07,641 : INFO : End of Save Models
2024-06-08 21:53:07,651 : INFO : Start of finding best model...
2024-06-08 21:53:07,652 : INFO : Start of finding best params for XGBoost algo...
2024-06-08 21:53:48,468 : INFO : XGBoost best params: {'learning_rate': 0.5, 'max_depth': 5, 'n_estimators': 100}
2024-06-08 21:53:48,468 : INFO : End of finding best params for XGBoost algo...
2024-06-08 21:53:48,477 : INFO : AUC for XGBoost:1.0
2024-06-08 21:53:48,477 : INFO : Start of finding best params for randomforest algo...
2024-06-08 21:54:09,037 : INFO : Random Forest best params: {'criterion': 'gini', 'max_depth': 3, 'max_features': 'log2', 'n_estimators': 130}
2024-06-08 21:54:09,037 : INFO : End of finding best params for randomforest algo...
2024-06-08 21:54:09,054 : INFO : AUC for Randomforest:0.9534272020674887
2024-06-08 21:54:09,054 : INFO : End of finding best model...
2024-06-08 21:54:09,055 : INFO : Start of Save Models
2024-06-08 21:54:09,055 : INFO : Start of Save Models
2024-06-08 21:54:09,060 : INFO : Model File XGBoost1 saved
2024-06-08 21:54:09,060 : INFO : Model File XGBoost1 saved
2024-06-08 21:54:09,060 : INFO : End of Save Models
2024-06-08 21:54:09,060 : INFO : End of Save Models
2024-06-08 21:54:09,069 : INFO : Start of finding best model...
2024-06-08 21:54:09,069 : INFO : Start of finding best params for XGBoost algo...
2024-06-08 21:54:48,548 : INFO : XGBoost best params: {'learning_rate': 0.5, 'max_depth': 5, 'n_estimators': 100}
2024-06-08 21:54:48,548 : INFO : End of finding best params for XGBoost algo...
2024-06-08 21:54:48,558 : INFO : AUC for XGBoost:1.0
2024-06-08 21:54:48,558 : INFO : Start of finding best params for randomforest algo...
2024-06-08 21:55:08,040 : INFO : Random Forest best params: {'criterion': 'entropy', 'max_depth': 3, 'max_features': 'log2', 'n_estimators': 130}
2024-06-08 21:55:08,040 : INFO : End of finding best params for randomforest algo...
2024-06-08 21:55:08,064 : INFO : AUC for Randomforest:0.8220311531481743
2024-06-08 21:55:08,064 : INFO : End of finding best model...
2024-06-08 21:55:08,064 : INFO : Start of Save Models
2024-06-08 21:55:08,064 : INFO : Start of Save Models
2024-06-08 21:55:08,069 : INFO : Model File XGBoost2 saved
2024-06-08 21:55:08,069 : INFO : Model File XGBoost2 saved
2024-06-08 21:55:08,069 : INFO : End of Save Models
2024-06-08 21:55:08,069 : INFO : End of Save Models
2024-06-08 21:55:08,069 : INFO : End of Training
