2024-06-09 10:09:07,128 : INFO : Start of Training
2024-06-09 10:09:07,128 : INFO : Run_id:2024-06-09_100907_786721987
2024-06-09 10:09:07,128 : INFO : Start of Data Load, validation and transformation
2024-06-09 10:09:07,128 : INFO : Start of Archiving Old Rejected Files...
2024-06-09 10:09:07,128 : INFO : End of Archiving Old Rejected Files...
2024-06-09 10:09:07,128 : INFO : Start of Archiving Old Validated Files...
2024-06-09 10:09:07,138 : INFO : End of Archiving Old Validated Files...
2024-06-09 10:09:07,138 : INFO : Start of Archiving Old Processed Files...
2024-06-09 10:09:07,148 : INFO : End of Archiving Old Processed Files...
2024-06-09 10:09:07,148 : INFO : Start of Archiving Old Result Files...
2024-06-09 10:09:07,148 : INFO : End of Archiving Old Result Files...
2024-06-09 10:09:07,148 : INFO : Start of Reading values From Schema...
2024-06-09 10:09:07,148 : INFO : End of Reading values From Schema...
2024-06-09 10:09:07,148 : INFO : Start of Validating Column Length...
2024-06-09 10:09:07,204 : INFO : End of Validating Column Length...
2024-06-09 10:09:07,204 : INFO : Start of Validating Missing Values...
2024-06-09 10:09:07,242 : INFO : End of Validating Missing Values...
2024-06-09 10:09:07,252 : INFO : Start of Replacing Missing Values with NULL...
2024-06-09 10:09:07,453 : INFO : hr_employee_churn_data.csv: File Transformed successfully!!
2024-06-09 10:09:07,453 : INFO : End of Replacing Missing Values with NULL...
2024-06-09 10:09:07,461 : INFO : Start of Creating Table...
2024-06-09 10:09:07,471 : INFO : Opened training database successfully
2024-06-09 10:09:07,471 : INFO : Tables created successfully
2024-06-09 10:09:07,471 : INFO : Closed training database successfully
2024-06-09 10:09:07,471 : INFO : End of Creating Table...
2024-06-09 10:09:07,471 : INFO : Opened training database successfully
2024-06-09 10:09:07,471 : INFO : Start of Inserting Data into Table...
2024-06-09 10:10:31,395 : INFO : End of Inserting Data into Table...
2024-06-09 10:10:31,395 : INFO : Start of Exporting Data into CSV...
2024-06-09 10:10:31,395 : INFO : Opened training database successfully
2024-06-09 10:10:32,061 : INFO : End of Exporting Data into CSV...
2024-06-09 10:10:32,071 : INFO : Start of Moving Processed Files...
2024-06-09 10:10:32,081 : INFO : Moved the already processed file hr_employee_churn_data.csv
2024-06-09 10:10:32,081 : INFO : End of Moving Processed Files...
2024-06-09 10:10:32,081 : INFO : End of Data Load, validation and transformation
2024-06-09 10:10:32,081 : INFO : Start of Preprocessing...
2024-06-09 10:10:32,081 : INFO : Start of reading dataset...
2024-06-09 10:10:32,252 : INFO : End of reading dataset...
2024-06-09 10:10:32,252 : INFO : Start of Droping Columns...
2024-06-09 10:10:32,272 : INFO : End of Droping Columns...
2024-06-09 10:10:32,272 : INFO : Start of feature encoding...
2024-06-09 10:10:32,292 : INFO : End of feature encoding...
2024-06-09 10:10:32,302 : INFO : Start of Droping Columns...
2024-06-09 10:10:32,312 : INFO : End of Droping Columns...
2024-06-09 10:10:32,312 : INFO : Start of finding missing values...
2024-06-09 10:10:32,332 : INFO : End of finding missing values...
2024-06-09 10:10:32,332 : INFO : Start of imputing missing values...
2024-06-09 10:10:32,638 : INFO : End of imputing missing values...
2024-06-09 10:10:32,649 : INFO : Start of splitting features and label ...
2024-06-09 10:10:32,649 : INFO : End of splitting features and label ...
2024-06-09 10:10:32,649 : INFO : End of Preprocessing...
2024-06-09 10:10:33,591 : INFO : Start of elbow plotting...
2024-06-09 10:10:40,279 : INFO : The optimum number of clusters is: 3
2024-06-09 10:10:40,279 : INFO : End of elbow plotting...
2024-06-09 10:10:40,279 : INFO : Start of Create clusters...
2024-06-09 10:10:40,370 : INFO : Start of Save Models
2024-06-09 10:10:40,370 : INFO : Start of Save Models
2024-06-09 10:10:40,383 : INFO : Model File KMeans saved
2024-06-09 10:10:40,383 : INFO : Model File KMeans saved
2024-06-09 10:10:40,383 : INFO : End of Save Models
2024-06-09 10:10:40,383 : INFO : End of Save Models
2024-06-09 10:10:40,383 : INFO : succesfully created 3clusters.
2024-06-09 10:10:40,383 : INFO : End of Create clusters...
2024-06-09 10:10:40,410 : INFO : Start of finding best model...
2024-06-09 10:10:40,410 : INFO : Start of finding best params for XGBoost algo...
2024-06-09 10:11:40,304 : INFO : XGBoost best params: {'learning_rate': 0.5, 'max_depth': 5, 'n_estimators': 100}
2024-06-09 10:11:40,304 : INFO : End of finding best params for XGBoost algo...
2024-06-09 10:11:40,330 : INFO : AUC for XGBoost:1.0
2024-06-09 10:11:40,330 : INFO : Start of finding best params for randomforest algo...
2024-06-09 10:12:08,892 : INFO : Random Forest best params: {'criterion': 'entropy', 'max_depth': 3, 'max_features': 'log2', 'n_estimators': 130}
2024-06-09 10:12:08,892 : INFO : End of finding best params for randomforest algo...
2024-06-09 10:12:08,933 : INFO : AUC for XGBoost:0.9587059193701285
2024-06-09 10:12:08,933 : INFO : End of finding best model...
2024-06-09 10:12:08,933 : INFO : Start of Save Models
2024-06-09 10:12:08,933 : INFO : Start of Save Models
2024-06-09 10:12:08,939 : INFO : Model File XGBoost0 saved
2024-06-09 10:12:08,939 : INFO : Model File XGBoost0 saved
2024-06-09 10:12:08,939 : INFO : End of Save Models
2024-06-09 10:12:08,939 : INFO : End of Save Models
2024-06-09 10:12:08,951 : INFO : Start of finding best model...
2024-06-09 10:12:08,951 : INFO : Start of finding best params for XGBoost algo...
2024-06-09 10:13:02,496 : INFO : XGBoost best params: {'learning_rate': 0.5, 'max_depth': 5, 'n_estimators': 200}
2024-06-09 10:13:02,496 : INFO : End of finding best params for XGBoost algo...
2024-06-09 10:13:02,509 : INFO : AUC for XGBoost:1.0
2024-06-09 10:13:02,509 : INFO : Start of finding best params for randomforest algo...
2024-06-09 10:13:30,811 : INFO : Random Forest best params: {'criterion': 'entropy', 'max_depth': 3, 'max_features': 'log2', 'n_estimators': 130}
2024-06-09 10:13:30,812 : INFO : End of finding best params for randomforest algo...
2024-06-09 10:13:30,832 : INFO : AUC for XGBoost:0.9578584705946822
2024-06-09 10:13:30,833 : INFO : End of finding best model...
2024-06-09 10:13:30,833 : INFO : Start of Save Models
2024-06-09 10:13:30,833 : INFO : Start of Save Models
2024-06-09 10:13:30,839 : INFO : Model File XGBoost1 saved
2024-06-09 10:13:30,839 : INFO : Model File XGBoost1 saved
2024-06-09 10:13:30,840 : INFO : End of Save Models
2024-06-09 10:13:30,840 : INFO : End of Save Models
2024-06-09 10:13:30,849 : INFO : Start of finding best model...
2024-06-09 10:13:30,849 : INFO : Start of finding best params for XGBoost algo...
2024-06-09 10:14:19,441 : INFO : XGBoost best params: {'learning_rate': 0.5, 'max_depth': 3, 'n_estimators': 200}
2024-06-09 10:14:19,442 : INFO : End of finding best params for XGBoost algo...
2024-06-09 10:14:19,451 : INFO : AUC for XGBoost:1.0
2024-06-09 10:14:19,451 : INFO : Start of finding best params for randomforest algo...
2024-06-09 10:14:43,874 : INFO : Random Forest best params: {'criterion': 'entropy', 'max_depth': 3, 'max_features': 'log2', 'n_estimators': 100}
2024-06-09 10:14:43,874 : INFO : End of finding best params for randomforest algo...
2024-06-09 10:14:43,893 : INFO : AUC for XGBoost:0.8428794751019821
2024-06-09 10:14:43,893 : INFO : End of finding best model...
2024-06-09 10:14:43,894 : INFO : Start of Save Models
2024-06-09 10:14:43,894 : INFO : Start of Save Models
2024-06-09 10:14:43,900 : INFO : Model File XGBoost2 saved
2024-06-09 10:14:43,900 : INFO : Model File XGBoost2 saved
2024-06-09 10:14:43,902 : INFO : End of Save Models
2024-06-09 10:14:43,902 : INFO : End of Save Models
2024-06-09 10:14:43,902 : INFO : End of Training
